Logging started at 2025-05-02 15:00:44.258598. Log file: logs\monday_upload_20250502_150044.log
Created item 1402: Landscape Design- Lumpkin Street School, Response: {'data': {'create_item': {'id': '9058598858'}}}
Upload complete for Landscape Design- Lumpkin Street School: 1 files uploaded
Created item 1403: Landscape Design: Azalea Park, Cairo, Response: {'data': {'create_item': {'id': '9058599793'}}}
Upload complete for Landscape Design: Azalea Park, Cairo: 4 files uploaded
Created item 1404: Landscape Design: Gateways at City Limits, Response: {'data': {'create_item': {'id': '9058600955'}}}
Upload complete for Landscape Design: Gateways at City Limits: 1 files uploaded
Created item 1405: Landscape Design: Roddenbery Memorial Library, Response: {'data': {'create_item': {'id': '9058601187'}}}
Upload complete for Landscape Design: Roddenbery Memorial Library: 1 files uploaded
Created item 1406: Landscape Designs for Medians, Response: {'data': {'create_item': {'id': '9058601405'}}}
No deliverable files to upload for project: Landscape Designs for Medians
Created item 1407: Landscape Entrance for Walking Path in Morrow, Response: {'data': {'create_item': {'id': '9058601464'}}}
No deliverable files to upload for project: Landscape Entrance for Walking Path in Morrow
Created item 1408: Landscape Improvements at UGA CAES Building at Sunbelt Expo (cancelled), Response: {'data': {'create_item': {'id': '9058601520'}}}
No deliverable files to upload for project: Landscape Improvements at UGA CAES Building at Sunbelt Expo (cancelled)
Created item 1409: Landscape Park Design for the Forest Park Parks and Rec Dept Master Plan, Response: {'data': {'create_item': {'id': '9058601584'}}}
Upload complete for Landscape Park Design for the Forest Park Parks and Rec Dept Master Plan: 4 files uploaded
Created item 1410: Landscape Project for City Administration Building/City Hall, Response: {'data': {'create_item': {'id': '9058604381'}}}
Upload complete for Landscape Project for City Administration Building/City Hall: 5 files uploaded
Created item 1411: Landscape redesign for potential-business property, Response: {'data': {'create_item': {'id': '9058608565'}}}
No deliverable files to upload for project: Landscape redesign for potential-business property
Created item 1412: Law Enforcement Study, Response: {'data': {'create_item': {'id': '9058608780'}}}
No deliverable files to upload for project: Law Enforcement Study
Created item 1413: Lead Generation Software Evaluation, Response: {'data': {'create_item': {'id': '9058608979'}}}
Upload complete for Lead Generation Software Evaluation: 1 files uploaded
Created item 1414: Leadership Candler, Response: {'data': {'create_item': {'id': '9058609528'}}}
Upload complete for Leadership Candler: 3 files uploaded
Created item 1415: Leadership Development Curriculum, Response: {'data': {'create_item': {'id': '9058611638'}}}
No deliverable files to upload for project: Leadership Development Curriculum
Created item 1416: Leadership Development Program, Response: {'data': {'create_item': {'id': '9058611943'}}}
Upload complete for Leadership Development Program: 6 files uploaded
Created item 1417: Leadership Development Task Force - Train the Trainer/CLI Curriculum, Response: {'data': {'create_item': {'id': '9058614240'}}}
No deliverable files to upload for project: Leadership Development Task Force - Train the Trainer/CLI Curriculum
Created item 1418: Leadership Griffin-Spalding, Response: {'data': {'create_item': {'id': '9058614484'}}}
No deliverable files to upload for project: Leadership Griffin-Spalding
Created item 1419: Leadership Hart Adult Train-the-Trainer Request, Response: {'data': {'create_item': {'id': '9058614755'}}}
No deliverable files to upload for project: Leadership Hart Adult Train-the-Trainer Request
Created item 1420: Leadership Hart Programs, Response: {'data': {'create_item': {'id': '9058615023'}}}
Upload complete for Leadership Hart Programs: 1 files uploaded
Created item 1421: Leadership Hart: Informational Brochure, Response: {'data': {'create_item': {'id': '9058615791'}}}
Upload complete for Leadership Hart: Informational Brochure: 1 files uploaded
Created item 1422: Leadership In Action: Supporting Rural Students on their Pathways to Postsecondary Education, Response: {'data': {'create_item': {'id': '9058617594'}}}
Upload complete for Leadership In Action: Supporting Rural Students on their Pathways to Postsecondary Education: 1 files uploaded
Created item 1423: Leadership Legends Logo Copyright Research, Response: {'data': {'create_item': {'id': '9058618128'}}}
Upload complete for Leadership Legends Logo Copyright Research: 1 files uploaded
Created item 1424: Leadership Legends Media Promotion, Response: {'data': {'create_item': {'id': '9058618718'}}}
Upload complete for Leadership Legends Media Promotion: 1 files uploaded
Created item 1425: Leadership Legends Program Evaluation, Response: {'data': {'create_item': {'id': '9058619079'}}}
No deliverable files to upload for project: Leadership Legends Program Evaluation
Created item 1426: Leadership Legends Promotion, Response: {'data': {'create_item': {'id': '9058619212'}}}
Upload complete for Leadership Legends Promotion: 1 files uploaded
Created item 1427: Leadership Legends: Informative Materials, Response: {'data': {'create_item': {'id': '9058619632'}}}
Upload complete for Leadership Legends: Informative Materials: 2 files uploaded
Created item 1428: Leadership McDuffie 2019, Response: {'data': {'create_item': {'id': '9058620086'}}}
Upload complete for Leadership McDuffie 2019: 2 files uploaded
Created item 1429: Leadership McDuffie 2021-2022, Response: {'data': {'create_item': {'id': '9058620484'}}}
No deliverable files to upload for project: Leadership McDuffie 2021-2022
Created item 1430: Leadership McDuffie Fundraising and Marketing Plan, Response: {'data': {'create_item': {'id': '9058620674'}}}
Upload complete for Leadership McDuffie Fundraising and Marketing Plan: 1 files uploaded
Created item 1431: Leadership McDuffie Planning Retreat, Response: {'data': {'create_item': {'id': '9058621000'}}}
Upload complete for Leadership McDuffie Planning Retreat: 2 files uploaded
Created item 1432: LED Sign Design, Response: {'data': {'create_item': {'id': '9058621368'}}}
Upload complete for LED Sign Design: 1 files uploaded
Created item 1433: Lee Street and Sports Complex Walking path, Response: {'data': {'create_item': {'id': '9058621615'}}}
No deliverable files to upload for project: Lee Street and Sports Complex Walking path
Created item 1434: Lee Street Park Relocation, Response: {'data': {'create_item': {'id': '9058621681'}}}
Upload complete for Lee Street Park Relocation: 2 files uploaded
Created item 1435: Lenny's Farmers Market Redesign, Response: {'data': {'create_item': {'id': '9058622592'}}}
Upload complete for Lenny's Farmers Market Redesign: 3 files uploaded
Created item 1436: Library Technology Center, Response: {'data': {'create_item': {'id': '9058625031'}}}
Upload complete for Library Technology Center: 5 files uploaded
Created item 1437: LIFE League 2015, Response: {'data': {'create_item': {'id': '9058625734'}}}
No deliverable files to upload for project: LIFE League 2015
Created item 1438: LIFE League 2016, Response: {'data': {'create_item': {'id': '9058625829'}}}
Upload complete for LIFE League 2016: 2 files uploaded
Created item 1439: LIFE League 2018, Response: {'data': {'create_item': {'id': '9058626202'}}}
No deliverable files to upload for project: LIFE League 2018
Created item 1440: LIFE League Campus Visit, Response: {'data': {'create_item': {'id': '9058626288'}}}
Upload complete for LIFE League Campus Visit: 4 files uploaded
Created item 1441: LIFE League Campus Visit, Response: {'data': {'create_item': {'id': '9058626728'}}}
No deliverable files to upload for project: LIFE League Campus Visit
Created item 1442: LIFE League Google Analytics, Response: {'data': {'create_item': {'id': '9058626801'}}}
No deliverable files to upload for project: LIFE League Google Analytics
Created item 1443: LIFE League Save the Date, Invitation, Program, and GPA form, Response: {'data': {'create_item': {'id': '9058626936'}}}
Upload complete for LIFE League Save the Date, Invitation, Program, and GPA form: 4 files uploaded
Created item 1444: Light Manufacturing Survey Analysis, Response: {'data': {'create_item': {'id': '9058627773'}}}
No deliverable files to upload for project: Light Manufacturing Survey Analysis
Created item 1445: Linear Park Design, Response: {'data': {'create_item': {'id': '9058627849'}}}
Upload complete for Linear Park Design: 1 files uploaded
Created item 1446: Linton Park Design 2020, Response: {'data': {'create_item': {'id': '9058628192'}}}
Upload complete for Linton Park Design 2020: 1 files uploaded
Created item 1447: Linton Park Design Budget Project, Response: {'data': {'create_item': {'id': '9058629114'}}}
No deliverable files to upload for project: Linton Park Design Budget Project
Created item 1448: Linton Park PR Campaign, Response: {'data': {'create_item': {'id': '9058629183'}}}
Upload complete for Linton Park PR Campaign: 1 files uploaded
Created item 1449: Listening Session, Response: {'data': {'create_item': {'id': '9058629604'}}}
Upload complete for Listening Session: 39 files uploaded
Created item 1450: Listening Session Flyer, Response: {'data': {'create_item': {'id': '9058648165'}}}
Upload complete for Listening Session Flyer: 1 files uploaded
Created item 1451: Literacy Database, Response: {'data': {'create_item': {'id': '9058648698'}}}
Upload complete for Literacy Database: 8 files uploaded
Created item 1452: Literacy Guide, Response: {'data': {'create_item': {'id': '9058651659'}}}
No deliverable files to upload for project: Literacy Guide
Created item 1453: Literacy Guide - Recreation, Response: {'data': {'create_item': {'id': '9058651768'}}}
No deliverable files to upload for project: Literacy Guide - Recreation
Created item 1454: Literacy Guides, Response: {'data': {'create_item': {'id': '9058651931'}}}
Upload complete for Literacy Guides: 2 files uploaded
Created item 1455: Literacy Messaging, Response: {'data': {'create_item': {'id': '9058652535'}}}
Upload complete for Literacy Messaging: 3 files uploaded
Created item 1456: Literature Review: Summer Learning Gap, Response: {'data': {'create_item': {'id': '9058653428'}}}
Upload complete for Literature Review: Summer Learning Gap: 2 files uploaded
Created item 1457: Little Japan Mural, Response: {'data': {'create_item': {'id': '9058654178'}}}
Upload complete for Little Japan Mural: 6 files uploaded
Created item 1458: Little River Trails Charrette, Response: {'data': {'create_item': {'id': '9058657477'}}}
Upload complete for Little River Trails Charrette: 3 files uploaded
Created item 1459: Little River Water Trail Boat Landing, Response: {'data': {'create_item': {'id': '9058658593'}}}
Upload complete for Little River Water Trail Boat Landing: 9 files uploaded
Created item 1460: Little River Water Trail Boat Ramp- Access Point 2 Engineering, Response: {'data': {'create_item': {'id': '9058660794'}}}
Upload complete for Little River Water Trail Boat Ramp- Access Point 2 Engineering: 6 files uploaded
Created item 1461: Little River Water Trail Educational Sign Concepts/Marketing Materials, Response: {'data': {'create_item': {'id': '9058663866'}}}
Upload complete for Little River Water Trail Educational Sign Concepts/Marketing Materials: 4 files uploaded
Created item 1462: Little River Water Trail Science Curriculum, Response: {'data': {'create_item': {'id': '9058665961'}}}
Upload complete for Little River Water Trail Science Curriculum: 6 files uploaded
Created item 1463: Local Resource Guide, Response: {'data': {'create_item': {'id': '9058666971'}}}
Upload complete for Local Resource Guide: 15 files uploaded
Created item 1464: Lock, Stock and Barrell - event coordination and logo design, Response: {'data': {'create_item': {'id': '9058668961'}}}
Upload complete for Lock, Stock and Barrell - event coordination and logo design: 1 files uploaded
Created item 1465: Logo & slogan creation for Healthy Colquitt Coalition, Response: {'data': {'create_item': {'id': '9058669186'}}}
No deliverable files to upload for project: Logo & slogan creation for Healthy Colquitt Coalition
Created item 1466: Logo & slogan creation for local shopping campaign, Shop Moultrie, Response: {'data': {'create_item': {'id': '9058669330'}}}
Upload complete for Logo & slogan creation for local shopping campaign, Shop Moultrie: 3 files uploaded
Created item 1467: Logo and Letterhead Development for Sumter County PDA, Response: {'data': {'create_item': {'id': '9058669795'}}}
Upload complete for Logo and Letterhead Development for Sumter County PDA: 1 files uploaded
Created item 1468: Logo Design, Response: {'data': {'create_item': {'id': '9058670178'}}}
No deliverable files to upload for project: Logo Design
Created item 1469: Logo Design for BOC, Response: {'data': {'create_item': {'id': '9058670366'}}}
No deliverable files to upload for project: Logo Design for BOC
Created item 1470: Logo Design for Brunswick Housing Authority, Response: {'data': {'create_item': {'id': '9058670528'}}}
No deliverable files to upload for project: Logo Design for Brunswick Housing Authority
Created item 1471: Logo Design for City of Sandersville Wellness Program, Response: {'data': {'create_item': {'id': '9058670661'}}}
Upload complete for Logo Design for City of Sandersville Wellness Program: 3 files uploaded
Created item 1472: Logo design for Extension, Response: {'data': {'create_item': {'id': '9058671918'}}}
Upload complete for Logo design for Extension: 2 files uploaded
Created item 1473: Logo Design for Habersham Bicentennial, Response: {'data': {'create_item': {'id': '9058672252'}}}
Upload complete for Logo Design for Habersham Bicentennial: 1 files uploaded
Created item 1474: Logo Design for new Dalton-Whitfield Archway structure, Response: {'data': {'create_item': {'id': '9058672613'}}}
No deliverable files to upload for project: Logo Design for new Dalton-Whitfield Archway structure
Created item 1475: Logo design for new 'Chamber of Commerce & Development Authority', Response: {'data': {'create_item': {'id': '9058672724'}}}
Upload complete for Logo design for new 'Chamber of Commerce & Development Authority': 2 files uploaded
Created item 1476: Logo design for Sherman's Trail Yard Sale, Response: {'data': {'create_item': {'id': '9058673636'}}}
Upload complete for Logo design for Sherman's Trail Yard Sale: 1 files uploaded
Created item 1477: Logo Design: Fall Festival for Lovejoy, Response: {'data': {'create_item': {'id': '9058674339'}}}
Upload complete for Logo Design: Fall Festival for Lovejoy: 2 files uploaded
Created item 1478: Logo Development, Response: {'data': {'create_item': {'id': '9058675543'}}}
Upload complete for Logo Development: 1 files uploaded
Created item 1479: Logo for Altama Community Tranformation District, Response: {'data': {'create_item': {'id': '9058676332'}}}
Upload complete for Logo for Altama Community Tranformation District: 5 files uploaded
Created item 1480: Logo for Branding HCCA Industry Signings, Response: {'data': {'create_item': {'id': '9058678446'}}}
Upload complete for Logo for Branding HCCA Industry Signings: 5 files uploaded
Created item 1481: Logo for Chamber of Commerce, Response: {'data': {'create_item': {'id': '9058681076'}}}
Upload complete for Logo for Chamber of Commerce: 1 files uploaded
Created item 1482: Logo for Coastal Georgia EB-5 Regional Center, Response: {'data': {'create_item': {'id': '9058681847'}}}
Upload complete for Logo for Coastal Georgia EB-5 Regional Center: 2 files uploaded
Created item 1483: Logo/Branding for Moultrie-Colquitt Co. Alumni Scholarship, Response: {'data': {'create_item': {'id': '9058682870'}}}
Upload complete for Logo/Branding for Moultrie-Colquitt Co. Alumni Scholarship: 4 files uploaded
Created item 1484: Long-term Plan for Hart County Recreation Department (Became H-82), Response: {'data': {'create_item': {'id': '9058685327'}}}
Upload complete for Long-term Plan for Hart County Recreation Department (Became H-82): 1 files uploaded
Created item 1485: Low Birth Weight Baby booklet, Response: {'data': {'create_item': {'id': '9058764113'}}}
Upload complete for Low Birth Weight Baby booklet: 1 files uploaded
Created item 1486: Lumpkin School Preliminary Eligibility, Response: {'data': {'create_item': {'id': '9058764275'}}}
Upload complete for Lumpkin School Preliminary Eligibility: 14 files uploaded
Created item 1487: Lumpkin Street School Grant Writing, Response: {'data': {'create_item': {'id': '9058768077'}}}
Upload complete for Lumpkin Street School Grant Writing: 5 files uploaded
Created item 1488: Lumpkin Street School Historical Marker, Response: {'data': {'create_item': {'id': '9058769246'}}}
No deliverable files to upload for project: Lumpkin Street School Historical Marker
Created item 1489: Lumpkin Street School History, Response: {'data': {'create_item': {'id': '9058769347'}}}
Upload complete for Lumpkin Street School History: 7 files uploaded
Created item 1490: Lumpkin Street School Photos, Response: {'data': {'create_item': {'id': '9058770570'}}}
No deliverable files to upload for project: Lumpkin Street School Photos
Created item 1491: Lumpkin Street School Preservation, Response: {'data': {'create_item': {'id': '9058770664'}}}
Upload complete for Lumpkin Street School Preservation: 1 files uploaded
Created item 1492: MAC on Main Sustainability Plan, Response: {'data': {'create_item': {'id': '9058770921'}}}
Upload complete for MAC on Main Sustainability Plan: 4 files uploaded
Created item 1493: Making Proud Choices, Response: {'data': {'create_item': {'id': '9058771928'}}}
No deliverable files to upload for project: Making Proud Choices
Created item 1494: Making Proud Choices Project 1, Response: {'data': {'create_item': {'id': '9058772246'}}}
No deliverable files to upload for project: Making Proud Choices Project 1
Created item 1495: Making the Shade Grant Landscape Design, Response: {'data': {'create_item': {'id': '9058772399'}}}
Upload complete for Making the Shade Grant Landscape Design: 1 files uploaded
Created item 1496: Manna Facade Renderings, Response: {'data': {'create_item': {'id': '9058773364'}}}
No deliverable files to upload for project: Manna Facade Renderings
Created item 1497: Mapping of Water and Wastewater Infrastructure, Response: {'data': {'create_item': {'id': '9058773415'}}}
Upload complete for Mapping of Water and Wastewater Infrastructure: 5 files uploaded
Created item 1498: Market Analysis for United Pulaski (in partnership with HERTY), Response: {'data': {'create_item': {'id': '9058774800'}}}
No deliverable files to upload for project: Market Analysis for United Pulaski (in partnership with HERTY)
Created item 1499: Market Street Design, Response: {'data': {'create_item': {'id': '9058774876'}}}
Upload complete for Market Street Design: 2 files uploaded
Created item 1500: Marketing Assistance: Branding, Marketing plan for City of Tennille, Response: {'data': {'create_item': {'id': '9058775268'}}}
No deliverable files to upload for project: Marketing Assistance: Branding, Marketing plan for City of Tennille
Created item 1501: Marketing Brochure for Visitors and Business Recruitment, Response: {'data': {'create_item': {'id': '9058775475'}}}
Upload complete for Marketing Brochure for Visitors and Business Recruitment: 1 files uploaded