Logging started at 2025-04-29 12:46:38.987331. Log file: logs\monday_upload_20250429_124638.log
Created item 1002: Griffin-Spalding Aquatics Center Complex, Response: {'data': {'create_item': {'id': '9031571851'}}}
Upload complete for Griffin-Spalding Aquatics Center Complex: 2 files uploaded
Created item 1003: Griffin-Spalding Archway Listening Sessions, Response: {'data': {'create_item': {'id': '9031572924'}}}
Upload complete for Griffin-Spalding Archway Listening Sessions: 2 files uploaded
Created item 1004: Griffin-Spalding County School System Banner Project, Response: {'data': {'create_item': {'id': '9031573657'}}}
Upload complete for Griffin-Spalding County School System Banner Project: 1 files uploaded
Created item 1005: Griffin-Spalding Development Authority Advertisement Flyer, Response: {'data': {'create_item': {'id': '9031574048'}}}
Upload complete for Griffin-Spalding Development Authority Advertisement Flyer: 1 files uploaded
Created item 1006: GriffinNow Steering Committee, Response: {'data': {'create_item': {'id': '9031574359'}}}
No deliverable files to upload for project: GriffinNow Steering Committee
Created item 1007: GRMSP - Grant research and writing & Follow-up, Response: {'data': {'create_item': {'id': '9031574476'}}}
No deliverable files to upload for project: GRMSP - Grant research and writing & Follow-up
Created item 1008: Growing Hartwell Together, Response: {'data': {'create_item': {'id': '9031574581'}}}
Upload complete for Growing Hartwell Together: 14 files uploaded
Created item 1009: Growth Task Force - Landscape Design, Response: {'data': {'create_item': {'id': '9031587784'}}}
No deliverable files to upload for project: Growth Task Force - Landscape Design
Created item 1010: GS School System Outdoor Classroom Design, Response: {'data': {'create_item': {'id': '9031587975'}}}
Upload complete for GS School System Outdoor Classroom Design: 1 files uploaded
Created item 1011: GSDA Logo Design, Response: {'data': {'create_item': {'id': '9031588342'}}}
Upload complete for GSDA Logo Design: 3 files uploaded
Created item 1012: GSDA Marketing Campaign (Phase I), Response: {'data': {'create_item': {'id': '9031589245'}}}
Upload complete for GSDA Marketing Campaign (Phase I): 1 files uploaded
Created item 1013: GSW & SGTC Board Training, Response: {'data': {'create_item': {'id': '9031589856'}}}
No deliverable files to upload for project: GSW & SGTC Board Training
Created item 1014: GSW New Lake Pavilion Design/Layout, Response: {'data': {'create_item': {'id': '9031589957'}}}
Upload complete for GSW New Lake Pavilion Design/Layout: 1 files uploaded
Created item 1015: GSW Southwest Georgia Demographic, Economic, and Institutional Trends, Response: {'data': {'create_item': {'id': '9031590321'}}}
Upload complete for GSW Southwest Georgia Demographic, Economic, and Institutional Trends: 1 files uploaded
Created item 1016: Gymnasium Design, Response: {'data': {'create_item': {'id': '9031590562'}}}
No deliverable files to upload for project: Gymnasium Design
Created item 1017: H&V Gnat Mitigation, Response: {'data': {'create_item': {'id': '9031590667'}}}
Upload complete for H&V Gnat Mitigation: 1 files uploaded
Created item 1018: Habersham Airport FBO Landscape Project, Response: {'data': {'create_item': {'id': '9031590972'}}}
Upload complete for Habersham Airport FBO Landscape Project: 18 files uploaded
Created item 1019: Habersham County Agri-Science Building Project, Response: {'data': {'create_item': {'id': '9031601002'}}}
No deliverable files to upload for project: Habersham County Agri-Science Building Project
Created item 1020: Habersham County Recycling Media Kit, Response: {'data': {'create_item': {'id': '9031601230'}}}
Upload complete for Habersham County Recycling Media Kit: 1 files uploaded
Created item 1021: Habersham County Website Design Recommendations, Response: {'data': {'create_item': {'id': '9031602111'}}}
Upload complete for Habersham County Website Design Recommendations: 1 files uploaded
Created item 1022: Habersham Countywide Water Study, Response: {'data': {'create_item': {'id': '9031603320'}}}
Upload complete for Habersham Countywide Water Study: 7 files uploaded
Created item 1023: Habersham Economic Development Organization Project, Response: {'data': {'create_item': {'id': '9031609003'}}}
Upload complete for Habersham Economic Development Organization Project: 2 files uploaded
Created item 1024: Habersham Futsal Court Design Project, Response: {'data': {'create_item': {'id': '9031610470'}}}
No deliverable files to upload for project: Habersham Futsal Court Design Project
Created item 1025: Habersham Health IWG, Response: {'data': {'create_item': {'id': '9031610567'}}}
No deliverable files to upload for project: Habersham Health IWG
Created item 1026: Habersham Historic Site Identification Project, Response: {'data': {'create_item': {'id': '9031610690'}}}
Erorr uploading files Habersham Historic Site Identification Project: Files not found

Created item 1027: Habersham Partnership for Growth Logo, Response: {'data': {'create_item': {'id': '9031810196'}}}
No deliverable files to upload for project: Habersham Partnership for Growth Logo
Created item 1028: Habersham Permitting Streamline Project, Response: {'data': {'create_item': {'id': '9031810389'}}}
Upload complete for Habersham Permitting Streamline Project: 1 files uploaded
Created item 1029: Habersham PR and Advertising Campaign, Response: {'data': {'create_item': {'id': '9031811185'}}}
Erorr uploading files Habersham PR and Advertising Campaign: Files not found

Created item 1030: Habersham Recycling Center Design, Response: {'data': {'create_item': {'id': '9031828449'}}}
Upload complete for Habersham Recycling Center Design: 2 files uploaded
Created item 1031: Hardy Farms: Peanut Agritourism Project, Response: {'data': {'create_item': {'id': '9031829517'}}}
Upload complete for Hardy Farms: Peanut Agritourism Project: 2 files uploaded
Created item 1032: Harmony Grove Baptist Church Ground Penetrating Radar Search, Response: {'data': {'create_item': {'id': '9031830174'}}}
No deliverable files to upload for project: Harmony Grove Baptist Church Ground Penetrating Radar Search
Created item 1033: Harmony Grove Digital Storytelling Class, Response: {'data': {'create_item': {'id': '9031830357'}}}
Upload complete for Harmony Grove Digital Storytelling Class: 7 files uploaded
Created item 1034: Hart Botanical Garden Signage Updates, Response: {'data': {'create_item': {'id': '9031832171'}}}
Upload complete for Hart Botanical Garden Signage Updates: 2 files uploaded
Created item 1035: Hart Chamber of Commerce Mural, Response: {'data': {'create_item': {'id': '9031833224'}}}
Upload complete for Hart Chamber of Commerce Mural: 9 files uploaded
Created item 1036: Hart Co. Botanical Gardens: Trifold Brochure, Response: {'data': {'create_item': {'id': '9031835856'}}}
No deliverable files to upload for project: Hart Co. Botanical Gardens: Trifold Brochure
Created item 1037: Hart Co. Gov't: Planning for Retail/Commercial Corridor off I-85 by Industrial Park, Response: {'data': {'create_item': {'id': '9031836098'}}}
Upload complete for Hart Co. Gov't: Planning for Retail/Commercial Corridor off I-85 by Industrial Park: 2 files uploaded
Created item 1038: Hart College and Career Academy Marketing Plan, Response: {'data': {'create_item': {'id': '9031837603'}}}
Upload complete for Hart College and Career Academy Marketing Plan: 12 files uploaded
Created item 1039: Hart County AgriScience Center Collaboration with State Botanical Garden's Connect to Protect Program, Response: {'data': {'create_item': {'id': '9031849413'}}}
No deliverable files to upload for project: Hart County AgriScience Center Collaboration with State Botanical Garden's Connect to Protect Program
Created item 1040: Hart County Botanical Garden: Asian Inspired Garden, Response: {'data': {'create_item': {'id': '9031849510'}}}
Upload complete for Hart County Botanical Garden: Asian Inspired Garden: 5 files uploaded
Created item 1041: Hart County Botanical Garden: Marketing/Promotion Ideas, Response: {'data': {'create_item': {'id': '9031852645'}}}
Upload complete for Hart County Botanical Garden: Marketing/Promotion Ideas: 1 files uploaded
Created item 1042: Hart County Chamber of Commerce Funding Tier Analysis, Response: {'data': {'create_item': {'id': '9031853118'}}}
Upload complete for Hart County Chamber of Commerce Funding Tier Analysis: 6 files uploaded
Created item 1043: Hart County Chamber of Commerce: Event Planning Intern, Response: {'data': {'create_item': {'id': '9031856159'}}}
No deliverable files to upload for project: Hart County Chamber of Commerce: Event Planning Intern
Created item 1044: Hart County Chamber of Commerce: Promotional brochure (Same as H-81), Response: {'data': {'create_item': {'id': '9031856220'}}}
Upload complete for Hart County Chamber of Commerce: Promotional brochure (Same as H-81): 2 files uploaded
Created item 1045: Hart County Chamber of Commerce: Promotional Video, Response: {'data': {'create_item': {'id': '9031858732'}}}
No deliverable files to upload for project: Hart County Chamber of Commerce: Promotional Video
Created item 1046: Hart County Chamber of Commerce: Social Media Intern, Response: {'data': {'create_item': {'id': '9031858838'}}}
No deliverable files to upload for project: Hart County Chamber of Commerce: Social Media Intern
Created item 1047: Hart County Chamber of Commerce: Tourism Taskforce Intern, Response: {'data': {'create_item': {'id': '9031858932'}}}
No deliverable files to upload for project: Hart County Chamber of Commerce: Tourism Taskforce Intern
Created item 1048: Hart County Chamber of Commerce: Tourism Taskforce Intern Tourism, Response: {'data': {'create_item': {'id': '9031859038'}}}
No deliverable files to upload for project: Hart County Chamber of Commerce: Tourism Taskforce Intern Tourism
Created item 1049: Hart County Charter System 2021-2022 Calendar, Response: {'data': {'create_item': {'id': '9031859166'}}}
Upload complete for Hart County Charter System 2021-2022 Calendar: 1 files uploaded
Created item 1050: Hart County Charter System Marketing Plan Update, Response: {'data': {'create_item': {'id': '9031860064'}}}
No deliverable files to upload for project: Hart County Charter System Marketing Plan Update
Created item 1051: Hart County Charter System Strategic Plan Update, Response: {'data': {'create_item': {'id': '9031860204'}}}
Upload complete for Hart County Charter System Strategic Plan Update: 2 files uploaded
Created item 1052: Hart County Community Garden Design, Response: {'data': {'create_item': {'id': '9031861262'}}}
Upload complete for Hart County Community Garden Design: 2 files uploaded
Created item 1053: Hart County Community Services Inventory (Asset Mapping), Response: {'data': {'create_item': {'id': '9031862085'}}}
Upload complete for Hart County Community Services Inventory (Asset Mapping): 2 files uploaded
Created item 1054: Hart County Community Theater Mural, Response: {'data': {'create_item': {'id': '9031862857'}}}
Upload complete for Hart County Community Theater Mural: 2 files uploaded
Created item 1055: Hart County Driving Tour: Brochure Design, Response: {'data': {'create_item': {'id': '9031863729'}}}
Upload complete for Hart County Driving Tour: Brochure Design: 21 files uploaded
Created item 1056: Hart County EMS: Analysis of Emergency Response System, Response: {'data': {'create_item': {'id': '9031882365'}}}
No deliverable files to upload for project: Hart County EMS: Analysis of Emergency Response System
Created item 1057: Hart County Fire Department Long Term Plan Update, Response: {'data': {'create_item': {'id': '9031882493'}}}
Upload complete for Hart County Fire Department Long Term Plan Update: 5 files uploaded
Created item 1058: Hart County Fire Dept: Impacts of Enhanced ISO Rating, Response: {'data': {'create_item': {'id': '9031884095'}}}
Upload complete for Hart County Fire Dept: Impacts of Enhanced ISO Rating: 1 files uploaded
Created item 1059: Hart County Fire Dept: Long-Term Plan, Response: {'data': {'create_item': {'id': '9031884643'}}}
Upload complete for Hart County Fire Dept: Long-Term Plan: 1 files uploaded
Created item 1060: Hart County Gov't: County Website Design Recommendations, Response: {'data': {'create_item': {'id': '9031885531'}}}
Upload complete for Hart County Gov't: County Website Design Recommendations: 2 files uploaded
Created item 1061: Hart County Gov't: Future Development of Hwy 29 Commercial Corridor in Hart Co., Response: {'data': {'create_item': {'id': '9031886940'}}}
Upload complete for Hart County Gov't: Future Development of Hwy 29 Commercial Corridor in Hart Co.: 2 files uploaded
Created item 1062: Hart County Gov't: Greenway Corridor Plan (MPA portion), Response: {'data': {'create_item': {'id': '9031888573'}}}
No deliverable files to upload for project: Hart County Gov't: Greenway Corridor Plan (MPA portion)
Created item 1063: Hart County Gov't: Greenway Inventory/Resources, Response: {'data': {'create_item': {'id': '9031888773'}}}
Upload complete for Hart County Gov't: Greenway Inventory/Resources: 1 files uploaded
Created item 1064: Hart County Gov't: Personnel Policy Review, Response: {'data': {'create_item': {'id': '9031889433'}}}
Upload complete for Hart County Gov't: Personnel Policy Review: 1 files uploaded
Created item 1065: Hart County Gov't: Procedures Manual (this project became the next project, H-24), Response: {'data': {'create_item': {'id': '9031890009'}}}
No deliverable files to upload for project: Hart County Gov't: Procedures Manual (this project became the next project, H-24)
Created item 1066: Hart County Gov't: Reed Creek Walking Trail Designs, Response: {'data': {'create_item': {'id': '9031890230'}}}
Upload complete for Hart County Gov't: Reed Creek Walking Trail Designs: 2 files uploaded
Created item 1067: Hart County Gov't: Website Re-Fresh, Response: {'data': {'create_item': {'id': '9031901999'}}}
No deliverable files to upload for project: Hart County Gov't: Website Re-Fresh
Created item 1068: Hart County High School Shark Tank, Response: {'data': {'create_item': {'id': '9031902207'}}}
No deliverable files to upload for project: Hart County High School Shark Tank
Created item 1069: Hart County High School: Anaerobic Digester Designs:, Response: {'data': {'create_item': {'id': '9031902365'}}}
Upload complete for Hart County High School: Anaerobic Digester Designs:: 3 files uploaded
Created item 1070: Hart County High School: Bulldog to Bulldog Tour, Response: {'data': {'create_item': {'id': '9031903585'}}}
Upload complete for Hart County High School: Bulldog to Bulldog Tour: 1 files uploaded
Created item 1071: Hart County High School: Choral Instruction, Response: {'data': {'create_item': {'id': '9031903978'}}}
No deliverable files to upload for project: Hart County High School: Choral Instruction
Created item 1072: Hart County High School: HCHS Health Sciences Class UGA Campus Visit, Response: {'data': {'create_item': {'id': '9031904075'}}}
Upload complete for Hart County High School: HCHS Health Sciences Class UGA Campus Visit: 1 files uploaded
Created item 1073: Hart County High School: IS3D Interactive STEM software, Response: {'data': {'create_item': {'id': '9031904327'}}}
No deliverable files to upload for project: Hart County High School: IS3D Interactive STEM software
Created item 1074: Hart County High School: Landscape Design for Baseball/Softball Complex, Response: {'data': {'create_item': {'id': '9031904433'}}}
Upload complete for Hart County High School: Landscape Design for Baseball/Softball Complex: 2 files uploaded
Created item 1075: Hart County High School: Lonnie Burns Performing Arts Center Promotional Assistance, Response: {'data': {'create_item': {'id': '9031907474'}}}
Upload complete for Hart County High School: Lonnie Burns Performing Arts Center Promotional Assistance: 8 files uploaded
Created item 1076: Hart County High School: SAT Initiative, Response: {'data': {'create_item': {'id': '9031911114'}}}
Upload complete for Hart County High School: SAT Initiative: 1 files uploaded
Created item 1077: Hart County High School: SparkFun STEM Workshop, Response: {'data': {'create_item': {'id': '9031911440'}}}
Erorr uploading files Hart County High School: SparkFun STEM Workshop: Files not found

Created item 1078: Hart County High School: STEM Cohort UGA Visit, Response: {'data': {'create_item': {'id': '9058057490'}}}
Upload complete for Hart County High School: STEM Cohort UGA Visit: 1 files uploaded
Created item 1079: Hart County Historical Museum Landscape Plan, Response: {'data': {'create_item': {'id': '9058057814'}}}
Upload complete for Hart County Historical Museum Landscape Plan: 1 files uploaded
Created item 1080: Hart County Historical Society: New Website, Response: {'data': {'create_item': {'id': '9058081025'}}}
No deliverable files to upload for project: Hart County Historical Society: New Website
Created item 1081: Hart County Historical Society: Website, Response: {'data': {'create_item': {'id': '9058081184'}}}
Erorr uploading files Hart County Historical Society: Website: SparkFun STEM Workshop: Files not found

Created item 1082: Hart County I-85 Entryway/Business Park, Response: {'data': {'create_item': {'id': '9058107035'}}}
No deliverable files to upload for project: Hart County I-85 Entryway/Business Park
Created item 1083: Hart County IBA: Entryway Signage & Lighting Design, Response: {'data': {'create_item': {'id': '9058107180'}}}
Upload complete for Hart County IBA: Entryway Signage & Lighting Design: 1 files uploaded
Created item 1084: Hart County IBA: Feasibility for Commercial/Retail spec building next to industrial park, Response: {'data': {'create_item': {'id': '9058107890'}}}
No deliverable files to upload for project: Hart County IBA: Feasibility for Commercial/Retail spec building next to industrial park
Created item 1085: Hart County IBA: GA DOT Grant for 1-85 entryway landscaping, Response: {'data': {'create_item': {'id': '9058108062'}}}
Upload complete for Hart County IBA: GA DOT Grant for 1-85 entryway landscaping: 1 files uploaded
Created item 1086: Hart County IBA: Gateway Business Park Entryway Signage & Landscaping Designs, Response: {'data': {'create_item': {'id': '9058108853'}}}
Upload complete for Hart County IBA: Gateway Business Park Entryway Signage & Landscaping Designs: 1 files uploaded
Created item 1087: Hart County IBA: Gateway Industrial Park Charette, Response: {'data': {'create_item': {'id': '9058109272'}}}
Upload complete for Hart County IBA: Gateway Industrial Park Charette: 3 files uploaded
Created item 1088: Hart County IBA: Gateway Industrial Park Entryway & Trail Designs, Response: {'data': {'create_item': {'id': '9058110336'}}}
Upload complete for Hart County IBA: Gateway Industrial Park Entryway & Trail Designs: 11 files uploaded
Created item 1089: Hart County IBA: Gateway Walking Trails Designs, Response: {'data': {'create_item': {'id': '9058112784'}}}
Upload complete for Hart County IBA: Gateway Walking Trails Designs: 2 files uploaded
Created item 1090: Hart County IBA: German Website Translation, Response: {'data': {'create_item': {'id': '9058113539'}}}
Upload complete for Hart County IBA: German Website Translation: 1 files uploaded
Created item 1091: Hart County IBA: International Business Research, Response: {'data': {'create_item': {'id': '9058114020'}}}
Upload complete for Hart County IBA: International Business Research: 1 files uploaded
Created item 1092: Hart County IBA: Lighting Options for Industrial Park, Response: {'data': {'create_item': {'id': '9058114277'}}}
No deliverable files to upload for project: Hart County IBA: Lighting Options for Industrial Park
Created item 1093: Hart County IBA: Prospecting System, Response: {'data': {'create_item': {'id': '9058114420'}}}
No deliverable files to upload for project: Hart County IBA: Prospecting System
Created item 1094: Hart County IBA: Spanish Website Translation, Response: {'data': {'create_item': {'id': '9058114629'}}}
Upload complete for Hart County IBA: Spanish Website Translation: 1 files uploaded
Created item 1095: Hart County IBA: Web Site French Translation, Response: {'data': {'create_item': {'id': '9058115066'}}}
Upload complete for Hart County IBA: Web Site French Translation: 1 files uploaded
Created item 1096: Hart County IBA: Website Content Refresh, Response: {'data': {'create_item': {'id': '9058115699'}}}
No deliverable files to upload for project: Hart County IBA: Website Content Refresh
Created item 1097: Hart County IBA: Website SEO, Response: {'data': {'create_item': {'id': '9058115844'}}}
No deliverable files to upload for project: Hart County IBA: Website SEO
Created item 1098: Hart County Jail Site Cost Analysis, Response: {'data': {'create_item': {'id': '9058116013'}}}
Upload complete for Hart County Jail Site Cost Analysis: 1 files uploaded
Created item 1099: Hart County Jail Site Feasibility Study, Response: {'data': {'create_item': {'id': '9058116367'}}}
Upload complete for Hart County Jail Site Feasibility Study: 4 files uploaded
Created item 1100: Hart County Job Description Updates, Response: {'data': {'create_item': {'id': '9058118418'}}}
No deliverable files to upload for project: Hart County Job Description Updates
Created item 1101: Hart County Legacy Story, Response: {'data': {'create_item': {'id': '9058118530'}}}
Upload complete for Hart County Legacy Story: 1 files uploaded
