Logging started at 2025-04-28 16:18:42.844990. Log file: logs\monday_upload_20250428_161842.log
Created item 702: DUPLICATE - IGNORE, Response: {'data': {'create_item': {'id': '9024341003'}}}
No deliverable files to upload for project: DUPLICATE - IGNORE
Created item 703: DUPLICATE - IGNORE, Response: {'data': {'create_item': {'id': '9024341140'}}}
No deliverable files to upload for project: DUPLICATE - IGNORE
Created item 704: Duplicate Project, Response: {'data': {'create_item': {'id': '9024341331'}}}
No deliverable files to upload for project: Duplicate Project
Created item 705: E-Mobility Seed Grant, Response: {'data': {'create_item': {'id': '9024341443'}}}
No deliverable files to upload for project: E-Mobility Seed Grant
Created item 706: Early Learning Community Research, Response: {'data': {'create_item': {'id': '9024341532'}}}
Upload complete for Early Learning Community Research: 1 files uploaded
Created item 707: Eastview Cemetery Design, Response: {'data': {'create_item': {'id': '9024341835'}}}
Upload complete for Eastview Cemetery Design: 2 files uploaded
Created item 708: ECCC Logo, Response: {'data': {'create_item': {'id': '9024342400'}}}
No deliverable files to upload for project: ECCC Logo
Created item 709: Eco-Educational Center Comparable Sites Analysis, Response: {'data': {'create_item': {'id': '9024342509'}}}
Upload complete for Eco-Educational Center Comparable Sites Analysis: 1 files uploaded
Created item 710: Eco-Educational Center Programming, Response: {'data': {'create_item': {'id': '9024342799'}}}
No deliverable files to upload for project: Eco-Educational Center Programming
Created item 711: Economic Consortium, Response: {'data': {'create_item': {'id': '9024342901'}}}
No deliverable files to upload for project: Economic Consortium
Created item 712: Economic Development Handbook, Response: {'data': {'create_item': {'id': '9024343023'}}}
Upload complete for Economic Development Handbook: 3 files uploaded
Created item 713: Economic Development Internship - Summer 2009, Response: {'data': {'create_item': {'id': '9024343786'}}}
No deliverable files to upload for project: Economic Development Internship - Summer 2009
Created item 714: Economic Development One-Pager, Response: {'data': {'create_item': {'id': '9024343909'}}}
Upload complete for Economic Development One-Pager: 1 files uploaded
Created item 715: Economic Development Plan, Response: {'data': {'create_item': {'id': '9024344275'}}}
Upload complete for Economic Development Plan: 2 files uploaded
Created item 716: Economic Development Planning, Response: {'data': {'create_item': {'id': '9024344854'}}}
No deliverable files to upload for project: Economic Development Planning
Created item 717: Economic Development Recommendations, Response: {'data': {'create_item': {'id': '9024344967'}}}
Upload complete for Economic Development Recommendations: 4 files uploaded
Created item 718: Economic Development Strategy for Community, Response: {'data': {'create_item': {'id': '9024345994'}}}
Upload complete for Economic Development Strategy for Community: 1 files uploaded
Created item 719: Economic Evaluation & Cost Analysis of the Farm Worker Family Health Program at the Ellenten Clinic, Response: {'data': {'create_item': {'id': '9024346291'}}}
No deliverable files to upload for project: Economic Evaluation & Cost Analysis of the Farm Worker Family Health Program at the Ellenten Clinic
Created item 720: Economic Impact of Agriculture in Habersham County, Response: {'data': {'create_item': {'id': '9024346356'}}}
No deliverable files to upload for project: Economic Impact of Agriculture in Habersham County
Created item 721: Economic Impact of Proposed GA-121/GA-129 Connector, Response: {'data': {'create_item': {'id': '9024346463'}}}
Upload complete for Economic Impact of Proposed GA-121/GA-129 Connector: 7 files uploaded
Created item 722: Economic Impact Study Moss Farm Diving, Response: {'data': {'create_item': {'id': '9024347793'}}}
No deliverable files to upload for project: Economic Impact Study Moss Farm Diving
Created item 723: Economic Impact/Project Process Planning, Response: {'data': {'create_item': {'id': '9024347893'}}}
Upload complete for Economic Impact/Project Process Planning: 3 files uploaded
Created item 724: Education Assessment, Response: {'data': {'create_item': {'id': '9024348578'}}}
No deliverable files to upload for project: Education Assessment
Created item 725: Education Destination Brochure Design, Response: {'data': {'create_item': {'id': '9024348712'}}}
Upload complete for Education Destination Brochure Design: 2 files uploaded
Created item 726: Education Issue Work Group Speaker (became JoBeth project), Response: {'data': {'create_item': {'id': '9024349547'}}}
No deliverable files to upload for project: Education Issue Work Group Speaker (became JoBeth project)
Created item 727: Education Issue-Based Position Pilot, Response: {'data': {'create_item': {'id': '9024349659'}}}
Upload complete for Education Issue-Based Position Pilot: 2 files uploaded
Created item 728: Education Symposium, Response: {'data': {'create_item': {'id': '9024350329'}}}
No deliverable files to upload for project: Education Symposium
Created item 729: Efficiency of Government Services, Response: {'data': {'create_item': {'id': '9024350436'}}}
No deliverable files to upload for project: Efficiency of Government Services
Created item 730: Ellenton Beautification, Response: {'data': {'create_item': {'id': '9024350557'}}}
Upload complete for Ellenton Beautification: 2 files uploaded
Created item 731: Ellenton Evaluation/Analysis, Response: {'data': {'create_item': {'id': '9024351677'}}}
No deliverable files to upload for project: Ellenton Evaluation/Analysis
Created item 732: Ellenton Exercise Program for Senior Citizens, Response: {'data': {'create_item': {'id': '9024351976'}}}
Upload complete for Ellenton Exercise Program for Senior Citizens: 2 files uploaded
Created item 733: Ellenton Mapping, Response: {'data': {'create_item': {'id': '9024353025'}}}
No deliverable files to upload for project: Ellenton Mapping
Created item 734: Ellenton Restaurant Best Practices Report, Response: {'data': {'create_item': {'id': '9024353118'}}}
Upload complete for Ellenton Restaurant Best Practices Report: 2 files uploaded
Created item 735: EMA/Fire Station Mapping, Response: {'data': {'create_item': {'id': '9024353579'}}}
No deliverable files to upload for project: EMA/Fire Station Mapping
Created item 736: Emergenetics with Burke Executive Committee, Response: {'data': {'create_item': {'id': '9024353688'}}}
No deliverable files to upload for project: Emergenetics with Burke Executive Committee
Created item 737: Employee Health Survey, Response: {'data': {'create_item': {'id': '9024353781'}}}
Upload complete for Employee Health Survey: 3 files uploaded
Created item 738: Employee Wellness Programs, Response: {'data': {'create_item': {'id': '9024354386'}}}
Upload complete for Employee Wellness Programs: 1 files uploaded
Created item 739: Employment Migration, Response: {'data': {'create_item': {'id': '9024354643'}}}
Upload complete for Employment Migration: 1 files uploaded
Created item 740: Enduring Farmlands Scenic Byway Media Kit, Response: {'data': {'create_item': {'id': '9024354884'}}}
Erorr uploading files Enduring Farmlands Scenic Byway Media Kit: Files not found

Created item 741: Engineering PDF Design Improvements, Response: {'data': {'create_item': {'id': '9024373179'}}}
Upload complete for Engineering PDF Design Improvements: 3 files uploaded
Created item 742: Engineering Senior Capstone Projects 2015-16, Response: {'data': {'create_item': {'id': '9024374005'}}}
No deliverable files to upload for project: Engineering Senior Capstone Projects 2015-16
Created item 743: ENGR Hartwell City Hall Parking Lot and Pocket Park Design, Response: {'data': {'create_item': {'id': '9024374082'}}}
Upload complete for ENGR Hartwell City Hall Parking Lot and Pocket Park Design: 3 files uploaded
Created item 744: ENGR Reimagining Hartwell's E. Johnson Street, Response: {'data': {'create_item': {'id': '9024374924'}}}
Upload complete for ENGR Reimagining Hartwell's E. Johnson Street: 3 files uploaded
Created item 745: Entrance Design for Hart County Botanical Garden, Response: {'data': {'create_item': {'id': '9024377246'}}}
Upload complete for Entrance Design for Hart County Botanical Garden: 4 files uploaded
Created item 746: Entryway Revitalization Plan - Crossroads Academy and Performance Learning Center, Response: {'data': {'create_item': {'id': '9024378466'}}}
No deliverable files to upload for project: Entryway Revitalization Plan - Crossroads Academy and Performance Learning Center
Created item 747: Entryway Signage Design for Industrial Park, Response: {'data': {'create_item': {'id': '9024378556'}}}
No deliverable files to upload for project: Entryway Signage Design for Industrial Park
Created item 748: Environmental Scan Update, Response: {'data': {'create_item': {'id': '9024378652'}}}
Upload complete for Environmental Scan Update: 2 files uploaded
Created item 749: ESC Sponsorship Packet Design, Response: {'data': {'create_item': {'id': '9024379465'}}}
No deliverable files to upload for project: ESC Sponsorship Packet Design
Created item 750: Evaluate THRIVE Atlas Ministries, Response: {'data': {'create_item': {'id': '9024379686'}}}
No deliverable files to upload for project: Evaluate THRIVE Atlas Ministries
Created item 751: Evaluation Infographics, Response: {'data': {'create_item': {'id': '9024379871'}}}
Upload complete for Evaluation Infographics: 12 files uploaded
Created item 752: Evaluation of E-Walk Program (Clayton County Public Schools - Research Information), Response: {'data': {'create_item': {'id': '9024386261'}}}
No deliverable files to upload for project: Evaluation of E-Walk Program (Clayton County Public Schools - Research Information)
Created item 753: Evaluation of Housing Stock, Response: {'data': {'create_item': {'id': '9024386369'}}}
No deliverable files to upload for project: Evaluation of Housing Stock
Created item 754: Evaluation of online citizen issue reporting service(s), Response: {'data': {'create_item': {'id': '9024386472'}}}
No deliverable files to upload for project: Evaluation of online citizen issue reporting service(s)
Created item 755: Evaluation Plan Graphic Design, Response: {'data': {'create_item': {'id': '9024386556'}}}
No deliverable files to upload for project: Evaluation Plan Graphic Design
Created item 756: Event Flyer, Response: {'data': {'create_item': {'id': '9024386671'}}}
Upload complete for Event Flyer: 1 files uploaded
Created item 757: Evidence-based Sex Education/STD Reduction Programs, Response: {'data': {'create_item': {'id': '9024386934'}}}
Upload complete for Evidence-based Sex Education/STD Reduction Programs: 7 files uploaded
Created item 758: Exec Committee Retreat, Response: {'data': {'create_item': {'id': '9024452710'}}}
No deliverable files to upload for project: Exec Committee Retreat
Created item 759: Existing Industries Appreciation Breakfast Invite, Response: {'data': {'create_item': {'id': '9024452812'}}}
Upload complete for Existing Industries Appreciation Breakfast Invite: 1 files uploaded
Created item 760: Existing Industries Breakfast Postcard update, Response: {'data': {'create_item': {'id': '9024453150'}}}
No deliverable files to upload for project: Existing Industries Breakfast Postcard update
Created item 761: Existing Industries Roundtable Breakfast Postcard, Response: {'data': {'create_item': {'id': '9024453243'}}}
No deliverable files to upload for project: Existing Industries Roundtable Breakfast Postcard
Created item 762: Existing Industries Roundtable Kick-off Event, Response: {'data': {'create_item': {'id': '9024453428'}}}
Upload complete for Existing Industries Roundtable Kick-off Event: 1 files uploaded
Created item 763: Exit 172- Sign and Landscape Design, Response: {'data': {'create_item': {'id': '9024453944'}}}
Upload complete for Exit 172- Sign and Landscape Design: 2 files uploaded
Created item 764: Facade improvements for E. Haynes Street, Response: {'data': {'create_item': {'id': '9024455035'}}}
No deliverable files to upload for project: Facade improvements for E. Haynes Street
Created item 765: Facilitate discussion regarding plans and preparations for 2012 SPLOST, including mayors & council members from all municipalities in Colquitt Co., Response: {'data': {'create_item': {'id': '9024455233'}}}
No deliverable files to upload for project: Facilitate discussion regarding plans and preparations for 2012 SPLOST, including mayors & council members from all municipalities in Colquitt Co.
Created item 766: Facilitated Visioning by Matt Bishop, Fanning, Response: {'data': {'create_item': {'id': '9024455426'}}}
Upload complete for Facilitated Visioning by Matt Bishop, Fanning: 4 files uploaded
Created item 767: Facilitation Event, Response: {'data': {'create_item': {'id': '9024456382'}}}
Upload complete for Facilitation Event: 1 files uploaded
Created item 768: Facilitation for Colquitt Regional Medical Center Hospital Authority meeting, Response: {'data': {'create_item': {'id': '9024456693'}}}
No deliverable files to upload for project: Facilitation for Colquitt Regional Medical Center Hospital Authority meeting
Created item 769: Facilitation for United Way Stratetic Planning Session, Response: {'data': {'create_item': {'id': '9024456776'}}}
No deliverable files to upload for project: Facilitation for United Way Stratetic Planning Session
Created item 770: Facilitation Training, Response: {'data': {'create_item': {'id': '9024456900'}}}
No deliverable files to upload for project: Facilitation Training
Created item 771: Facilitation Training Assictance, Response: {'data': {'create_item': {'id': '9024457027'}}}
No deliverable files to upload for project: Facilitation Training Assictance
Created item 772: Facilitator for Public Hearing on Sandersville Elementary School, Response: {'data': {'create_item': {'id': '9024457145'}}}
No deliverable files to upload for project: Facilitator for Public Hearing on Sandersville Elementary School
Created item 773: Facility Study- City of Tennille, Response: {'data': {'create_item': {'id': '9024457266'}}}
Upload complete for Facility Study- City of Tennille: 2 files uploaded
Created item 774: Fall Line East and West Industrial Park Landscape Design, Response: {'data': {'create_item': {'id': '9024458067'}}}
Upload complete for Fall Line East and West Industrial Park Landscape Design: 2 files uploaded
Created item 775: Fall Line History, Response: {'data': {'create_item': {'id': '9024458611'}}}
No deliverable files to upload for project: Fall Line History
Created item 776: Fanning ICLI Leadership Initiative, Response: {'data': {'create_item': {'id': '9024458695'}}}
No deliverable files to upload for project: Fanning ICLI Leadership Initiative
Created item 777: Farmer's Market Building, Response: {'data': {'create_item': {'id': '9024458766'}}}
Upload complete for Farmer's Market Building: 6 files uploaded
Created item 778: Farmers Insurance Mural, Response: {'data': {'create_item': {'id': '9024460791'}}}
Upload complete for Farmers Insurance Mural: 5 files uploaded
Created item 779: Farmers Market Design, Response: {'data': {'create_item': {'id': '9024463912'}}}
Upload complete for Farmers Market Design: 2 files uploaded
Created item 780: Farmers Market Design (Rural & Urban), Response: {'data': {'create_item': {'id': '9024464316'}}}
Upload complete for Farmers Market Design (Rural & Urban): 2 files uploaded
Created item 781: Farmworker Health Summer Program - Ellenton Clinic (Summer 2009), Response: {'data': {'create_item': {'id': '9024464621'}}}
Upload complete for Farmworker Health Summer Program - Ellenton Clinic (Summer 2009): 3 files uploaded
Created item 782: FC Literacy Guide Made Into Rack Cards, Response: {'data': {'create_item': {'id': '9024465209'}}}
No deliverable files to upload for project: FC Literacy Guide Made Into Rack Cards
Created item 783: Feasibility of Repurposing Old County Jail, Response: {'data': {'create_item': {'id': '9024465278'}}}
Upload complete for Feasibility of Repurposing Old County Jail: 4 files uploaded
Created item 784: Feasibility Study for United Way, Response: {'data': {'create_item': {'id': '9024466855'}}}
Upload complete for Feasibility Study for United Way: 1 files uploaded
Created item 785: Feasibility study of ambulatory clinic, Response: {'data': {'create_item': {'id': '9024467364'}}}
No deliverable files to upload for project: Feasibility study of ambulatory clinic
Created item 786: Feasibility Study on a Cost Effective Filtration System for Bowersville's Artesian Well, Response: {'data': {'create_item': {'id': '9024467544'}}}
No deliverable files to upload for project: Feasibility Study on a Cost Effective Filtration System for Bowersville's Artesian Well
Created item 787: Feasibility Study on Plasma Gasification System for Forest Park, Response: {'data': {'create_item': {'id': '9024467767'}}}
Upload complete for Feasibility Study on Plasma Gasification System for Forest Park: 1 files uploaded
Created item 788: Federal Opportunity Zones Report, Response: {'data': {'create_item': {'id': '9024468209'}}}
Upload complete for Federal Opportunity Zones Report: 1 files uploaded
Created item 789: Federally Qualified Health Center (FQHC), Response: {'data': {'create_item': {'id': '9024468481'}}}
Upload complete for Federally Qualified Health Center (FQHC): 5 files uploaded
Created item 790: Federally Qualified Healthcare Center, Response: {'data': {'create_item': {'id': '9024471872'}}}
Upload complete for Federally Qualified Healthcare Center: 2 files uploaded
Created item 791: Feeding Children Initiatives / Food Insecurities, Response: {'data': {'create_item': {'id': '9024472639'}}}
No deliverable files to upload for project: Feeding Children Initiatives / Food Insecurities
Created item 792: Ferst Readers Grant Research, Response: {'data': {'create_item': {'id': '9024472745'}}}
Upload complete for Ferst Readers Grant Research: 1 files uploaded
Created item 793: Ferst Readers vs Imagination Library CrossWalk, Response: {'data': {'create_item': {'id': '9024472961'}}}
Upload complete for Ferst Readers vs Imagination Library CrossWalk: 1 files uploaded
Created item 794: Fillable PDFs, Response: {'data': {'create_item': {'id': '9024473185'}}}
Upload complete for Fillable PDFs: 3 files uploaded
Created item 795: Financial Literacy Promo Materials, Response: {'data': {'create_item': {'id': '9024473967'}}}
Upload complete for Financial Literacy Promo Materials: 3 files uploaded
Created item 796: FindIt Survey for Georgia Main Street Accreditation, Response: {'data': {'create_item': {'id': '9024474807'}}}
Upload complete for FindIt Survey for Georgia Main Street Accreditation: 3 files uploaded
Created item 797: Fine Arts Partnership, Response: {'data': {'create_item': {'id': '9024475812'}}}
Upload complete for Fine Arts Partnership: 5 files uploaded
Created item 798: Fire House Museum Site Plan, Response: {'data': {'create_item': {'id': '9024476880'}}}
Upload complete for Fire House Museum Site Plan: 1 files uploaded
Created item 799: First Baptist Church Preschool Design, Response: {'data': {'create_item': {'id': '9024477578'}}}
No deliverable files to upload for project: First Baptist Church Preschool Design
Created item 800: First Love Kids Strategic Planning, Response: {'data': {'create_item': {'id': '9024477666'}}}
Upload complete for First Love Kids Strategic Planning: 2 files uploaded
Created item 801: Fishers of Men flyer, Response: {'data': {'create_item': {'id': '9024478051'}}}
Upload complete for Fishers of Men flyer: 1 files uploaded
