Logging started at 2025-04-28 15:24:09.698496. Log file: logs\monday_upload_20250428_152409.log
Created item 502: Community Resource Guide, Response: {'data': {'create_item': {'id': '9023708204'}}}
No deliverable files to upload for project: Community Resource Guide
Created item 503: Community Resource Guide, Response: {'data': {'create_item': {'id': '9023708362'}}}
Upload complete for Community Resource Guide: 5 files uploaded
Created item 504: Community Resource Guide, Response: {'data': {'create_item': {'id': '9023709590'}}}
No deliverable files to upload for project: Community Resource Guide
Created item 505: Community Resource Guide, Response: {'data': {'create_item': {'id': '9023709671'}}}
No deliverable files to upload for project: Community Resource Guide
Created item 506: Community Resource Guide 2, Response: {'data': {'create_item': {'id': '9023781577'}}}
No deliverable files to upload for project: Community Resource Guide 2
Created item 507: Community Resource Guide Phase I, Response: {'data': {'create_item': {'id': '9023781964'}}}
No deliverable files to upload for project: Community Resource Guide Phase I
Created item 508: Community Resource Guide-Design Updates and Printing, Response: {'data': {'create_item': {'id': '9023782442'}}}
Upload complete for Community Resource Guide-Design Updates and Printing: 1 files uploaded
Created item 509: Community Shared Calendar Website, Response: {'data': {'create_item': {'id': '9023783616'}}}
Upload complete for  Community Shared Calendar Website: 1 files uploaded
Created item 510: Community Social Service Resources Online/Web-Based Database, Response: {'data': {'create_item': {'id': '9023870192'}}}
Erorr uploading files Community Social Service Resources Online/Web-Based Database: Files not found

Created item 511: Community Success Marketing Strategies, Response: {'data': {'create_item': {'id': '9023948792'}}}
Upload complete for Community Success Marketing Strategies: 1 files uploaded
Created item 512: Community Visioning Video and script, Response: {'data': {'create_item': {'id': '9023949629'}}}
Upload complete for Community Visioning Video and script: 9 files uploaded
Created item 513: Community Website Evaluation, Response: {'data': {'create_item': {'id': '9023953960'}}}
Upload complete for Community Website Evaluation: 2 files uploaded
Created item 514: Community Wellness Inventory, Response: {'data': {'create_item': {'id': '9023955819'}}}
Upload complete for Community Wellness Inventory: 16 files uploaded
Created item 515: Community Wellness Program, Response: {'data': {'create_item': {'id': '9023960203'}}}
Upload complete for Community Wellness Program: 2 files uploaded
Created item 516: Community Wellness Program Checklist and Materials, Response: {'data': {'create_item': {'id': '9023960491'}}}
Upload complete for Community Wellness Program Checklist and Materials: 1 files uploaded
Created item 517: Community-wide Asset Inventory, Response: {'data': {'create_item': {'id': '9023960712'}}}
Upload complete for Community-wide Asset Inventory: 1 files uploaded
Created item 518: Community-wide Economic Development Activities Review, Response: {'data': {'create_item': {'id': '9023961037'}}}
No deliverable files to upload for project: Community-wide Economic Development Activities Review
Created item 519: Community-Wide Listening Session, Response: {'data': {'create_item': {'id': '9023961246'}}}
Upload complete for Community-Wide Listening Session: 2 files uploaded
Created item 520: Comparative Analysis of Local reports, Response: {'data': {'create_item': {'id': '9023961896'}}}
Upload complete for Comparative Analysis of Local reports: 3 files uploaded
Created item 521: Comprehensive Feasibility Study/Business Plan for the Green Hat Project, Response: {'data': {'create_item': {'id': '9023962503'}}}
No deliverable files to upload for project: Comprehensive Feasibility Study/Business Plan for the Green Hat Project
Created item 522: Comprehensive Fee Structure Document for Small Business Incubators and Coworking Spaces, Response: {'data': {'create_item': {'id': '9023962584'}}}
No deliverable files to upload for project: Comprehensive Fee Structure Document for Small Business Incubators and Coworking Spaces
Created item 523: Comprehensive listing for area conferences, meetings and events, Response: {'data': {'create_item': {'id': '9023962679'}}}
Upload complete for Comprehensive listing for area conferences, meetings and events: 1 files uploaded
Created item 524: Comprehensive Plan, Response: {'data': {'create_item': {'id': '9023962988'}}}
No deliverable files to upload for project: Comprehensive Plan
Created item 525: Comprehensive Signage - Panel Updates, Response: {'data': {'create_item': {'id': '9023963110'}}}
No deliverable files to upload for project: Comprehensive Signage - Panel Updates
Created item 526: Conceptual designs for Moultrie's Prosperity Park, Response: {'data': {'create_item': {'id': '9023993634'}}}
Upload complete for Conceptual designs for Moultrie's Prosperity Park: 1 files uploaded
Created item 527: Conceptual designs for potential park South Main Street in Moultrie, Response: {'data': {'create_item': {'id': '9023994453'}}}
No deliverable files to upload for project: Conceptual designs for potential park South Main Street in Moultrie
Created item 528: Conceptual designs for Rylander Park Revitalization, Response: {'data': {'create_item': {'id': '9023994744'}}}
No deliverable files to upload for project: Conceptual designs for Rylander Park Revitalization
Created item 529: Conceptual designs for vacant property of former Vereen Memorial Hospital, Response: {'data': {'create_item': {'id': '9023994925'}}}
No deliverable files to upload for project: Conceptual designs for vacant property of former Vereen Memorial Hospital
Created item 530: Conceptual drawings for proposed local park in Moultrie, Response: {'data': {'create_item': {'id': '9023995030'}}}
No deliverable files to upload for project: Conceptual drawings for proposed local park in Moultrie
Created item 531: Conceptual Plan: Tennis Complex & Nassau Center at the International Center, Response: {'data': {'create_item': {'id': '9023995144'}}}
Upload complete for Conceptual Plan: Tennis Complex & Nassau Center at the International Center: 3 files uploaded
Created item 532: Conceptual Plans for Parks & Libraries in Forest Park, Response: {'data': {'create_item': {'id': '9023995829'}}}
Upload complete for Conceptual Plans for Parks & Libraries in Forest Park: 2 files uploaded
Created item 533: Conflict Resolution Assistance, Response: {'data': {'create_item': {'id': '9023998218'}}}
No deliverable files to upload for project: Conflict Resolution Assistance
Created item 534: Conflict Resolution Class, Response: {'data': {'create_item': {'id': '9023998329'}}}
No deliverable files to upload for project: Conflict Resolution Class
Created item 535: Connect Candler, an Adult Leadership Program, Response: {'data': {'create_item': {'id': '9023998463'}}}
No deliverable files to upload for project: Connect Candler, an Adult Leadership Program
Created item 536: Connect Newton Industry Map of Newton County, Response: {'data': {'create_item': {'id': '9023998644'}}}
No deliverable files to upload for project: Connect Newton Industry Map of Newton County
Created item 537: Connect to Protect Pollinator Garden, Response: {'data': {'create_item': {'id': '9023998860'}}}
No deliverable files to upload for project: Connect to Protect Pollinator Garden
Created item 538: Connecting downtown Hartwell & Hartwell Marina, Response: {'data': {'create_item': {'id': '9023998978'}}}
Upload complete for Connecting downtown Hartwell & Hartwell Marina: 1 files uploaded
Created item 539: Connecting Local and Higher Education Expertise with the Hart County STEAM Academy, Response: {'data': {'create_item': {'id': '9023999778'}}}
No deliverable files to upload for project: Connecting Local and Higher Education Expertise with the Hart County STEAM Academy
Created item 540: Considerations of Wastewater Treatment Systems on Industrial Recruitment and Development, Response: {'data': {'create_item': {'id': '9023999963'}}}
Upload complete for Considerations of Wastewater Treatment Systems on Industrial Recruitment and Development: 5 files uploaded
Created item 541: Construct Joint Development Authority Web site & provide demographic information, Response: {'data': {'create_item': {'id': '9024001517'}}}
No deliverable files to upload for project: Construct Joint Development Authority Web site & provide demographic information
Created item 542: Consultant Connection, Response: {'data': {'create_item': {'id': '9024001753'}}}
No deliverable files to upload for project: Consultant Connection
Created item 543: Content Update for Revamped Chamber of Commerce Website, Response: {'data': {'create_item': {'id': '9024001987'}}}
Upload complete for Content Update for Revamped Chamber of Commerce Website: 26 files uploaded
Created item 544: Continuation of Downtown Hawkinsville Streetscape Improvement Project, Response: {'data': {'create_item': {'id': '9024008670'}}}
No deliverable files to upload for project: Continuation of Downtown Hawkinsville Streetscape Improvement Project
Created item 545: Conversion Study, Response: {'data': {'create_item': {'id': '9024008958'}}}
No deliverable files to upload for project: Conversion Study
Created item 546: Cornelia Downtown Historic Signage Project, Response: {'data': {'create_item': {'id': '9024009172'}}}
Upload complete for Cornelia Downtown Historic Signage Project: 2 files uploaded
Created item 547: Cornelia Downtown Market Analysis, Response: {'data': {'create_item': {'id': '9024010142'}}}
Upload complete for Cornelia Downtown Market Analysis: 1 files uploaded
Created item 548: Cornelia Gateway Corridors Master Plan, Response: {'data': {'create_item': {'id': '9024011528'}}}
Upload complete for Cornelia Gateway Corridors Master Plan: 2 files uploaded
Created item 549: Cornelia Level Grove Road/Hodges Street/Irvin Street Intersection Streetscape Project, Response: {'data': {'create_item': {'id': '9024013381'}}}
No deliverable files to upload for project: Cornelia Level Grove Road/Hodges Street/Irvin Street Intersection Streetscape Project
Created item 550: Cornelia North Main Street/441 Streetscape, Response: {'data': {'create_item': {'id': '9024013552'}}}
No deliverable files to upload for project: Cornelia North Main Street/441 Streetscape
Created item 551: Cost estimate tool for horticulturist, Response: {'data': {'create_item': {'id': '9024013701'}}}
No deliverable files to upload for project: Cost estimate tool for horticulturist
Created item 552: Costa Rica Trip, Response: {'data': {'create_item': {'id': '9024013899'}}}
No deliverable files to upload for project: Costa Rica Trip
Created item 553: Costa Rica Video Documentary, Response: {'data': {'create_item': {'id': '9024014141'}}}
No deliverable files to upload for project: Costa Rica Video Documentary
Created item 554: Cotton Trade Narrative - Edits to Draft, Response: {'data': {'create_item': {'id': '9024014399'}}}
Upload complete for Cotton Trade Narrative - Edits to Draft: 2 files uploaded
Created item 555: County Commission Panel with CVIOG, Response: {'data': {'create_item': {'id': '9024015334'}}}
Upload complete for County Commission Panel with CVIOG: 1 files uploaded
Created item 556: County Data Report, Response: {'data': {'create_item': {'id': '9024016017'}}}
Upload complete for County Data Report: 1 files uploaded
Created item 557: County Gateway Design w New Branding, Response: {'data': {'create_item': {'id': '9024017042'}}}
Upload complete for County Gateway Design w New Branding: 1 files uploaded
Created item 558: County Heath Ranking Exploration, Response: {'data': {'create_item': {'id': '9024018655'}}}
Upload complete for County Heath Ranking Exploration: 1 files uploaded
Created item 559: Courthouse Grounds Landscaping, Response: {'data': {'create_item': {'id': '9024019253'}}}
Upload complete for Courthouse Grounds Landscaping: 5 files uploaded
Created item 560: Courthouse Memorial Design, Response: {'data': {'create_item': {'id': '9024022283'}}}
Upload complete for Courthouse Memorial Design: 2 files uploaded
Created item 561: Courthouse Monument Landscape, Response: {'data': {'create_item': {'id': '9024024249'}}}
Upload complete for Courthouse Monument Landscape: 9 files uploaded
Created item 562: Courthouse Signage, Response: {'data': {'create_item': {'id': '9024028727'}}}
No deliverable files to upload for project: Courthouse Signage
Created item 563: CRC - Agriculture Leadership, Response: {'data': {'create_item': {'id': '9024029007'}}}
No deliverable files to upload for project: CRC - Agriculture Leadership
Created item 564: CRC - Alumni Network, Response: {'data': {'create_item': {'id': '9024029253'}}}
Upload complete for CRC - Alumni Network: 4 files uploaded
Created item 565: CRC - Alzheimer's Disease and Related Dementias Education and Care, Response: {'data': {'create_item': {'id': '9024031370'}}}
No deliverable files to upload for project: CRC - Alzheimer's Disease and Related Dementias Education and Care
Created item 566: CRC - Archway Marketing Guide, Response: {'data': {'create_item': {'id': '9024031658'}}}
Upload complete for CRC - Archway Marketing Guide: 8 files uploaded
Created item 567: CRC - Community Interactive Project with FVSU, Response: {'data': {'create_item': {'id': '9024034098'}}}
No deliverable files to upload for project: CRC - Community Interactive Project with FVSU
Created item 568: CRC - Downtown Alleyway Activation, Response: {'data': {'create_item': {'id': '9024034210'}}}
Upload complete for CRC - Downtown Alleyway Activation: 3 files uploaded
Created item 569: CRC - Downtown Amphitheater Design, Response: {'data': {'create_item': {'id': '9024035297'}}}
Upload complete for CRC - Downtown Amphitheater Design: 7 files uploaded
Created item 570: CRC - Downtown Pedestrian Bridge, Response: {'data': {'create_item': {'id': '9024038315'}}}
Upload complete for CRC - Downtown Pedestrian Bridge: 5 files uploaded
Created item 571: CRC - Downtown Revitalization, Response: {'data': {'create_item': {'id': '9024040769'}}}
No deliverable files to upload for project: CRC - Downtown Revitalization
Created item 572: CRC - Downtown Walking Trail, Response: {'data': {'create_item': {'id': '9024041022'}}}
No deliverable files to upload for project: CRC - Downtown Walking Trail
Created item 573: CRC - Economic Designation Research, Response: {'data': {'create_item': {'id': '9024041244'}}}
No deliverable files to upload for project: CRC - Economic Designation Research
Created item 574: CRC - Marketing Analysis, Response: {'data': {'create_item': {'id': '9024041455'}}}
No deliverable files to upload for project: CRC - Marketing Analysis
Created item 575: CRC - Resilient Infrastructure Site Planning, Response: {'data': {'create_item': {'id': '9024041709'}}}
No deliverable files to upload for project: CRC - Resilient Infrastructure Site Planning
Created item 576: CRC - Sewage Infrastructure Research, Response: {'data': {'create_item': {'id': '9024042044'}}}
Upload complete for CRC - Sewage Infrastructure Research: 3 files uploaded
Created item 577: CRC - Workforce & Economic Development Strategic Planning, Response: {'data': {'create_item': {'id': '9024044419'}}}
No deliverable files to upload for project: CRC - Workforce & Economic Development Strategic Planning
Created item 578: CRC Gateway Sign Addition, Response: {'data': {'create_item': {'id': '9024044574'}}}
Upload complete for CRC Gateway Sign Addition: 2 files uploaded
Created item 579: CRC Resiliency Plan Development, Response: {'data': {'create_item': {'id': '9024045293'}}}
No deliverable files to upload for project: CRC Resiliency Plan Development
Created item 580: CRC Silver Designation Event, Response: {'data': {'create_item': {'id': '9024045424'}}}
No deliverable files to upload for project: CRC Silver Designation Event
Created item 581: CRC: Aging in Place, Response: {'data': {'create_item': {'id': '9024045582'}}}
Upload complete for CRC: Aging in Place: 3 files uploaded
Created item 582: CRC: Connect Newton 2.0, Response: {'data': {'create_item': {'id': '9024046526'}}}
Upload complete for CRC: Connect Newton 2.0: 3 files uploaded
Created item 583: CRC: Downtown Thomaston Revitalization, Response: {'data': {'create_item': {'id': '9024047378'}}}
Upload complete for CRC: Downtown Thomaston Revitalization: 3 files uploaded
Created item 584: CRC: Madison County ED Planning, Response: {'data': {'create_item': {'id': '9024048774'}}}
No deliverable files to upload for project: CRC: Madison County ED Planning
Created item 585: CRC: Newton County Community Writing, Response: {'data': {'create_item': {'id': '9024048923'}}}
Upload complete for CRC: Newton County Community Writing: 5 files uploaded
Created item 586: CRC: Newton County Land Use Education, Response: {'data': {'create_item': {'id': '9024049948'}}}
No deliverable files to upload for project: CRC: Newton County Land Use Education
Created item 587: CRC: Newton County Workforce Retention, Response: {'data': {'create_item': {'id': '9024050046'}}}
Upload complete for CRC: Newton County Workforce Retention: 2 files uploaded
Created item 588: CRC: Taylor Regional Hospital 2025 Community Health Needs Assessment (CHNA), Response: {'data': {'create_item': {'id': '9024050586'}}}
No deliverable files to upload for project: CRC: Taylor Regional Hospital 2025 Community Health Needs Assessment (CHNA)
Created item 589: CRC: Thomaston Health & Wellness, Response: {'data': {'create_item': {'id': '9024050698'}}}
Upload complete for CRC: Thomaston Health & Wellness: 6 files uploaded
Created item 590: CRC: Thomaston Housing Needs Assessment, Response: {'data': {'create_item': {'id': '9024052810'}}}
Upload complete for CRC: Thomaston Housing Needs Assessment: 2 files uploaded
Created item 591: Creating policy manual, marketing for Cultral Arts and Community Bldg, Response: {'data': {'create_item': {'id': '9024055670'}}}
No deliverable files to upload for project: Creating policy manual, marketing for Cultral Arts and Community Bldg
Created item 592: Creation of a business plan for Downtown Dalton, Response: {'data': {'create_item': {'id': '9024056004'}}}
Upload complete for Creation of a business plan for Downtown Dalton: 5 files uploaded
Created item 593: Creation of a program for African American Heritage Day, Response: {'data': {'create_item': {'id': '9024057677'}}}
Upload complete for Creation of a program for African American Heritage Day: 1 files uploaded
Created item 594: Creation of web-based intranet portal for Moultrie Technical College's Inventory Management Systems, Response: {'data': {'create_item': {'id': '9024129104'}}}
Upload complete for Creation of web-based intranet portal for Moultrie Technical College's Inventory Management Systems: 9 files uploaded
Created item 595: Creative Healing Design Project for Family Medicine, Response: {'data': {'create_item': {'id': '9024131697'}}}
No deliverable files to upload for project: Creative Healing Design Project for Family Medicine
Created item 596: Creative Healing Student Art Display, Response: {'data': {'create_item': {'id': '9024131838'}}}
No deliverable files to upload for project: Creative Healing Student Art Display
Created item 597: Creative Incentives for Downtown Retail Development, Response: {'data': {'create_item': {'id': '9024131933'}}}
Upload complete for Creative Incentives for Downtown Retail Development: 1 files uploaded
Created item 598: Crime Data Analysis for Griffin PD, Response: {'data': {'create_item': {'id': '9024132280'}}}
Upload complete for Crime Data Analysis for Griffin PD: 1 files uploaded
Created item 599: Crime Report, Response: {'data': {'create_item': {'id': '9024132658'}}}
Upload complete for Crime Report: 3 files uploaded
Created item 600: Crime Report - Countywide, Response: {'data': {'create_item': {'id': '9024133931'}}}
Upload complete for Crime Report - Countywide: 1 files uploaded
Created item 601: CRMC Grant Funding Research, Response: {'data': {'create_item': {'id': '9024134988'}}}
Upload complete for CRMC Grant Funding Research: 1 files uploaded