Logging started at 2025-04-28 16:31:14.274000. Log file: logs\monday_upload_20250428_163114.log
Created item 741: Engineering PDF Design Improvements, Response: {'data': {'create_item': {'id': '9024373179'}}}
Upload complete for Engineering PDF Design Improvements: 3 files uploaded
Created item 742: Engineering Senior Capstone Projects 2015-16, Response: {'data': {'create_item': {'id': '9024374005'}}}
No deliverable files to upload for project: Engineering Senior Capstone Projects 2015-16
Created item 743: ENGR Hartwell City Hall Parking Lot and Pocket Park Design, Response: {'data': {'create_item': {'id': '9024374082'}}}
Upload complete for ENGR Hartwell City Hall Parking Lot and Pocket Park Design: 3 files uploaded
Created item 744: ENGR Reimagining Hartwell's E. Johnson Street, Response: {'data': {'create_item': {'id': '9024374924'}}}
Upload complete for ENGR Reimagining Hartwell's E. Johnson Street: 3 files uploaded
Created item 745: Entrance Design for Hart County Botanical Garden, Response: {'data': {'create_item': {'id': '9024377246'}}}
Upload complete for Entrance Design for Hart County Botanical Garden: 4 files uploaded
Created item 746: Entryway Revitalization Plan - Crossroads Academy and Performance Learning Center, Response: {'data': {'create_item': {'id': '9024378466'}}}
No deliverable files to upload for project: Entryway Revitalization Plan - Crossroads Academy and Performance Learning Center
Created item 747: Entryway Signage Design for Industrial Park, Response: {'data': {'create_item': {'id': '9024378556'}}}
No deliverable files to upload for project: Entryway Signage Design for Industrial Park
Created item 748: Environmental Scan Update, Response: {'data': {'create_item': {'id': '9024378652'}}}
Upload complete for Environmental Scan Update: 2 files uploaded
Created item 749: ESC Sponsorship Packet Design, Response: {'data': {'create_item': {'id': '9024379465'}}}
No deliverable files to upload for project: ESC Sponsorship Packet Design
Created item 750: Evaluate THRIVE Atlas Ministries, Response: {'data': {'create_item': {'id': '9024379686'}}}
No deliverable files to upload for project: Evaluate THRIVE Atlas Ministries
Created item 751: Evaluation Infographics, Response: {'data': {'create_item': {'id': '9024379871'}}}
Upload complete for Evaluation Infographics: 12 files uploaded
Created item 752: Evaluation of E-Walk Program (Clayton County Public Schools - Research Information), Response: {'data': {'create_item': {'id': '9024386261'}}}
No deliverable files to upload for project: Evaluation of E-Walk Program (Clayton County Public Schools - Research Information)
Created item 753: Evaluation of Housing Stock, Response: {'data': {'create_item': {'id': '9024386369'}}}
No deliverable files to upload for project: Evaluation of Housing Stock
Created item 754: Evaluation of online citizen issue reporting service(s), Response: {'data': {'create_item': {'id': '9024386472'}}}
No deliverable files to upload for project: Evaluation of online citizen issue reporting service(s)
Created item 755: Evaluation Plan Graphic Design, Response: {'data': {'create_item': {'id': '9024386556'}}}
No deliverable files to upload for project: Evaluation Plan Graphic Design
Created item 756: Event Flyer, Response: {'data': {'create_item': {'id': '9024386671'}}}
Upload complete for Event Flyer: 1 files uploaded
Created item 757: Evidence-based Sex Education/STD Reduction Programs, Response: {'data': {'create_item': {'id': '9024386934'}}}
Upload complete for Evidence-based Sex Education/STD Reduction Programs: 7 files uploaded
Created item 758: Exec Committee Retreat, Response: {'data': {'create_item': {'id': '9024452710'}}}
No deliverable files to upload for project: Exec Committee Retreat
Created item 759: Existing Industries Appreciation Breakfast Invite, Response: {'data': {'create_item': {'id': '9024452812'}}}
Upload complete for Existing Industries Appreciation Breakfast Invite: 1 files uploaded
Created item 760: Existing Industries Breakfast Postcard update, Response: {'data': {'create_item': {'id': '9024453150'}}}
No deliverable files to upload for project: Existing Industries Breakfast Postcard update
Created item 761: Existing Industries Roundtable Breakfast Postcard, Response: {'data': {'create_item': {'id': '9024453243'}}}
No deliverable files to upload for project: Existing Industries Roundtable Breakfast Postcard
Created item 762: Existing Industries Roundtable Kick-off Event, Response: {'data': {'create_item': {'id': '9024453428'}}}
Upload complete for Existing Industries Roundtable Kick-off Event: 1 files uploaded
Created item 763: Exit 172- Sign and Landscape Design, Response: {'data': {'create_item': {'id': '9024453944'}}}
Upload complete for Exit 172- Sign and Landscape Design: 2 files uploaded
Created item 764: Facade improvements for E. Haynes Street, Response: {'data': {'create_item': {'id': '9024455035'}}}
No deliverable files to upload for project: Facade improvements for E. Haynes Street
Created item 765: Facilitate discussion regarding plans and preparations for 2012 SPLOST, including mayors & council members from all municipalities in Colquitt Co., Response: {'data': {'create_item': {'id': '9024455233'}}}
No deliverable files to upload for project: Facilitate discussion regarding plans and preparations for 2012 SPLOST, including mayors & council members from all municipalities in Colquitt Co.
Created item 766: Facilitated Visioning by Matt Bishop, Fanning, Response: {'data': {'create_item': {'id': '9024455426'}}}
Upload complete for Facilitated Visioning by Matt Bishop, Fanning: 4 files uploaded
Created item 767: Facilitation Event, Response: {'data': {'create_item': {'id': '9024456382'}}}
Upload complete for Facilitation Event: 1 files uploaded
Created item 768: Facilitation for Colquitt Regional Medical Center Hospital Authority meeting, Response: {'data': {'create_item': {'id': '9024456693'}}}
No deliverable files to upload for project: Facilitation for Colquitt Regional Medical Center Hospital Authority meeting
Created item 769: Facilitation for United Way Stratetic Planning Session, Response: {'data': {'create_item': {'id': '9024456776'}}}
No deliverable files to upload for project: Facilitation for United Way Stratetic Planning Session
Created item 770: Facilitation Training, Response: {'data': {'create_item': {'id': '9024456900'}}}
No deliverable files to upload for project: Facilitation Training
Created item 771: Facilitation Training Assictance, Response: {'data': {'create_item': {'id': '9024457027'}}}
No deliverable files to upload for project: Facilitation Training Assictance
Created item 772: Facilitator for Public Hearing on Sandersville Elementary School, Response: {'data': {'create_item': {'id': '9024457145'}}}
No deliverable files to upload for project: Facilitator for Public Hearing on Sandersville Elementary School
Created item 773: Facility Study- City of Tennille, Response: {'data': {'create_item': {'id': '9024457266'}}}
Upload complete for Facility Study- City of Tennille: 2 files uploaded
Created item 774: Fall Line East and West Industrial Park Landscape Design, Response: {'data': {'create_item': {'id': '9024458067'}}}
Upload complete for Fall Line East and West Industrial Park Landscape Design: 2 files uploaded
Created item 775: Fall Line History, Response: {'data': {'create_item': {'id': '9024458611'}}}
No deliverable files to upload for project: Fall Line History
Created item 776: Fanning ICLI Leadership Initiative, Response: {'data': {'create_item': {'id': '9024458695'}}}
No deliverable files to upload for project: Fanning ICLI Leadership Initiative
Created item 777: Farmer's Market Building, Response: {'data': {'create_item': {'id': '9024458766'}}}
Upload complete for Farmer's Market Building: 6 files uploaded
Created item 778: Farmers Insurance Mural, Response: {'data': {'create_item': {'id': '9024460791'}}}
Upload complete for Farmers Insurance Mural: 5 files uploaded
Created item 779: Farmers Market Design, Response: {'data': {'create_item': {'id': '9024463912'}}}
Upload complete for Farmers Market Design: 2 files uploaded
Created item 780: Farmers Market Design (Rural & Urban), Response: {'data': {'create_item': {'id': '9024464316'}}}
Upload complete for Farmers Market Design (Rural & Urban): 2 files uploaded
Created item 781: Farmworker Health Summer Program - Ellenton Clinic (Summer 2009), Response: {'data': {'create_item': {'id': '9024464621'}}}
Upload complete for Farmworker Health Summer Program - Ellenton Clinic (Summer 2009): 3 files uploaded
Created item 782: FC Literacy Guide Made Into Rack Cards, Response: {'data': {'create_item': {'id': '9024465209'}}}
No deliverable files to upload for project: FC Literacy Guide Made Into Rack Cards
Created item 783: Feasibility of Repurposing Old County Jail, Response: {'data': {'create_item': {'id': '9024465278'}}}
Upload complete for Feasibility of Repurposing Old County Jail: 4 files uploaded
Created item 784: Feasibility Study for United Way, Response: {'data': {'create_item': {'id': '9024466855'}}}
Upload complete for Feasibility Study for United Way: 1 files uploaded
Created item 785: Feasibility study of ambulatory clinic, Response: {'data': {'create_item': {'id': '9024467364'}}}
No deliverable files to upload for project: Feasibility study of ambulatory clinic
Created item 786: Feasibility Study on a Cost Effective Filtration System for Bowersville's Artesian Well, Response: {'data': {'create_item': {'id': '9024467544'}}}
No deliverable files to upload for project: Feasibility Study on a Cost Effective Filtration System for Bowersville's Artesian Well
Created item 787: Feasibility Study on Plasma Gasification System for Forest Park, Response: {'data': {'create_item': {'id': '9024467767'}}}
Upload complete for Feasibility Study on Plasma Gasification System for Forest Park: 1 files uploaded
Created item 788: Federal Opportunity Zones Report, Response: {'data': {'create_item': {'id': '9024468209'}}}
Upload complete for Federal Opportunity Zones Report: 1 files uploaded
Created item 789: Federally Qualified Health Center (FQHC), Response: {'data': {'create_item': {'id': '9024468481'}}}
Upload complete for Federally Qualified Health Center (FQHC): 5 files uploaded
Created item 790: Federally Qualified Healthcare Center, Response: {'data': {'create_item': {'id': '9024471872'}}}
Upload complete for Federally Qualified Healthcare Center: 2 files uploaded
Created item 791: Feeding Children Initiatives / Food Insecurities, Response: {'data': {'create_item': {'id': '9024472639'}}}
No deliverable files to upload for project: Feeding Children Initiatives / Food Insecurities
Created item 792: Ferst Readers Grant Research, Response: {'data': {'create_item': {'id': '9024472745'}}}
Upload complete for Ferst Readers Grant Research: 1 files uploaded
Created item 793: Ferst Readers vs Imagination Library CrossWalk, Response: {'data': {'create_item': {'id': '9024472961'}}}
Upload complete for Ferst Readers vs Imagination Library CrossWalk: 1 files uploaded
Created item 794: Fillable PDFs, Response: {'data': {'create_item': {'id': '9024473185'}}}
Upload complete for Fillable PDFs: 3 files uploaded
Created item 795: Financial Literacy Promo Materials, Response: {'data': {'create_item': {'id': '9024473967'}}}
Upload complete for Financial Literacy Promo Materials: 3 files uploaded
Created item 796: FindIt Survey for Georgia Main Street Accreditation, Response: {'data': {'create_item': {'id': '9024474807'}}}
Upload complete for FindIt Survey for Georgia Main Street Accreditation: 3 files uploaded
Created item 797: Fine Arts Partnership, Response: {'data': {'create_item': {'id': '9024475812'}}}
Upload complete for Fine Arts Partnership: 5 files uploaded
Created item 798: Fire House Museum Site Plan, Response: {'data': {'create_item': {'id': '9024476880'}}}
Upload complete for Fire House Museum Site Plan: 1 files uploaded
Created item 799: First Baptist Church Preschool Design, Response: {'data': {'create_item': {'id': '9024477578'}}}
No deliverable files to upload for project: First Baptist Church Preschool Design
Created item 800: First Love Kids Strategic Planning, Response: {'data': {'create_item': {'id': '9024477666'}}}
Upload complete for First Love Kids Strategic Planning: 2 files uploaded
Created item 801: Fishers of Men flyer, Response: {'data': {'create_item': {'id': '9024478051'}}}
Upload complete for Fishers of Men flyer: 1 files uploaded
