Logging started at 2025-05-02 14:50:53.218908. Log file: logs\monday_upload_20250502_145053.log
Created item 1302: ILA Student MedLink Georgia Marketing Plan, Response: {'data': {'create_item': {'id': '9058523019'}}}
Upload complete for ILA Student MedLink Georgia Marketing Plan: 5 files uploaded
Created item 1303: ILA: Addressing Adult Workforce Opportunities, Response: {'data': {'create_item': {'id': '9058524553'}}}
No deliverable files to upload for project: ILA: Addressing Adult Workforce Opportunities
Created item 1304: ILA: Colquitt County Branding marketing plan, Response: {'data': {'create_item': {'id': '9058524649'}}}
No deliverable files to upload for project: ILA: Colquitt County Branding marketing plan
Created item 1305: ILA: Colquitt County Scholarship Marketing, Response: {'data': {'create_item': {'id': '9058524758'}}}
Upload complete for ILA: Colquitt County Scholarship Marketing: 3 files uploaded
Created item 1306: ILA: Creative Connections, Response: {'data': {'create_item': {'id': '9058525338'}}}
No deliverable files to upload for project: ILA: Creative Connections
Created item 1307: ILA: Deeper than a Band-Aid (Addressing Mental Health), Response: {'data': {'create_item': {'id': '9058525413'}}}
Upload complete for ILA: Deeper than a Band-Aid (Addressing Mental Health): 3 files uploaded
Created item 1308: ILA: Deeper than a Band-Aid (Part II), Response: {'data': {'create_item': {'id': '9058526181'}}}
Upload complete for ILA: Deeper than a Band-Aid (Part II): 2 files uploaded
Created item 1309: ILA: Exploring a Regional Approach to Development, Response: {'data': {'create_item': {'id': '9058526577'}}}
Upload complete for ILA: Exploring a Regional Approach to Development: 6 files uploaded
Created item 1310: ILA: Feeding Children Initiative, Response: {'data': {'create_item': {'id': '9058527664'}}}
Upload complete for ILA: Feeding Children Initiative: 8 files uploaded
Created item 1311: ILA: Generation Z/Millenial Downtown Development, Response: {'data': {'create_item': {'id': '9058531238'}}}
Upload complete for ILA: Generation Z/Millenial Downtown Development: 3 files uploaded
Created item 1312: ILA: Hillcrest Farms Field Trip Project, Response: {'data': {'create_item': {'id': '9058532459'}}}
No deliverable files to upload for project: ILA: Hillcrest Farms Field Trip Project
Created item 1313: ILA: Moultrie Redevelopment Team (Nontraditional Job Research), Response: {'data': {'create_item': {'id': '9058532666'}}}
Upload complete for ILA: Moultrie Redevelopment Team (Nontraditional Job Research): 4 files uploaded
Created item 1314: ILA: Multi-purpose Walking Trail in Dearing, Response: {'data': {'create_item': {'id': '9058534720'}}}
Upload complete for ILA: Multi-purpose Walking Trail in Dearing: 2 files uploaded
Created item 1315: ILA: White Hills Service Expansion Plan, Response: {'data': {'create_item': {'id': '9058536099'}}}
Upload complete for ILA: White Hills Service Expansion Plan: 7 files uploaded
Created item 1316: Impact Statement Redesign, Response: {'data': {'create_item': {'id': '9058539245'}}}
Upload complete for Impact Statement Redesign: 1 files uploaded
Created item 1317: Impact Statements 2015, Response: {'data': {'create_item': {'id': '9058539592'}}}
No deliverable files to upload for project: Impact Statements 2015
Created item 1318: Impact Study of Plant Washington on Washington County, Response: {'data': {'create_item': {'id': '9058539684'}}}
No deliverable files to upload for project: Impact Study of Plant Washington on Washington County
Created item 1319: Industrial Park Entry Signage at intersection of Industrial Drive and Industrial Parkway in Moultrie, Response: {'data': {'create_item': {'id': '9058539806'}}}
Upload complete for Industrial Park Entry Signage at intersection of Industrial Drive and Industrial Parkway in Moultrie: 1 files uploaded
Created item 1320: Industrial Park Trail Concepts, Response: {'data': {'create_item': {'id': '9058540194'}}}
Upload complete for Industrial Park Trail Concepts: 7 files uploaded
Created item 1321: Industry Round table-Great Promise Partnership, Response: {'data': {'create_item': {'id': '9058541795'}}}
No deliverable files to upload for project: Industry Round table-Great Promise Partnership
Created item 1322: Information Technology General Internship, Response: {'data': {'create_item': {'id': '9058541870'}}}
No deliverable files to upload for project: Information Technology General Internship
Created item 1323: Inmate Recidivism Research (regarding inmate usage as firemen), Response: {'data': {'create_item': {'id': '9058541962'}}}
No deliverable files to upload for project: Inmate Recidivism Research (regarding inmate usage as firemen)
Created item 1324: Innovative Learning Center Grant Research, Response: {'data': {'create_item': {'id': '9058542044'}}}
Upload complete for Innovative Learning Center Grant Research: 2 files uploaded
Created item 1325: Innovative Learning Center Grant Research, Response: {'data': {'create_item': {'id': '9058542465'}}}
Upload complete for Innovative Learning Center Grant Research: 2 files uploaded
Created item 1326: Institute for Nonprofit Organizations Grant Writing Class, Response: {'data': {'create_item': {'id': '9058542948'}}}
Upload complete for Institute for Nonprofit Organizations Grant Writing Class: 4 files uploaded
Created item 1327: Integration of Data for Hart County Clerk of Courts and Tax Assesor's Office, Response: {'data': {'create_item': {'id': '9058543675'}}}
No deliverable files to upload for project: Integration of Data for Hart County Clerk of Courts and Tax Assesor's Office
Created item 1328: Intergovernmental Economic Retreat, Response: {'data': {'create_item': {'id': '9058543775'}}}
Upload complete for Intergovernmental Economic Retreat: 2 files uploaded
Created item 1329: Intergovernmental Mini-retreat_Aug 2017, Response: {'data': {'create_item': {'id': '9058544190'}}}
Upload complete for Intergovernmental Mini-retreat_Aug 2017: 1 files uploaded
Created item 1330: Intergovernmental Plan Design, Response: {'data': {'create_item': {'id': '9058544451'}}}
Upload complete for Intergovernmental Plan Design: 1 files uploaded
Created item 1331: Intergovernmental Recycling Program Business Process Study, Response: {'data': {'create_item': {'id': '9058544782'}}}
No deliverable files to upload for project: Intergovernmental Recycling Program Business Process Study
Created item 1332: Intergovernmental Retreat, Response: {'data': {'create_item': {'id': '9058544876'}}}
Upload complete for Intergovernmental Retreat: 2 files uploaded
Created item 1333: Intergovernmental Retreat 2016, Response: {'data': {'create_item': {'id': '9058545380'}}}
Upload complete for Intergovernmental Retreat 2016: 4 files uploaded
Created item 1334: Intergovernmental Retreat Save the Date Flyer, Response: {'data': {'create_item': {'id': '9058545965'}}}
Upload complete for Intergovernmental Retreat Save the Date Flyer: 1 files uploaded
Created item 1335: Interior Design Plans - R.D. Smith teen building (Boys and Girls Club), Response: {'data': {'create_item': {'id': '9058546208'}}}
No deliverable files to upload for project: Interior Design Plans - R.D. Smith teen building (Boys and Girls Club)
Created item 1336: Interior Design Plans for SES, Response: {'data': {'create_item': {'id': '9058546286'}}}
Upload complete for Interior Design Plans for SES: 1 files uploaded
Created item 1337: Interior Design Project - Florrie Chappell Gymnasium at GWS, Response: {'data': {'create_item': {'id': '9058547069'}}}
Upload complete for Interior Design Project - Florrie Chappell Gymnasium at GWS: 10 files uploaded
Created item 1338: Internet Marketing Assistance, Response: {'data': {'create_item': {'id': '9058548829'}}}
Upload complete for Internet Marketing Assistance: 1 files uploaded
Created item 1339: Internship for Leadership Legends, Response: {'data': {'create_item': {'id': '9058549234'}}}
Upload complete for Internship for Leadership Legends: 1 files uploaded
Created item 1340: Internship for Leadership Legends, Response: {'data': {'create_item': {'id': '9058549727'}}}
No deliverable files to upload for project: Internship for Leadership Legends
Created item 1341: Interstate Beatification Project (Inviting Interstate Destination), Response: {'data': {'create_item': {'id': '9058549925'}}}
Upload complete for Interstate Beatification Project (Inviting Interstate Destination): 1 files uploaded
Created item 1342: Interviewing community-based social service providers who serve children and youth, Response: {'data': {'create_item': {'id': '9058550550'}}}
No deliverable files to upload for project: Interviewing community-based social service providers who serve children and youth
Created item 1343: Interviews for CDBG, Response: {'data': {'create_item': {'id': '9058550734'}}}
No deliverable files to upload for project: Interviews for CDBG
Created item 1344: Inventory of Assets for Econ. Dev., Response: {'data': {'create_item': {'id': '9058550917'}}}
Upload complete for Inventory of Assets for Econ. Dev.: 1 files uploaded
Created item 1345: Inventory of County Ordinances, Response: {'data': {'create_item': {'id': '9058551222'}}}
No deliverable files to upload for project: Inventory of County Ordinances
Created item 1346: Invitation, Response: {'data': {'create_item': {'id': '9058551346'}}}
Upload complete for Invitation: 1 files uploaded
Created item 1347: Invitation for Hart Co Poverty Dialogue event, Response: {'data': {'create_item': {'id': '9058551668'}}}
Upload complete for Invitation for Hart Co Poverty Dialogue event: 1 files uploaded
Created item 1348: Invitation for the Hart County Engineering Project Presentations, Response: {'data': {'create_item': {'id': '9058551882'}}}
Upload complete for Invitation for the Hart County Engineering Project Presentations: 1 files uploaded
Created item 1349: Jackson Road Intersection Analysis Project, Response: {'data': {'create_item': {'id': '9058552236'}}}
Upload complete for Jackson Road Intersection Analysis Project: 4 files uploaded
Created item 1350: Jackson Street Feasibility Study, Response: {'data': {'create_item': {'id': '9058553251'}}}
No deliverable files to upload for project: Jackson Street Feasibility Study
Created item 1351: January Regional Tourism Roundtable, Response: {'data': {'create_item': {'id': '9058553347'}}}
No deliverable files to upload for project: January Regional Tourism Roundtable
Created item 1352: January Tourism Roundtable, Response: {'data': {'create_item': {'id': '9058553459'}}}
No deliverable files to upload for project: January Tourism Roundtable
Created item 1353: Japanese Culture and Protocol Event, Response: {'data': {'create_item': {'id': '9058553579'}}}
No deliverable files to upload for project: Japanese Culture and Protocol Event
Created item 1354: Jaycee Park Phase II, Response: {'data': {'create_item': {'id': '9058553700'}}}
Upload complete for Jaycee Park Phase II: 1 files uploaded
Created item 1355: Jaycee Park Re-Design, Response: {'data': {'create_item': {'id': '9058554750'}}}
Upload complete for Jaycee Park Re-Design: 7 files uploaded
Created item 1356: JDA Research on Incentives/Economic Development study, Response: {'data': {'create_item': {'id': '9058557501'}}}
No deliverable files to upload for project: JDA Research on Incentives/Economic Development study
Created item 1357: JDA Training from CVIOG, Response: {'data': {'create_item': {'id': '9058557615'}}}
Upload complete for JDA Training from CVIOG: 1 files uploaded
Created item 1358: JDA Web Design Elements, Response: {'data': {'create_item': {'id': '9058557878'}}}
No deliverable files to upload for project: JDA Web Design Elements
Created item 1359: JDA Web site Translation (into Chinese), Response: {'data': {'create_item': {'id': '9058557952'}}}
Upload complete for JDA Web site Translation (into Chinese): 6 files uploaded
Created item 1360: JDA Web site Translation (into German), Response: {'data': {'create_item': {'id': '9058560859'}}}
Upload complete for JDA Web site Translation (into German): 1 files uploaded
Created item 1361: Jesters Creek Nature Trails, Response: {'data': {'create_item': {'id': '9058561326'}}}
Upload complete for Jesters Creek Nature Trails: 7 files uploaded
Created item 1362: Joint Board Retreat: Glynn CO BOE, Golden Isles Career Acadmey & Altamaha Tech College, Response: {'data': {'create_item': {'id': '9058562752'}}}
No deliverable files to upload for project: Joint Board Retreat: Glynn CO BOE, Golden Isles Career Acadmey & Altamaha Tech College
Created item 1363: Joint Public Authorities Goard Development Training (Board Development Training for the City of Hawkinsville Downtown Development Authority), Response: {'data': {'create_item': {'id': '9058562851'}}}
No deliverable files to upload for project: Joint Public Authorities Goard Development Training (Board Development Training for the City of Hawkinsville Downtown Development Authority)
Created item 1364: Joint Strategic Planning (Intergovernmental), Response: {'data': {'create_item': {'id': '9058562935'}}}
Upload complete for Joint Strategic Planning (Intergovernmental): 5 files uploaded
Created item 1365: Joint/Community Strategic Plan, Response: {'data': {'create_item': {'id': '9058563776'}}}
Upload complete for Joint/Community Strategic Plan: 2 files uploaded
Created item 1366: K-12 Model Workforce Training Program, Response: {'data': {'create_item': {'id': '9058564598'}}}
Upload complete for K-12 Model Workforce Training Program: 4 files uploaded
Created item 1367: K-12 Model Workforce Training Program, Response: {'data': {'create_item': {'id': '9058565695'}}}
Upload complete for K-12 Model Workforce Training Program: 3 files uploaded
Created item 1368: K-5 Reading Proficiency Campaign, Response: {'data': {'create_item': {'id': '9058566340'}}}
No deliverable files to upload for project: K-5 Reading Proficiency Campaign
Created item 1369: Kaolin Festival Branding, Response: {'data': {'create_item': {'id': '9058566539'}}}
Upload complete for Kaolin Festival Branding: 1 files uploaded
Created item 1370: Kaolin Festival Survey, Response: {'data': {'create_item': {'id': '9058567114'}}}
No deliverable files to upload for project: Kaolin Festival Survey
Created item 1371: Kaolin Field Lighting Grant Writing, Response: {'data': {'create_item': {'id': '9058567347'}}}
No deliverable files to upload for project: Kaolin Field Lighting Grant Writing
Created item 1372: Kaolin Museum Business Plan, Response: {'data': {'create_item': {'id': '9058567623'}}}
No deliverable files to upload for project: Kaolin Museum Business Plan
Created item 1373: Kaolin Museum Funding Narrative Brochure, Response: {'data': {'create_item': {'id': '9058567917'}}}
No deliverable files to upload for project: Kaolin Museum Funding Narrative Brochure
Created item 1374: Kaolin Video Project, Response: {'data': {'create_item': {'id': '9058568242'}}}
No deliverable files to upload for project: Kaolin Video Project
Created item 1375: Keep Thomson-McDuffie Beautiful Research, Response: {'data': {'create_item': {'id': '9058568500'}}}
Upload complete for Keep Thomson-McDuffie Beautiful Research: 3 files uploaded
Created item 1376: Kid-Friendly 'Get Healthy Habersham' Logo, Response: {'data': {'create_item': {'id': '9058569958'}}}
Upload complete for Kid-Friendly 'Get Healthy Habersham' Logo: 7 files uploaded
Created item 1377: Kinard's Cleaners Design, Response: {'data': {'create_item': {'id': '9058573978'}}}
Upload complete for Kinard's Cleaners Design: 10 files uploaded
Created item 1378: Knox Shopping Center Cost Estimates, Response: {'data': {'create_item': {'id': '9058579230'}}}
Upload complete for Knox Shopping Center Cost Estimates: 1 files uploaded
Created item 1379: Knox Shopping Center Landscape Design, Response: {'data': {'create_item': {'id': '9058579401'}}}
Upload complete for Knox Shopping Center Landscape Design: 3 files uploaded
Created item 1380: Lake Blackshear Regional Library Landscape Design, Response: {'data': {'create_item': {'id': '9058580078'}}}
Upload complete for Lake Blackshear Regional Library Landscape Design: 2 files uploaded
Created item 1381: Lamar Pecan, Response: {'data': {'create_item': {'id': '9058580431'}}}
Upload complete for Lamar Pecan: 3 files uploaded
Created item 1382: Land Bank Discussion - Lessons Learned, Response: {'data': {'create_item': {'id': '9058581342'}}}
No deliverable files to upload for project: Land Bank Discussion - Lessons Learned
Created item 1383: Land Use Clinic - Review of Access Options for Riverwalk, Response: {'data': {'create_item': {'id': '9058581414'}}}
Upload complete for Land Use Clinic - Review of Access Options for Riverwalk: 4 files uploaded
Created item 1384: Landfill Migration Study and Opinion for Necessity of Mitigation, Response: {'data': {'create_item': {'id': '9058581853'}}}
Upload complete for Landfill Migration Study and Opinion for Necessity of Mitigation: 2 files uploaded
Created item 1385: Landfill Redevelopment Research, Response: {'data': {'create_item': {'id': '9058582193'}}}
Upload complete for Landfill Redevelopment Research: 1 files uploaded
Created item 1386: Landscape Architecture Perspective of Downtown, Response: {'data': {'create_item': {'id': '9058582377'}}}
Upload complete for Landscape Architecture Perspective of Downtown: 1 files uploaded
Created item 1387: Landscape Design - R.D. Smith building (Boys and Girls Club), Response: {'data': {'create_item': {'id': '9058582543'}}}
Upload complete for Landscape Design - R.D. Smith building (Boys and Girls Club): 3 files uploaded
Created item 1388: Landscape design 2014-Olives, Response: {'data': {'create_item': {'id': '9058583409'}}}
No deliverable files to upload for project: Landscape design 2014-Olives
Created item 1389: Landscape Design assistance for City & County Boat Landings, Response: {'data': {'create_item': {'id': '9058583600'}}}
Upload complete for Landscape Design assistance for City & County Boat Landings: 2 files uploaded
Created item 1390: Landscape Design assistance for ECP/Eldercare, Response: {'data': {'create_item': {'id': '9058585770'}}}
No deliverable files to upload for project: Landscape Design assistance for ECP/Eldercare
Created item 1391: Landscape Design assistance for entryways into Olive Groves, Response: {'data': {'create_item': {'id': '9058585839'}}}
Upload complete for Landscape Design assistance for entryways into Olive Groves: 1 files uploaded
Created item 1392: Landscape Design assistance for Uchee Shoals Trail, Response: {'data': {'create_item': {'id': '9058586093'}}}
No deliverable files to upload for project: Landscape Design assistance for Uchee Shoals Trail
Created item 1393: Landscape Design for city park in Lake City, Response: {'data': {'create_item': {'id': '9058586174'}}}
No deliverable files to upload for project: Landscape Design for city park in Lake City
Created item 1394: Landscape Design for entryway and gardens at Colquitt Regional Medical Center, Response: {'data': {'create_item': {'id': '9058586242'}}}
No deliverable files to upload for project: Landscape Design for entryway and gardens at Colquitt Regional Medical Center
Created item 1395: Landscape design for HC Judicial Center, Response: {'data': {'create_item': {'id': '9058586336'}}}
Upload complete for Landscape design for HC Judicial Center: 4 files uploaded
Created item 1396: Landscape design for Heritage Square in city of Norman Park, Response: {'data': {'create_item': {'id': '9058587366'}}}
No deliverable files to upload for project: Landscape design for Heritage Square in city of Norman Park
Created item 1397: Landscape Design for Industrial Park, Response: {'data': {'create_item': {'id': '9058587503'}}}
Upload complete for Landscape Design for Industrial Park: 2 files uploaded
Created item 1398: Landscape design for Moultrie-Colquitt Co. Development Authority property including entryway, walking trail and park, Response: {'data': {'create_item': {'id': '9058587970'}}}
No deliverable files to upload for project: Landscape design for Moultrie-Colquitt Co. Development Authority property including entryway, walking trail and park
Created item 1399: Landscape Design for New Interchange I-75/exit 233, Response: {'data': {'create_item': {'id': '9058588076'}}}
No deliverable files to upload for project: Landscape Design for New Interchange I-75/exit 233
Created item 1400: Landscape Design for WCRMC, Response: {'data': {'create_item': {'id': '9058588156'}}}
No deliverable files to upload for project: Landscape Design for WCRMC
Created item 1401: Landscape design of park/green space outside Genealogy Museum, Response: {'data': {'create_item': {'id': '9058588208'}}}
No deliverable files to upload for project: Landscape design of park/green space outside Genealogy Museum
