Logging started at 2025-04-29 12:31:40.581287. Log file: logs\monday_upload_20250429_123140.log
Created item 902: Georgia Hi-Lo Trail Economic Impact Study, Response: {'data': {'create_item': {'id': '9031442837'}}}
Upload complete for Georgia Hi-Lo Trail Economic Impact Study: 1 files uploaded
Created item 903: Georgia Historical Plates, Response: {'data': {'create_item': {'id': '9031443255'}}}
No deliverable files to upload for project: Georgia Historical Plates
Created item 904: Georgia LEADS Renewal and Expansion, Response: {'data': {'create_item': {'id': '9031443363'}}}
Upload complete for Georgia LEADS Renewal and Expansion: 2 files uploaded
Created item 905: Georgia Pines materials, Response: {'data': {'create_item': {'id': '9031443806'}}}
No deliverable files to upload for project: Georgia Pines materials
Created item 906: Georgia Plates Photography Session, Response: {'data': {'create_item': {'id': '9031443916'}}}
No deliverable files to upload for project: Georgia Plates Photography Session
Created item 907: Georgia Rural Medical Scholar Program - Non-Profit development, Response: {'data': {'create_item': {'id': '9031444014'}}}
No deliverable files to upload for project: Georgia Rural Medical Scholar Program - Non-Profit development
Created item 908: Georgia Southern Health Surveys, Response: {'data': {'create_item': {'id': '9031444115'}}}
No deliverable files to upload for project: Georgia Southern Health Surveys
Created item 909: Georgia Work Ready, Response: {'data': {'create_item': {'id': '9031444201'}}}
Upload complete for Georgia Work Ready: 1 files uploaded
Created item 910: GeorgiaLEADS, Response: {'data': {'create_item': {'id': '9031444470'}}}
No deliverable files to upload for project: GeorgiaLEADS
Created item 911: GeorgiaLEADS 2015, Response: {'data': {'create_item': {'id': '9031444571'}}}
No deliverable files to upload for project: GeorgiaLEADS 2015
Created item 912: GeorgiaLEADS 2015, Response: {'data': {'create_item': {'id': '9031444681'}}}
No deliverable files to upload for project: GeorgiaLEADS 2015
Created item 913: GeorgiaLEADS 2015, Response: {'data': {'create_item': {'id': '9031444816'}}}
No deliverable files to upload for project: GeorgiaLEADS 2015
Created item 914: Glynn County Emergency Disaster Kit, Response: {'data': {'create_item': {'id': '9031445223'}}}
Upload complete for Glynn County Emergency Disaster Kit: 1 files uploaded
Created item 915: Golden Isles Career Academy Retreat and Board Training, Response: {'data': {'create_item': {'id': '9031445691'}}}
Upload complete for Golden Isles Career Academy Retreat and Board Training: 2 files uploaded
Created item 916: Gordon Street Intersection Redesign, Response: {'data': {'create_item': {'id': '9031446196'}}}
Upload complete for Gordon Street Intersection Redesign: 5 files uploaded
Created item 917: Government Landscape, Response: {'data': {'create_item': {'id': '9031448953'}}}
Upload complete for Government Landscape: 7 files uploaded
Created item 918: Govt Office Space Inventory - City Hall, Response: {'data': {'create_item': {'id': '9031451233'}}}
Upload complete for Govt Office Space Inventory - City Hall: 1 files uploaded
Created item 919: Govt Office Space Inventory - Courthouse, Response: {'data': {'create_item': {'id': '9031451447'}}}
Upload complete for Govt Office Space Inventory - Courthouse: 1 files uploaded
Created item 920: GRAD Site Certification, Response: {'data': {'create_item': {'id': '9031451698'}}}
No deliverable files to upload for project: GRAD Site Certification
Created item 921: Graduation Design Work, Response: {'data': {'create_item': {'id': '9031451877'}}}
No deliverable files to upload for project: Graduation Design Work
Created item 922: Graduation Design Work, Response: {'data': {'create_item': {'id': '9031452157'}}}
Upload complete for Graduation Design Work: 1 files uploaded
Created item 923: Graduation Design Work, Response: {'data': {'create_item': {'id': '9031452837'}}}
Upload complete for Graduation Design Work: 3 files uploaded
Created item 924: Graduation Design Work, Response: {'data': {'create_item': {'id': '9031453738'}}}
Upload complete for Graduation Design Work: 1 files uploaded
Created item 925: Graduation Design Work, Response: {'data': {'create_item': {'id': '9031454188'}}}
Upload complete for Graduation Design Work: 1 files uploaded
Created item 926: Graduation Document, Response: {'data': {'create_item': {'id': '9031454468'}}}
Upload complete for Graduation Document: 3 files uploaded
Created item 927: Graduation Publication, Response: {'data': {'create_item': {'id': '9031455166'}}}
No deliverable files to upload for project: Graduation Publication
Created item 928: Graduation Save-the-Date, Response: {'data': {'create_item': {'id': '9031455274'}}}
Upload complete for Graduation Save-the-Date: 1 files uploaded
Created item 929: Grady Co JDA Heritage Industrial Complex Renovation, Response: {'data': {'create_item': {'id': '9031455601'}}}
Upload complete for Grady Co JDA Heritage Industrial Complex Renovation: 4 files uploaded
Created item 930: Grady County and City of Cairo Wage & Salary Study, Response: {'data': {'create_item': {'id': '9031456733'}}}
No deliverable files to upload for project: Grady County and City of Cairo Wage & Salary Study
Created item 931: Grady County Board of Education Strategic Plan, Response: {'data': {'create_item': {'id': '9031456901'}}}
Upload complete for Grady County Board of Education Strategic Plan: 17 files uploaded
Created item 932: Grady County Capital Asset Inventory - Part 3, Response: {'data': {'create_item': {'id': '9031459797'}}}
No deliverable files to upload for project: Grady County Capital Asset Inventory - Part 3
Created item 933: Grady County Capital Assets Inventory, Response: {'data': {'create_item': {'id': '9031459895'}}}
No deliverable files to upload for project: Grady County Capital Assets Inventory
Created item 934: Grady County Capital Assets Inventory, Response: {'data': {'create_item': {'id': '9031460016'}}}
Upload complete for Grady County Capital Assets Inventory: 1 files uploaded
Created item 935: Grady County EMA Website Development, Response: {'data': {'create_item': {'id': '9031460300'}}}
No deliverable files to upload for project: Grady County EMA Website Development
Created item 936: Grady County Entrepreneurial Opportunities and Economic Impact for Outdoor Recreation and Nature-Based Tourism 2020, Response: {'data': {'create_item': {'id': '9031460402'}}}
Upload complete for Grady County Entrepreneurial Opportunities and Economic Impact for Outdoor Recreation and Nature-Based Tourism 2020: 12 files uploaded
Created item 937: Grady County Export Sector & Economic Impacts, Response: {'data': {'create_item': {'id': '9031463233'}}}
Upload complete for Grady County Export Sector & Economic Impacts: 1 files uploaded
Created item 938: Grady County Financial Policies & Procedures, Response: {'data': {'create_item': {'id': '9031463475'}}}
No deliverable files to upload for project: Grady County Financial Policies & Procedures
Created item 939: Grady County Financial Policy & Procedure Manual, Response: {'data': {'create_item': {'id': '9031463535'}}}
Upload complete for Grady County Financial Policy & Procedure Manual: 2 files uploaded
Created item 940: Grady County Fire Department Maps, Response: {'data': {'create_item': {'id': '9031464176'}}}
Upload complete for Grady County Fire Department Maps: 10 files uploaded
Created item 941: Grady County Governmental Financial Management and Planning, Response: {'data': {'create_item': {'id': '9031466560'}}}
Upload complete for Grady County Governmental Financial Management and Planning: 9 files uploaded
Created item 942: Grady County Greenway Trail Improvements & Bridge Crossing Design, Response: {'data': {'create_item': {'id': '9031468717'}}}
Upload complete for Grady County Greenway Trail Improvements & Bridge Crossing Design: 1 files uploaded
Created item 943: Grady County Hospital Administration Internship, Response: {'data': {'create_item': {'id': '9031469225'}}}
Upload complete for Grady County Hospital Administration Internship: 1 files uploaded
Created item 944: Grady County Human Resources Policy Manual, Response: {'data': {'create_item': {'id': '9031469512'}}}
Upload complete for Grady County Human Resources Policy Manual: 1 files uploaded
Created item 945: Grady County Innovations in Community Leadership Initiative, Response: {'data': {'create_item': {'id': '9031469770'}}}
Upload complete for Grady County Innovations in Community Leadership Initiative: 6 files uploaded
Created item 946: Grady County Opportunity Zone Research, Response: {'data': {'create_item': {'id': '9031471597'}}}
Upload complete for Grady County Opportunity Zone Research: 2 files uploaded
Created item 947: Grady County Personnel Policy/Procedures Manual-Review and Revise, Response: {'data': {'create_item': {'id': '9031472549'}}}
Upload complete for Grady County Personnel Policy/Procedures Manual-Review and Revise: 3 files uploaded
Created item 948: Grady County RV Park Site Plan, Response: {'data': {'create_item': {'id': '9031473473'}}}
Upload complete for Grady County RV Park Site Plan: 17 files uploaded
Created item 949: Grady County School Board 'Whole Board' Training, Response: {'data': {'create_item': {'id': '9031477582'}}}
Upload complete for Grady County School Board 'Whole Board' Training: 4 files uploaded
Created item 950: Grady County Schools CHS CCA Ag Pathway Pollinator Garden, Response: {'data': {'create_item': {'id': '9031478920'}}}
No deliverable files to upload for project: Grady County Schools CHS CCA Ag Pathway Pollinator Garden
Created item 951: Grady County Schools CHS CCA Booklet Revisions, Response: {'data': {'create_item': {'id': '9031479031'}}}
Upload complete for Grady County Schools CHS CCA Booklet Revisions: 3 files uploaded
Created item 952: Grady County Schools CHS CCA Drone Presentation for Ag Students, Response: {'data': {'create_item': {'id': '9031479938'}}}
Upload complete for Grady County Schools CHS CCA Drone Presentation for Ag Students: 3 files uploaded
Created item 953: Grady County Schools CHS CCA Guidebook, Response: {'data': {'create_item': {'id': '9031480955'}}}
Upload complete for Grady County Schools CHS CCA Guidebook: 1 files uploaded
Created item 954: Grady County Schools CHS CCA Jackie Robinson Mural, Response: {'data': {'create_item': {'id': '9031481375'}}}
Upload complete for Grady County Schools CHS CCA Jackie Robinson Mural: 7 files uploaded
Created item 955: Grady County Teen Pregnancy Data, Response: {'data': {'create_item': {'id': '9031483281'}}}
Upload complete for Grady County Teen Pregnancy Data: 2 files uploaded
Created item 956: Grady County Tired Creek Lake Weed Control, Response: {'data': {'create_item': {'id': '9031483690'}}}
Upload complete for Grady County Tired Creek Lake Weed Control: 2 files uploaded
Created item 957: Grady County Water- Sewer Project Tired Creek Lake, Response: {'data': {'create_item': {'id': '9031484498'}}}
No deliverable files to upload for project: Grady County Water- Sewer Project Tired Creek Lake
Created item 958: Grady County's SPLOST-Funded Aquatic Center: Options and Opportunities, Response: {'data': {'create_item': {'id': '9031484725'}}}
Upload complete for Grady County's SPLOST-Funded Aquatic Center: Options and Opportunities: 3 files uploaded
Created item 959: Grady County-Entrepreneurial Opportunities and Economic Impact for Outdoor Recreation and Nature-Based Tourism 2021, Response: {'data': {'create_item': {'id': '9031486197'}}}
Upload complete for Grady County-Entrepreneurial Opportunities and Economic Impact for Outdoor Recreation and Nature-Based Tourism 2021: 6 files uploaded
Created item 960: Grady General Hospital Expansion Site Plan, Response: {'data': {'create_item': {'id': '9031487343'}}}
Upload complete for Grady General Hospital Expansion Site Plan: 6 files uploaded
Created item 961: Grady General Hospital Summer Internship Program, Response: {'data': {'create_item': {'id': '9031488467'}}}
Upload complete for Grady General Hospital Summer Internship Program: 3 files uploaded
Created item 962: Grady Graduation Publication, Response: {'data': {'create_item': {'id': '9031489004'}}}
Upload complete for Grady Graduation Publication: 3 files uploaded
Created item 963: Grady Grown Dinner Graphic Design, Response: {'data': {'create_item': {'id': '9031490833'}}}
Upload complete for Grady Grown Dinner Graphic Design: 1 files uploaded
Created item 964: Grady JDA 'RFI' Updates, Response: {'data': {'create_item': {'id': '9031491476'}}}
Upload complete for Grady JDA 'RFI' Updates: 1 files uploaded
Created item 965: Grady Schools Telehealth Exploration, Response: {'data': {'create_item': {'id': '9031491777'}}}
Upload complete for Grady Schools Telehealth Exploration: 7 files uploaded
Created item 966: Grady Tourism Marketing and Promotion, Response: {'data': {'create_item': {'id': '9031494040'}}}
Upload complete for Grady Tourism Marketing and Promotion: 7 files uploaded
Created item 967: Grant Application for Landscaping in Lovejoy, Response: {'data': {'create_item': {'id': '9031495420'}}}
No deliverable files to upload for project: Grant Application for Landscaping in Lovejoy
Created item 968: Grant Assistance: GRMSP, Response: {'data': {'create_item': {'id': '9031495547'}}}
No deliverable files to upload for project: Grant Assistance: GRMSP
Created item 969: Grant for Moultrie Technical College Foundation, Response: {'data': {'create_item': {'id': '9031495636'}}}
No deliverable files to upload for project: Grant for Moultrie Technical College Foundation
Created item 970: Grant Research and prep assistance for the Washington County Farmer's Market, Response: {'data': {'create_item': {'id': '9031495767'}}}
No deliverable files to upload for project: Grant Research and prep assistance for the Washington County Farmer's Market
Created item 971: Grant research for industrial park infrastructure, Response: {'data': {'create_item': {'id': '9031495857'}}}
No deliverable files to upload for project: Grant research for industrial park infrastructure
Created item 972: Grant Research for Washington County Farmers Market (same as WA-78), Response: {'data': {'create_item': {'id': '9031495959'}}}
No deliverable files to upload for project: Grant Research for Washington County Farmers Market (same as WA-78)
Created item 973: Grant Writing Class, Response: {'data': {'create_item': {'id': '9031496058'}}}
Upload complete for Grant Writing Class: 3 files uploaded
Created item 974: Grant Writing Course for Community Members, Response: {'data': {'create_item': {'id': '9031496738'}}}
No deliverable files to upload for project: Grant Writing Course for Community Members
Created item 975: Grant Writing for Board of Health, Response: {'data': {'create_item': {'id': '9031496850'}}}
No deliverable files to upload for project: Grant Writing for Board of Health
Created item 976: Grant writing for the Genealogy Museum, Response: {'data': {'create_item': {'id': '9031496968'}}}
No deliverable files to upload for project: Grant writing for the Genealogy Museum
Created item 977: Grant Writing Workshop, Response: {'data': {'create_item': {'id': '9031497077'}}}
No deliverable files to upload for project: Grant Writing Workshop
Created item 978: Grant Writing Workshop, Response: {'data': {'create_item': {'id': '9031497210'}}}
No deliverable files to upload for project: Grant Writing Workshop
Created item 979: Grant Writing Workshop, Response: {'data': {'create_item': {'id': '9031497348'}}}
No deliverable files to upload for project: Grant Writing Workshop
Created item 980: Grant writing- LIFE League, Response: {'data': {'create_item': {'id': '9031497482'}}}
No deliverable files to upload for project: Grant writing- LIFE League
Created item 981: Grant Writing-Sandersville Walks Trailhead, Response: {'data': {'create_item': {'id': '9031497629'}}}
No deliverable files to upload for project: Grant Writing-Sandersville Walks Trailhead
Created item 982: Grants Research Assistance, Response: {'data': {'create_item': {'id': '9031497761'}}}
No deliverable files to upload for project: Grants Research Assistance
Created item 983: Grants Research for Little Free Libraries, Response: {'data': {'create_item': {'id': '9031497892'}}}
Upload complete for Grants Research for Little Free Libraries: 4 files uploaded
Created item 984: Grantwriting- Racetrack, Response: {'data': {'create_item': {'id': '9031499386'}}}
No deliverable files to upload for project: Grantwriting- Racetrack
Created item 985: Grantwriting-21st C. Partnership, Response: {'data': {'create_item': {'id': '9031499622'}}}
No deliverable files to upload for project: Grantwriting-21st C. Partnership
Created item 986: Graphic Design for 5 Heartbeats Logo, Response: {'data': {'create_item': {'id': '9031499863'}}}
Upload complete for Graphic Design for 5 Heartbeats Logo: 1 files uploaded
Created item 987: Graphic Design for HCCA Marketing Plan Cover, Response: {'data': {'create_item': {'id': '9031500711'}}}
Upload complete for Graphic Design for HCCA Marketing Plan Cover: 2 files uploaded
Created item 988: Graphic Design of Small Business/Retail Marketing Booklet, Response: {'data': {'create_item': {'id': '9031501434'}}}
Erorr uploading files Graphic Design of Small Business/Retail Marketing Booklet: Files not found

Created item 989: GRCCA Marketing Plan, Response: {'data': {'create_item': {'id': '9031541944'}}}
No deliverable files to upload for project: GRCCA Marketing Plan
Created item 990: Green Space Design: 8 Acres in South Georgia, Response: {'data': {'create_item': {'id': '9031542162'}}}
Upload complete for Green Space Design: 8 Acres in South Georgia: 2 files uploaded
Created item 991: Greenspace Trail (Clayton), Response: {'data': {'create_item': {'id': '9031543123'}}}
Upload complete for Greenspace Trail (Clayton): 2 files uploaded
Created item 992: Griffin Area Resource Center Business Plan, Response: {'data': {'create_item': {'id': '9031544808'}}}
Upload complete for Griffin Area Resource Center Business Plan: 2 files uploaded
Created item 993: Griffin Bell Golf Links logo redesign, Response: {'data': {'create_item': {'id': '9031545781'}}}
Upload complete for Griffin Bell Golf Links logo redesign: 29 files uploaded
Created item 994: Griffin Housing Authority video, Response: {'data': {'create_item': {'id': '9031555268'}}}
No deliverable files to upload for project: Griffin Housing Authority video
Created item 995: Griffin Intersection Landscape Design, Response: {'data': {'create_item': {'id': '9031555394'}}}
No deliverable files to upload for project: Griffin Intersection Landscape Design
Created item 996: Griffin Rushton Cemetery Restoration Project, Response: {'data': {'create_item': {'id': '9031555554'}}}
Upload complete for Griffin Rushton Cemetery Restoration Project: 6 files uploaded
Created item 997: Griffin Spalding Chamber Retreat Dec 2021, Response: {'data': {'create_item': {'id': '9031557286'}}}
Upload complete for Griffin Spalding Chamber Retreat Dec 2021: 2 files uploaded
Created item 998: Griffin+Spalding 2023 Christmas Brochure, Response: {'data': {'create_item': {'id': '9031558080'}}}
Upload complete for Griffin+Spalding 2023 Christmas Brochure: 1 files uploaded
Created item 999: Griffin+Spalding Chamber of Commerce Strategic Planning Session, Response: {'data': {'create_item': {'id': '9031558559'}}}
No deliverable files to upload for project: Griffin+Spalding Chamber of Commerce Strategic Planning Session
Created item 1000: Griffin+Spalding Development Authority Economic Impact, Response: {'data': {'create_item': {'id': '9031558729'}}}
Upload complete for Griffin+Spalding Development Authority Economic Impact: 2 files uploaded
Created item 1001: Griffin+Spalding Marketing Plan, Response: {'data': {'create_item': {'id': '9031559262'}}}
Upload complete for Griffin+Spalding Marketing Plan: 7 files uploaded
