Logging started at 2025-05-02 16:16:44.307139. Log file: logs\monday_upload_20250502_161644.log
Created item 1802: Pulaski Tomorrow: Non-profit consultation, Response: {'data': {'create_item': {'id': '9059275447'}}}
Upload complete for Pulaski Tomorrow: Non-profit consultation: 1 files uploaded
Created item 1803: Purchasing Policy Evaluation, Response: {'data': {'create_item': {'id': '9059275706'}}}
No deliverable files to upload for project: Purchasing Policy Evaluation
Created item 1804: Pure Oil Station Conceptual Designs, Response: {'data': {'create_item': {'id': '9059275833'}}}
Upload complete for Pure Oil Station Conceptual Designs: 4 files uploaded
Created item 1805: Pure Oil Station: Marketing Flyer, Response: {'data': {'create_item': {'id': '9059277438'}}}
Upload complete for Pure Oil Station: Marketing Flyer: 4 files uploaded
Created item 1806: Quality of Life Survey, Response: {'data': {'create_item': {'id': '9059278712'}}}
No deliverable files to upload for project: Quality of Life Survey
Created item 1807: Quality of Life Survey, Response: {'data': {'create_item': {'id': '9059278806'}}}
No deliverable files to upload for project: Quality of Life Survey
Created item 1808: Quilt Trail: Work on Grant from Non-Profit Students, Response: {'data': {'create_item': {'id': '9059278897'}}}
Upload complete for Quilt Trail: Work on Grant from Non-Profit Students: 2 files uploaded
Created item 1809: Rack Cards, Response: {'data': {'create_item': {'id': '9059279268'}}}
Upload complete for Rack Cards: 5 files uploaded
Created item 1810: Railroad Street Park Partnership with Georgia Soil Company/Gainesville Waste and Recycling/Lake Foods/Home Depot, Response: {'data': {'create_item': {'id': '9059281121'}}}
No deliverable files to upload for project: Railroad Street Park Partnership with Georgia Soil Company/Gainesville Waste and Recycling/Lake Foods/Home Depot
Created item 1811: Railroad Street Park Project Logo Re-Brand, Response: {'data': {'create_item': {'id': '9059281184'}}}
Upload complete for Railroad Street Park Project Logo Re-Brand: 2 files uploaded
Created item 1812: Rails to Trails Feasibility Study, Response: {'data': {'create_item': {'id': '9059281655'}}}
Upload complete for Rails to Trails Feasibility Study: 9 files uploaded
Created item 1813: Rails to Trails Project, Response: {'data': {'create_item': {'id': '9059283503'}}}
No deliverable files to upload for project: Rails to Trails Project
Created item 1814: Rain Garden, Response: {'data': {'create_item': {'id': '9059283585'}}}
Upload complete for Rain Garden: 4 files uploaded
Created item 1815: Raised walking path and athletic field design, school system fa?ade refurbishment with vegetation, Response: {'data': {'create_item': {'id': '9059284154'}}}
No deliverable files to upload for project: Raised walking path and athletic field design, school system fa?ade refurbishment with vegetation
Created item 1816: Raysville Conference Center Feasibility Study, Response: {'data': {'create_item': {'id': '9059284235'}}}
Upload complete for Raysville Conference Center Feasibility Study: 2 files uploaded
Created item 1817: Re-development of Norwich Corridor and analysis of funding mechanisms for redevelopment, Response: {'data': {'create_item': {'id': '9059284793'}}}
Upload complete for Re-development of Norwich Corridor and analysis of funding mechanisms for redevelopment: 1 files uploaded
Created item 1818: Re-opening of mental health services in Colquitt County (2012), Response: {'data': {'create_item': {'id': '9059285281'}}}
No deliverable files to upload for project: Re-opening of mental health services in Colquitt County (2012)
Created item 1819: Re-write of Hart County entry in New GA Encylopedia, Response: {'data': {'create_item': {'id': '9059285501'}}}
Upload complete for Re-write of Hart County entry in New GA Encylopedia: 1 files uploaded
Created item 1820: REACH Hart Informational Card, Response: {'data': {'create_item': {'id': '9059285769'}}}
Upload complete for REACH Hart Informational Card: 5 files uploaded
Created item 1821: REACH Hart Logo, Response: {'data': {'create_item': {'id': '9059287020'}}}
Upload complete for REACH Hart Logo: 4 files uploaded
Created item 1822: Rebranding the Carpet and Flooring Industry to attract bright, new talent, Response: {'data': {'create_item': {'id': '9059289887'}}}
Upload complete for Rebranding the Carpet and Flooring Industry to attract bright, new talent: 5 files uploaded
Created item 1823: Records preservation project, Response: {'data': {'create_item': {'id': '9059290759'}}}
No deliverable files to upload for project: Records preservation project
Created item 1824: Recreation and Economic Development Flyer, Response: {'data': {'create_item': {'id': '9059290850'}}}
Upload complete for Recreation and Economic Development Flyer: 1 files uploaded
Created item 1825: Recreation Communication Plan, Response: {'data': {'create_item': {'id': '9059291126'}}}
No deliverable files to upload for project: Recreation Communication Plan
Created item 1826: Recreation Department Site Plan, Response: {'data': {'create_item': {'id': '9059291217'}}}
No deliverable files to upload for project: Recreation Department Site Plan
Created item 1827: Recreation Strategic Planning, Response: {'data': {'create_item': {'id': '9059291304'}}}
Upload complete for Recreation Strategic Planning: 5 files uploaded
Created item 1828: Recycling in Glynn County, Response: {'data': {'create_item': {'id': '9059292174'}}}
No deliverable files to upload for project: Recycling in Glynn County
Created item 1829: Recycling Market Report, Response: {'data': {'create_item': {'id': '9059292254'}}}
Upload complete for Recycling Market Report: 1 files uploaded
Created item 1830: Recycling Media Kit, Response: {'data': {'create_item': {'id': '9059292505'}}}
Upload complete for Recycling Media Kit: 1 files uploaded
Created item 1831: Recycling Research, Response: {'data': {'create_item': {'id': '9059424019'}}}
Upload complete for Recycling Research: 1 files uploaded
Created item 1832: Redesign of Barber Park, Response: {'data': {'create_item': {'id': '9059424521'}}}
Upload complete for Redesign of Barber Park: 22 files uploaded
Created item 1833: Reed Creek Walking Trails/Passive Recreation Park, Response: {'data': {'create_item': {'id': '9059444442'}}}
No deliverable files to upload for project: Reed Creek Walking Trails/Passive Recreation Park
Created item 1834: Referral: Planning and Zoning Board organization, Response: {'data': {'create_item': {'id': '9059444585'}}}
No deliverable files to upload for project: Referral: Planning and Zoning Board organization
Created item 1835: Referral: Review of the Clayton County Purchasing Policies and Procedures and provide information on best practices, Response: {'data': {'create_item': {'id': '9059444723'}}}
No deliverable files to upload for project: Referral: Review of the Clayton County Purchasing Policies and Procedures and provide information on best practices
Created item 1836: Regional Data Mapping Project, Response: {'data': {'create_item': {'id': '9059444826'}}}
No deliverable files to upload for project: Regional Data Mapping Project
Created item 1837: Regional Land Use Reference Guide, Response: {'data': {'create_item': {'id': '9059444896'}}}
No deliverable files to upload for project: Regional Land Use Reference Guide
Created item 1838: Regional Study of Recycling Practices - Pulaski County Recycling Phase II, Response: {'data': {'create_item': {'id': '9059444968'}}}
No deliverable files to upload for project: Regional Study of Recycling Practices - Pulaski County Recycling Phase II
Created item 1839: Regional Tourism Roundtable Kick Off, Response: {'data': {'create_item': {'id': '9059445069'}}}
Upload complete for Regional Tourism Roundtable Kick Off: 1 files uploaded
Created item 1840: Renew Griffin logo design and branding, Response: {'data': {'create_item': {'id': '9059445270'}}}
Upload complete for Renew Griffin logo design and branding: 1 files uploaded
Created item 1841: Report documenting and evaluating the efforts of the Moultrie YMCA in engaging the Latino community through childcare, after school activities and sports programming, Response: {'data': {'create_item': {'id': '9059445476'}}}
No deliverable files to upload for project: Report documenting and evaluating the efforts of the Moultrie YMCA in engaging the Latino community through childcare, after school activities and sports programming
Created item 1842: Report on Hospital Community Engagement, Response: {'data': {'create_item': {'id': '9059445544'}}}
No deliverable files to upload for project: Report on Hospital Community Engagement
Created item 1843: Research for funding sources to support incubator study, Response: {'data': {'create_item': {'id': '9059445586'}}}
Upload complete for Research for funding sources to support incubator study: 2 files uploaded
Created item 1844: Research for Hart IBA regarding underground storage (UST) of petroleum products, Response: {'data': {'create_item': {'id': '9059445811'}}}
No deliverable files to upload for project: Research for Hart IBA regarding underground storage (UST) of petroleum products
Created item 1845: Research for Sandersville Historical Society - use of Sandersville Elementary School, Response: {'data': {'create_item': {'id': '9059445877'}}}
Upload complete for Research for Sandersville Historical Society - use of Sandersville Elementary School: 2 files uploaded
Created item 1846: Research to justify current DCA tier structure for Pulaski County, Response: {'data': {'create_item': {'id': '9059446085'}}}
No deliverable files to upload for project: Research to justify current DCA tier structure for Pulaski County
Created item 1847: Research: Economic Impact of Mule Day, Response: {'data': {'create_item': {'id': '9059446127'}}}
No deliverable files to upload for project: Research: Economic Impact of Mule Day
Created item 1848: Research: Public education statistics for H-O, Response: {'data': {'create_item': {'id': '9059446155'}}}
No deliverable files to upload for project: Research: Public education statistics for H-O
Created item 1849: Research: Reducing Teen Pregnancy in H-P, Response: {'data': {'create_item': {'id': '9059446215'}}}
No deliverable files to upload for project: Research: Reducing Teen Pregnancy in H-P
Created item 1850: Research: Splash-pads (as they relate to aquatic centers), Response: {'data': {'create_item': {'id': '9059467885'}}}
Upload complete for Research: Splash-pads (as they relate to aquatic centers): 3 files uploaded
Created item 1851: Research: Wireless Communities in Georgia, Response: {'data': {'create_item': {'id': '9059469045'}}}
No deliverable files to upload for project: Research: Wireless Communities in Georgia
Created item 1852: Researching Best Practices for Bidding Process, Response: {'data': {'create_item': {'id': '9059502382'}}}
Upload complete for Researching Best Practices for Bidding Process: 1 files uploaded
Created item 1853: Resource Guide for Poverty Task Force, Response: {'data': {'create_item': {'id': '9059502869'}}}
Upload complete for Resource Guide for Poverty Task Force: 7 files uploaded
Created item 1854: Resource: Economic Dec Incentives in Surrounding States, Response: {'data': {'create_item': {'id': '9059505321'}}}
Upload complete for Resource: Economic Dec Incentives in Surrounding States: 2 files uploaded
Created item 1855: Restoration and creation of Downtown Wall Murals, Response: {'data': {'create_item': {'id': '9059506167'}}}
No deliverable files to upload for project: Restoration and creation of Downtown Wall Murals
Created item 1856: Retail Economic Development Reports, Response: {'data': {'create_item': {'id': '9059506475'}}}
Upload complete for Retail Economic Development Reports: 3 files uploaded
Created item 1857: Retail Market Power Analysis Report, Response: {'data': {'create_item': {'id': '9059508348'}}}
Upload complete for Retail Market Power Analysis Report: 1 files uploaded
Created item 1858: Retail requirement survey, Response: {'data': {'create_item': {'id': '9059509447'}}}
No deliverable files to upload for project: Retail requirement survey
Created item 1859: Retail/Restaurant Downtown Walking Tour, Response: {'data': {'create_item': {'id': '9059509593'}}}
Upload complete for Retail/Restaurant Downtown Walking Tour: 2 files uploaded
Created item 1860: Retaining Young People Research, Response: {'data': {'create_item': {'id': '9059510507'}}}
Upload complete for Retaining Young People Research: 1 files uploaded
Created item 1861: Retiree Marketing Program, Response: {'data': {'create_item': {'id': '9059511204'}}}
No deliverable files to upload for project: Retiree Marketing Program
Created item 1862: Review and update of county employee job descriptions, Response: {'data': {'create_item': {'id': '9059511384'}}}
No deliverable files to upload for project: Review and update of county employee job descriptions
Created item 1863: Review of Ritz Theatre, Response: {'data': {'create_item': {'id': '9059511538'}}}
No deliverable files to upload for project: Review of Ritz Theatre
Created item 1864: Review possibilities of government unifications, and streamlining of services, Response: {'data': {'create_item': {'id': '9059511714'}}}
No deliverable files to upload for project: Review possibilities of government unifications, and streamlining of services
Created item 1865: Revitalization of Community Building - Harvey's Supermarket space, Response: {'data': {'create_item': {'id': '9059511847'}}}
Upload complete for Revitalization of Community Building - Harvey's Supermarket space: 1 files uploaded
Created item 1866: Ridge Road Elementary Landscape Work, Response: {'data': {'create_item': {'id': '9059512316'}}}
No deliverable files to upload for project: Ridge Road Elementary Landscape Work
Created item 1867: Riverdale City Hall landscape design, Response: {'data': {'create_item': {'id': '9059512506'}}}
Upload complete for Riverdale City Hall landscape design: 1 files uploaded
Created item 1868: RiverFest Duck Logo - Large Versions for Banners, Response: {'data': {'create_item': {'id': '9059513183'}}}
Upload complete for RiverFest Duck Logo - Large Versions for Banners: 3 files uploaded
Created item 1869: RiverFest Marketing and Revenue Analysis, Response: {'data': {'create_item': {'id': '9059515309'}}}
Upload complete for RiverFest Marketing and Revenue Analysis: 5 files uploaded
Created item 1870: Road to Tara Museum Guide Translation, Response: {'data': {'create_item': {'id': '9059516977'}}}
No deliverable files to upload for project: Road to Tara Museum Guide Translation
Created item 1871: Rock House Facilitation, Response: {'data': {'create_item': {'id': '9059517058'}}}
Upload complete for Rock House Facilitation: 6 files uploaded
Created item 1872: Rocky Face Trail Design, Response: {'data': {'create_item': {'id': '9059519318'}}}
Upload complete for Rocky Face Trail Design: 1 files uploaded
Created item 1873: Roosevelt Scholars: Policy Writing, Response: {'data': {'create_item': {'id': '9059520159'}}}
Upload complete for Roosevelt Scholars: Policy Writing: 3 files uploaded
Created item 1874: Rosenwald Grant Writing, Response: {'data': {'create_item': {'id': '9059520774'}}}
No deliverable files to upload for project: Rosenwald Grant Writing
Created item 1875: Rosenwald History Center Mission/Vision Statement, Response: {'data': {'create_item': {'id': '9059520842'}}}
No deliverable files to upload for project: Rosenwald History Center Mission/Vision Statement
Created item 1876: Rosenwald School Landscape Architecture, Response: {'data': {'create_item': {'id': '9059520910'}}}
No deliverable files to upload for project: Rosenwald School Landscape Architecture
Created item 1877: Rosenwald School Research Project, Response: {'data': {'create_item': {'id': '9059521124'}}}
Upload complete for Rosenwald School Research Project: 1 files uploaded
Created item 1878: Rosenwald School Sustainability Study, Response: {'data': {'create_item': {'id': '9059521644'}}}
No deliverable files to upload for project: Rosenwald School Sustainability Study
Created item 1879: Rotary Park Landscape, Response: {'data': {'create_item': {'id': '9059521821'}}}
Upload complete for Rotary Park Landscape: 1 files uploaded
Created item 1880: RSVP Program, Response: {'data': {'create_item': {'id': '9059522143'}}}
Upload complete for RSVP Program: 4 files uploaded
Created item 1881: Run this Town/Metter Moves, Response: {'data': {'create_item': {'id': '9059526125'}}}
Upload complete for Run this Town/Metter Moves: 2 files uploaded
Created item 1882: Rural Drone Viability Survey, Response: {'data': {'create_item': {'id': '9059526576'}}}
Upload complete for Rural Drone Viability Survey: 6 files uploaded
Created item 1883: Rural Health Needs Survey, Response: {'data': {'create_item': {'id': '9059528500'}}}
No deliverable files to upload for project: Rural Health Needs Survey
Created item 1884: Rural Historic Preservation Service Learning, Response: {'data': {'create_item': {'id': '9059528739'}}}
No deliverable files to upload for project: Rural Historic Preservation Service Learning
Created item 1885: Rural Opportunity Zone Application Assistance, Response: {'data': {'create_item': {'id': '9059529075'}}}
No deliverable files to upload for project: Rural Opportunity Zone Application Assistance
Created item 1886: Rural Opportunity Zone Application Assistance- Step 1, Response: {'data': {'create_item': {'id': '9059529427'}}}
No deliverable files to upload for project: Rural Opportunity Zone Application Assistance- Step 1
Created item 1887: Rural Scholars Communication Project, Response: {'data': {'create_item': {'id': '9059529646'}}}
Upload complete for Rural Scholars Communication Project: 1 files uploaded
Created item 1888: Rylander Box Office Redesign & Usage Options, Response: {'data': {'create_item': {'id': '9059530170'}}}
No deliverable files to upload for project: Rylander Box Office Redesign & Usage Options
Created item 1889: Rylander Theater Marketing Plan, Response: {'data': {'create_item': {'id': '9059530357'}}}
Upload complete for Rylander Theater Marketing Plan: 2 files uploaded
Created item 1890: Salary Study- City of Tennille, Response: {'data': {'create_item': {'id': '9059531086'}}}
No deliverable files to upload for project: Salary Study- City of Tennille
Created item 1891: Sandersville City Cemetery Beautification, Response: {'data': {'create_item': {'id': '9059531231'}}}
No deliverable files to upload for project: Sandersville City Cemetery Beautification
Created item 1892: Sandersville Veterans Park, Response: {'data': {'create_item': {'id': '9059531316'}}}
No deliverable files to upload for project: Sandersville Veterans Park
Created item 1893: Sandersville Walks Map Overlay, Response: {'data': {'create_item': {'id': '9059531396'}}}
No deliverable files to upload for project: Sandersville Walks Map Overlay
Created item 1894: Sandersville Walks Update, Response: {'data': {'create_item': {'id': '9059531485'}}}
No deliverable files to upload for project: Sandersville Walks Update
Created item 1895: Sarah Cobb Elementary School: Extreme Playground Makeover, Response: {'data': {'create_item': {'id': '9059531573'}}}
Upload complete for Sarah Cobb Elementary School: Extreme Playground Makeover: 1 files uploaded
Created item 1896: Save the Date - Griffin+Spalding CTAE Comprehensive Local Needs Assessment, Response: {'data': {'create_item': {'id': '9059532113'}}}
No deliverable files to upload for project: Save the Date - Griffin+Spalding CTAE Comprehensive Local Needs Assessment
Created item 1897: Save-the-Date for Regional Tourism Roundtable Event, Response: {'data': {'create_item': {'id': '9059532247'}}}
Upload complete for Save-the-Date for Regional Tourism Roundtable Event: 1 files uploaded
Created item 1898: SBDC Lunch and Learn Collaborations with Hartwell Mainstreet and Chamber, Response: {'data': {'create_item': {'id': '9059532418'}}}
No deliverable files to upload for project: SBDC Lunch and Learn Collaborations with Hartwell Mainstreet and Chamber
Created item 1899: SBDC Maximum Marketing, Response: {'data': {'create_item': {'id': '9059532499'}}}
Upload complete for SBDC Maximum Marketing: 1 files uploaded
Created item 1900: SBDC Supervisory Training Event, Response: {'data': {'create_item': {'id': '9059532664'}}}
No deliverable files to upload for project: SBDC Supervisory Training Event
Created item 1901: SBDC Supervisory Training Event II, Response: {'data': {'create_item': {'id': '9059532719'}}}
No deliverable files to upload for project: SBDC Supervisory Training Event II
