Logging started at 2025-04-28 16:14:47.499737. Log file: logs\monday_upload_20250428_161447.log
Created item 691: Downtown Revitalization, Response: {'data': {'create_item': {'id': '9024306876'}}}
Upload complete for Downtown Revitalization: 1 files uploaded
Created item 692: Downtown Sandersville: Traffic Assessment and Design, Response: {'data': {'create_item': {'id': '9024307915'}}}
No deliverable files to upload for project: Downtown Sandersville: Traffic Assessment and Design
Created item 693: Downtown Sandersville: Traffic Assessment and Design, Response: {'data': {'create_item': {'id': '9024308016'}}}
Upload complete for Downtown Sandersville: Traffic Assessment and Design: 4 files uploaded
Created item 694: Downtown Thomson Tree Replacement Recommendations, Response: {'data': {'create_item': {'id': '9024310027'}}}
Upload complete for Downtown Thomson Tree Replacement Recommendations: 1 files uploaded
Created item 695: Downtown Welcome Center, Response: {'data': {'create_item': {'id': '9024310513'}}}
Upload complete for Downtown Welcome Center: 3 files uploaded
Created item 696: Downtown Welcome Center Interior Design, Response: {'data': {'create_item': {'id': '9024312479'}}}
No deliverable files to upload for project: Downtown Welcome Center Interior Design
Created item 697: Downtown Whigham Design Charrette, Response: {'data': {'create_item': {'id': '9024312572'}}}
Upload complete for Downtown Whigham Design Charrette: 11 files uploaded
Created item 698: Drainage Redesign at Church Street First Avenue, Response: {'data': {'create_item': {'id': '9024315804'}}}
Upload complete for Drainage Redesign at Church Street First Avenue: 3 files uploaded
Created item 699: Drug Prevention and Treatment Work Group Database Project, Response: {'data': {'create_item': {'id': '9024316524'}}}
Upload complete for Drug Prevention and Treatment Work Group Database Project: 51 files uploaded
Created item 700: Dry Weather Sampling, Response: {'data': {'create_item': {'id': '9024329192'}}}
No deliverable files to upload for project: Dry Weather Sampling
Created item 701: Dublin Zoning Overlay Research, Response: {'data': {'create_item': {'id': '9024329283'}}}
No deliverable files to upload for project: Dublin Zoning Overlay Research
