Logging started at 2025-04-28 12:16:52.254521. Log file: logs\monday_upload_20250428_121652.log
Created item 254: CCA Photography, Response: {'data': {'create_item': {'id': '9021175706'}}}
No deliverable files to upload for project: CCA Photography
Created item 255: CED Summer Critique, Response: {'data': {'create_item': {'id': '9021175835'}}}
No deliverable files to upload for project: CED Summer Critique
Created item 256: CED/Archway Summer Intern Exhibit, Response: {'data': {'create_item': {'id': '9021175979'}}}
Upload complete for CED/Archway Summer Intern Exhibit: 9 files uploaded
Created item 257: Cemetery Landscaping Projects for Clayton, Response: {'data': {'create_item': {'id': '9021182813'}}}
No deliverable files to upload for project: Cemetery Landscaping Projects for Clayton
Created item 258: Census 2020 Logo, Response: {'data': {'create_item': {'id': '9021183029'}}}
Upload complete for Census 2020 Logo: 2 files uploaded
Created item 259: Central Georgia Outdoors Logo Design, Response: {'data': {'create_item': {'id': '9021183682'}}}
Upload complete for Central Georgia Outdoors Logo Design: 14 files uploaded
Created item 260: Central Georgia Technical College CDL Range Design, Response: {'data': {'create_item': {'id': '9021190010'}}}
Upload complete for Central Georgia Technical College CDL Range Design: 1 files uploaded
Created item 261: Chamber Annual Report Template, Response: {'data': {'create_item': {'id': '9021190397'}}}
Upload complete for Chamber Annual Report Template: 6 files uploaded
Created item 262: Chamber Best Practices, Response: {'data': {'create_item': {'id': '9021193308'}}}
Upload complete for Chamber Best Practices: 9 files uploaded
Created item 263: Chamber Community Booklet, Response: {'data': {'create_item': {'id': '9021197329'}}}
Upload complete for Chamber Community Booklet: 1 files uploaded
Created item 264: Chamber Existing Industry Study, Response: {'data': {'create_item': {'id': '9021197982'}}}
Upload complete for Chamber Existing Industry Study: 2 files uploaded
Created item 265: Chamber Gun Raffle Logo, Response: {'data': {'create_item': {'id': '9021198610'}}}
No deliverable files to upload for project: Chamber Gun Raffle Logo
Created item 266: Chamber Interviews/Info. Gathering, Response: {'data': {'create_item': {'id': '9021198736'}}}
No deliverable files to upload for project: Chamber Interviews/Info. Gathering
Created item 267: Chamber is starting a nonprofit foundation, Response: {'data': {'create_item': {'id': '9021198846'}}}
Upload complete for Chamber is starting a nonprofit foundation: 1 files uploaded
Created item 268: Chamber Logo Revitalization, Response: {'data': {'create_item': {'id': '9021199156'}}}
Upload complete for Chamber Logo Revitalization: 2 files uploaded
Created item 269: Chamber of Commerce Board Retreat Facilitation, Response: {'data': {'create_item': {'id': '9021199584'}}}
No deliverable files to upload for project: Chamber of Commerce Board Retreat Facilitation
Created item 270: Chamber of Commerce Brochure, Response: {'data': {'create_item': {'id': '9021199721'}}}
No deliverable files to upload for project: Chamber of Commerce Brochure
Created item 271: Chamber of Commerce Brochure, Response: {'data': {'create_item': {'id': '9021199846'}}}
Upload complete for Chamber of Commerce Brochure: 1 files uploaded
Created item 272: Chamber of Commerce web site and communications improvement, Response: {'data': {'create_item': {'id': '9021200113'}}}
No deliverable files to upload for project: Chamber of Commerce web site and communications improvement
Created item 273: Chamber Operations Plan, Response: {'data': {'create_item': {'id': '9021200227'}}}
No deliverable files to upload for project: Chamber Operations Plan
Created item 274: Changing Demographics in SW GA and Impacts on Higher Education Enrollments, Response: {'data': {'create_item': {'id': '9021200325'}}}
Upload complete for Changing Demographics in SW GA and Impacts on Higher Education Enrollments: 1 files uploaded
Created item 275: Charity Tracker Christmas Assistance Brochure, Response: {'data': {'create_item': {'id': '9021200818'}}}
Upload complete for Charity Tracker Christmas Assistance Brochure: 1 files uploaded
Created item 276: Charrette: 'Gateways for Glynn', Response: {'data': {'create_item': {'id': '9021201123'}}}
Upload complete for Charrette: 'Gateways for Glynn': 2 files uploaded
Created item 277: Charrette: 'Sumter County Fairgrounds', Response: {'data': {'create_item': {'id': '9021201597'}}}
Upload complete for Charrette: 'Sumter County Fairgrounds': 2 files uploaded
Created item 278: Charter System Assistance, Response: {'data': {'create_item': {'id': '9021202371'}}}
Upload complete for Charter System Assistance: 1 files uploaded
Created item 279: Chicken Litter Disposal, Response: {'data': {'create_item': {'id': '9021202755'}}}
Upload complete for Chicken Litter Disposal: 1 files uploaded
Created item 280: Childhood Obesity Project, Response: {'data': {'create_item': {'id': '9021203087'}}}
Upload complete for Childhood Obesity Project: 1 files uploaded
Created item 281: China Trip, Response: {'data': {'create_item': {'id': '9021203414'}}}
Upload complete for China Trip: 6 files uploaded
Created item 282: CHNA 2018, Response: {'data': {'create_item': {'id': '9021205105'}}}
No deliverable files to upload for project: CHNA 2018
Created item 283: CHNA Strategic Planning and Implementation, Response: {'data': {'create_item': {'id': '9021205233'}}}
Upload complete for CHNA Strategic Planning and Implementation: 5 files uploaded
Created item 284: CHNA-Focus Groups, Response: {'data': {'create_item': {'id': '9021207341'}}}
Upload complete for CHNA-Focus Groups: 4 files uploaded
Created item 285: Christmas Assistance Brochure update, Response: {'data': {'create_item': {'id': '9021207997'}}}
No deliverable files to upload for project: Christmas Assistance Brochure update
Created item 286: Citizen Appointment Materials for City and County Governments, Response: {'data': {'create_item': {'id': '9021208115'}}}
No deliverable files to upload for project: Citizen Appointment Materials for City and County Governments
Created item 287: City of Davisboro Landscape Design, Response: {'data': {'create_item': {'id': '9021208222'}}}
Upload complete for City of Davisboro Landscape Design: 2 files uploaded
Created item 288: City and County Health and Wellness Promotion, Response: {'data': {'create_item': {'id': '9021209552'}}}
No deliverable files to upload for project: City and County Health and Wellness Promotion
Created item 289: City Engineer/Project Manager, Response: {'data': {'create_item': {'id': '9021209815'}}}
No deliverable files to upload for project: City Engineer/Project Manager
Created item 290: City Hall Infrastructure Assessment, Response: {'data': {'create_item': {'id': '9021210131'}}}
No deliverable files to upload for project: City Hall Infrastructure Assessment
Created item 291: City Marketing Plan for Sandersville, Response: {'data': {'create_item': {'id': '9021210428'}}}
No deliverable files to upload for project: City Marketing Plan for Sandersville
Created item 292: City of Americus Bike Path Planning, Response: {'data': {'create_item': {'id': '9021210642'}}}
No deliverable files to upload for project: City of Americus Bike Path Planning
Created item 293: City of Americus Customer Service Training - Front Line Employment Development, Response: {'data': {'create_item': {'id': '9021210844'}}}
Upload complete for City of Americus Customer Service Training - Front Line Employment Development: 19 files uploaded
Created item 294: City of Americus Dog Park, Response: {'data': {'create_item': {'id': '9021216825'}}}
Upload complete for City of Americus Dog Park: 4 files uploaded
Created item 295: City of Americus IT Disaster Recovery Plan, Response: {'data': {'create_item': {'id': '9021219248'}}}
Upload complete for City of Americus IT Disaster Recovery Plan: 1 files uploaded
Created item 296: City of Americus Ordinance Review, Response: {'data': {'create_item': {'id': '9021219666'}}}
No deliverable files to upload for project: City of Americus Ordinance Review
Created item 297: City of Americus Recycling Program, Response: {'data': {'create_item': {'id': '9021219888'}}}
No deliverable files to upload for project: City of Americus Recycling Program
Created item 298: City of Americus Signage Creation, Response: {'data': {'create_item': {'id': '9021220123'}}}
Upload complete for City of Americus Signage Creation: 1 files uploaded
Created item 299: City of Berlin Utility Billing System Software Update, Response: {'data': {'create_item': {'id': '9021220975'}}}
No deliverable files to upload for project: City of Berlin Utility Billing System Software Update
Created item 300: City of Brunswick Tree Survey, Response: {'data': {'create_item': {'id': '9021221316'}}}
No deliverable files to upload for project: City of Brunswick Tree Survey
Created item 301: City of Cairo Amphitheater, Response: {'data': {'create_item': {'id': '9021221612'}}}
Upload complete for City of Cairo Amphitheater: 9 files uploaded
