Logging started at 2025-05-05 14:15:36.139786. Log file: logs\monday_upload_20250505_141536.log
Created item 2202: WCRMC PR and Marketing Plan, Response: {'data': {'create_item': {'id': '9071634935'}}}
Upload complete for WCRMC PR and Marketing Plan: 1 files uploaded
Created item 2203: WCRMC Wellness Works, Response: {'data': {'create_item': {'id': '9071638798'}}}
Upload complete for WCRMC Wellness Works: 8 files uploaded
Created item 2204: WCYL Curriculum Planning, Response: {'data': {'create_item': {'id': '9071640823'}}}
No deliverable files to upload for project: WCYL Curriculum Planning
Created item 2205: Web Development Project for Clayton County Public Schools, Response: {'data': {'create_item': {'id': '9071640911'}}}
Upload complete for Web Development Project for Clayton County Public Schools: 1 files uploaded
Created item 2206: Website Content Update for JDA and Chamber of Pulaski County, Response: {'data': {'create_item': {'id': '9071641688'}}}
Upload complete for Website Content Update for JDA and Chamber of Pulaski County: 2 files uploaded
Created item 2207: Website development for Sumter County/City of Americus, Response: {'data': {'create_item': {'id': '9071642274'}}}
No deliverable files to upload for project: Website development for Sumter County/City of Americus
Created item 2208: Website Development for the City of Tennille, Response: {'data': {'create_item': {'id': '9071642504'}}}
No deliverable files to upload for project: Website Development for the City of Tennille
Created item 2209: Website Optimization for Brunswick-Glynn Chamber of Commerce, Response: {'data': {'create_item': {'id': '9071642705'}}}
No deliverable files to upload for project: Website Optimization for Brunswick-Glynn Chamber of Commerce
Created item 2210: Website Redesign for Department of Information Technology, Response: {'data': {'create_item': {'id': '9071642918'}}}
No deliverable files to upload for project: Website Redesign for Department of Information Technology
Created item 2211: Website Redesign for Washington County, Response: {'data': {'create_item': {'id': '9071643131'}}}
No deliverable files to upload for project: Website Redesign for Washington County
Created item 2212: Welcome Center Design, Response: {'data': {'create_item': {'id': '9071643273'}}}
Upload complete for Welcome Center Design: 1 files uploaded
Created item 2213: Wellstar Medical Translation, Response: {'data': {'create_item': {'id': '9071646352'}}}
No deliverable files to upload for project: Wellstar Medical Translation
Created item 2214: Westside Park Project, Response: {'data': {'create_item': {'id': '9071646474'}}}
Upload complete for Westside Park Project: 3 files uploaded
Created item 2215: Wheelchair Access to Playgrounds, Response: {'data': {'create_item': {'id': '9071647594'}}}
No deliverable files to upload for project: Wheelchair Access to Playgrounds
Created item 2216: Wheelchair Access to the Community Garden, Response: {'data': {'create_item': {'id': '9071647708'}}}
No deliverable files to upload for project: Wheelchair Access to the Community Garden
Created item 2217: Where We Play Media Kit, Response: {'data': {'create_item': {'id': '9071647868'}}}
Erorr uploading files Where We Play Media Kit: Files not found

Created item 2218: Where We Play Playground Logo & Entry Signage, Response: {'data': {'create_item': {'id': '9071695249'}}}
Upload complete for Where We Play Playground Logo & Entry Signage: 3 files uploaded
Created item 2219: Whigham Downtown Business Recruitment, Response: {'data': {'create_item': {'id': '9071697947'}}}
No deliverable files to upload for project: Whigham Downtown Business Recruitment
Created item 2220: Whigham Downtown Murals, Response: {'data': {'create_item': {'id': '9071698108'}}}
No deliverable files to upload for project: Whigham Downtown Murals
Created item 2221: Whigham Downtown Signage, Response: {'data': {'create_item': {'id': '9071698257'}}}
Upload complete for Whigham Downtown Signage: 3 files uploaded
Created item 2222: Whigham Magnolia Room Engineering, Response: {'data': {'create_item': {'id': '9071701103'}}}
Upload complete for Whigham Magnolia Room Engineering: 3 files uploaded
Created item 2223: Whigham Mapping Project, Response: {'data': {'create_item': {'id': '9071703099'}}}
No deliverable files to upload for project: Whigham Mapping Project
Created item 2224: Whit. County/Lakeshore Park Neighborhood Parks Projects, Response: {'data': {'create_item': {'id': '9071703284'}}}
Upload complete for Whit. County/Lakeshore Park Neighborhood Parks Projects: 2 files uploaded
Created item 2225: Why Hartwell? Video Contest, Response: {'data': {'create_item': {'id': '9071704208'}}}
No deliverable files to upload for project: Why Hartwell? Video Contest
Created item 2226: Wilbanks Park Restoration Project / City of Baldwin, Response: {'data': {'create_item': {'id': '9071704364'}}}
Upload complete for Wilbanks Park Restoration Project / City of Baldwin: 1 files uploaded
Created item 2227: Wilcox-Pulaski Agritourism Plan, Response: {'data': {'create_item': {'id': '9071704715'}}}
No deliverable files to upload for project: Wilcox-Pulaski Agritourism Plan
Created item 2228: Window Wraps for Vacant Downtown Storefronts, Response: {'data': {'create_item': {'id': '9071704849'}}}
No deliverable files to upload for project: Window Wraps for Vacant Downtown Storefronts
Created item 2229: Wireless Video Surveillance Solution for Morrow, Response: {'data': {'create_item': {'id': '9071704979'}}}
No deliverable files to upload for project: Wireless Video Surveillance Solution for Morrow
Created item 2230: Wolf Creek Bridge Design, Response: {'data': {'create_item': {'id': '9071705112'}}}
Upload complete for Wolf Creek Bridge Design: 6 files uploaded
Created item 2231: Wolf Creek Preserve Walkways & Kiosks, Response: {'data': {'create_item': {'id': '9071706681'}}}
Upload complete for Wolf Creek Preserve Walkways & Kiosks: 9 files uploaded
Created item 2232: Wolf Creek Trout Lily - Botanical Garden Connection, Response: {'data': {'create_item': {'id': '9071711478'}}}
No deliverable files to upload for project: Wolf Creek Trout Lily - Botanical Garden Connection
Created item 2233: Wolf Creek Trout Lily Preserve QR Code Creation, Response: {'data': {'create_item': {'id': '9071711705'}}}
Upload complete for Wolf Creek Trout Lily Preserve QR Code Creation: 1 files uploaded
Created item 2234: Wolf Creek Trout Lily Reserach, Response: {'data': {'create_item': {'id': '9071712309'}}}
No deliverable files to upload for project: Wolf Creek Trout Lily Reserach
Created item 2235: Wolf Creek Trout Lily Trail Signage, Response: {'data': {'create_item': {'id': '9071712523'}}}
Upload complete for Wolf Creek Trout Lily Trail Signage: 1 files uploaded
Created item 2236: Workforce and Education One-Pager, Response: {'data': {'create_item': {'id': '9071713116'}}}
Upload complete for Workforce and Education One-Pager: 1 files uploaded
Created item 2237: Workforce Development Needs Survey for Chamber of Commerce Employer Group, Response: {'data': {'create_item': {'id': '9071713848'}}}
Upload complete for Workforce Development Needs Survey for Chamber of Commerce Employer Group: 2 files uploaded
Created item 2238: Workforce Development Strategic Plan, Response: {'data': {'create_item': {'id': '9071714649'}}}
Upload complete for Workforce Development Strategic Plan: 1 files uploaded
Created item 2239: Workforce Development Survey, Response: {'data': {'create_item': {'id': '9071715049'}}}
Upload complete for Workforce Development Survey: 1 files uploaded
Created item 2240: Workforce Development: Rebranding Technical Education, Response: {'data': {'create_item': {'id': '9071715291'}}}
Upload complete for Workforce Development: Rebranding Technical Education: 2 files uploaded
Created item 2241: Workforce Housing Analysis, Response: {'data': {'create_item': {'id': '9071715851'}}}
Upload complete for Workforce Housing Analysis: 3 files uploaded
Created item 2242: Workforce Investment Act Research, Response: {'data': {'create_item': {'id': '9071717583'}}}
Upload complete for Workforce Investment Act Research: 17 files uploaded
Created item 2243: Workforce Needs Assessment, Response: {'data': {'create_item': {'id': '9071722987'}}}
Upload complete for Workforce Needs Assessment: 3 files uploaded
Created item 2244: Workforce Partitcipation Rate Research, Response: {'data': {'create_item': {'id': '9071723827'}}}
Upload complete for Workforce Partitcipation Rate Research: 3 files uploaded
Created item 2245: Working with Board of Health in Environmental Dept, Response: {'data': {'create_item': {'id': '9071724733'}}}
No deliverable files to upload for project: Working with Board of Health in Environmental Dept
Created item 2246: Workplace Health and Wellness Pilot Study, Response: {'data': {'create_item': {'id': '9071724926'}}}
Upload complete for Workplace Health and Wellness Pilot Study: 5 files uploaded
Created item 2247: Workplace Wellness Program, Response: {'data': {'create_item': {'id': '9071726655'}}}
No deliverable files to upload for project: Workplace Wellness Program
Created item 2248: Workshops: Aging 101 for Georgia, Response: {'data': {'create_item': {'id': '9071726977'}}}
No deliverable files to upload for project: Workshops: Aging 101 for Georgia
Created item 2249: WR City Hall Repurpose, Response: {'data': {'create_item': {'id': '9071727369'}}}
No deliverable files to upload for project: WR City Hall Repurpose
Created item 2250: WR Rec Site, Response: {'data': {'create_item': {'id': '9071727768'}}}
Upload complete for WR Rec Site: 2 files uploaded
Created item 2251: Wrightsboro Church Landscape Design, Response: {'data': {'create_item': {'id': '9071729610'}}}
Upload complete for Wrightsboro Church Landscape Design: 1 files uploaded
Created item 2252: Writing for the Web, Response: {'data': {'create_item': {'id': '9071730040'}}}
Upload complete for Writing for the Web: 1 files uploaded
Created item 2253: Writing Workshop for High School Students, Response: {'data': {'create_item': {'id': '9071730788'}}}
Upload complete for Writing Workshop for High School Students: 2 files uploaded
Created item 2254: Yamacraw Road Park Concept Plan, Response: {'data': {'create_item': {'id': '9071731509'}}}
Upload complete for Yamacraw Road Park Concept Plan: 5 files uploaded
Created item 2255: Young Professional Event, Response: {'data': {'create_item': {'id': '9071734342'}}}
Upload complete for Young Professional Event: 3 files uploaded
Created item 2256: Young Professional Event Flyer, Response: {'data': {'create_item': {'id': '9071735450'}}}
Upload complete for Young Professional Event Flyer: 1 files uploaded
Created item 2257: Young Professionals Event Flyer, Response: {'data': {'create_item': {'id': '9071735832'}}}
No deliverable files to upload for project: Young Professionals Event Flyer
Created item 2258: Young Professionals Event Flyer, Response: {'data': {'create_item': {'id': '9071736029'}}}
No deliverable files to upload for project: Young Professionals Event Flyer
Created item 2259: Young Professionals Event Flyer, Response: {'data': {'create_item': {'id': '9071736171'}}}
No deliverable files to upload for project: Young Professionals Event Flyer
Created item 2260: Young Professionals Event Flyer, Response: {'data': {'create_item': {'id': '9071736346'}}}
No deliverable files to upload for project: Young Professionals Event Flyer
Created item 2261: Young Professionals Flyer/Invite, Response: {'data': {'create_item': {'id': '9071736518'}}}
Upload complete for Young Professionals Flyer/Invite: 1 files uploaded
Created item 2262: Young Professionals IWG, Response: {'data': {'create_item': {'id': '9071736888'}}}
Upload complete for Young Professionals IWG: 5 files uploaded
Created item 2263: Your Town : Northwest Moultrie Design Charrette, Response: {'data': {'create_item': {'id': '9071739272'}}}
No deliverable files to upload for project: Your Town : Northwest Moultrie Design Charrette
Created item 2264: Youth and Education Work Group, Response: {'data': {'create_item': {'id': '9071739519'}}}
Upload complete for Youth and Education Work Group: 2 files uploaded
Created item 2265: Youth Fit Fest Flier, Response: {'data': {'create_item': {'id': '9071740515'}}}
Upload complete for Youth Fit Fest Flier: 1 files uploaded
Created item 2266: Youth Leadership Candler, Response: {'data': {'create_item': {'id': '9071741152'}}}
Upload complete for Youth Leadership Candler: 2 files uploaded
Created item 2267: Youth Leadership Certificate for Healthy Colquitt Coalition/4-H partnership, Response: {'data': {'create_item': {'id': '9071741782'}}}
No deliverable files to upload for project: Youth Leadership Certificate for Healthy Colquitt Coalition/4-H partnership
Created item 2268: Youth Leadership Program Guide: Printing and Compilation, Response: {'data': {'create_item': {'id': '9071742015'}}}
Upload complete for Youth Leadership Program Guide: Printing and Compilation: 1 files uploaded
Created item 2269: Youth Summer Fitness Festival Flyer, Response: {'data': {'create_item': {'id': '9071742825'}}}
Upload complete for Youth Summer Fitness Festival Flyer: 6 files uploaded
Created item 2270: Zoning Ordinance Review and Update, Response: {'data': {'create_item': {'id': '9071745327'}}}
Upload complete for Zoning Ordinance Review and Update: 1 files uploaded
Created item 2271: 'Creative Healing' Invitation, Response: {'data': {'create_item': {'id': '9071745697'}}}
Upload complete for 'Creative Healing' Invitation: 1 files uploaded
Created item 2272: 'Get Healthy Habersham' Initiative -- (formerly -- Childhood Obesity Pilot Project), Response: {'data': {'create_item': {'id': '9071746077'}}}
No deliverable files to upload for project: 'Get Healthy Habersham' Initiative -- (formerly -- Childhood Obesity Pilot Project)
Created item 2273: 'Hartwell is?' tourism brochure (same as H-67), Response: {'data': {'create_item': {'id': '9071746194'}}}
Upload complete for 'Hartwell is?' tourism brochure (same as H-67): 1 files uploaded