Logging started at 2025-05-02 14:32:07.423878. Log file: logs\monday_upload_20250502_143207.log
Created item 1202: Health and Wellness Videos, Response: {'data': {'create_item': {'id': '9058369263'}}}
Upload complete for Health and Wellness Videos: 54 files uploaded
Created item 1203: Health Data Update, Response: {'data': {'create_item': {'id': '9058389397'}}}
No deliverable files to upload for project: Health Data Update
Created item 1204: Health Education Curriculum Development, Response: {'data': {'create_item': {'id': '9058389470'}}}
No deliverable files to upload for project: Health Education Curriculum Development
Created item 1205: Health Fair, Response: {'data': {'create_item': {'id': '9058389534'}}}
No deliverable files to upload for project: Health Fair
Created item 1206: Health in Washington County Presentation, Response: {'data': {'create_item': {'id': '9058389623'}}}
Upload complete for Health in Washington County Presentation: 1 files uploaded
Created item 1207: Health Intern Washington County, Response: {'data': {'create_item': {'id': '9058390418'}}}
No deliverable files to upload for project: Health Intern Washington County
Created item 1208: Health Needs Assessment, Response: {'data': {'create_item': {'id': '9058390513'}}}
Upload complete for Health Needs Assessment: 5 files uploaded
Created item 1209: Health Needs Assessment: Data Analysis, Response: {'data': {'create_item': {'id': '9058391280'}}}
No deliverable files to upload for project: Health Needs Assessment: Data Analysis
Created item 1210: Health Promotion and Behavior - Community-wide public health issues, Response: {'data': {'create_item': {'id': '9058391355'}}}
No deliverable files to upload for project: Health Promotion and Behavior - Community-wide public health issues
Created item 1211: Health Resources Identification, Response: {'data': {'create_item': {'id': '9058391451'}}}
No deliverable files to upload for project: Health Resources Identification
Created item 1212: Health/Medical Journalism, Response: {'data': {'create_item': {'id': '9058391574'}}}
No deliverable files to upload for project: Health/Medical Journalism
Created item 1213: Healthcare Directory Update, Response: {'data': {'create_item': {'id': '9058391698'}}}
No deliverable files to upload for project: Healthcare Directory Update
Created item 1214: Healthcare Metrics and Data Usage Guidance Report, Response: {'data': {'create_item': {'id': '9058391795'}}}
Upload complete for Healthcare Metrics and Data Usage Guidance Report: 2 files uploaded
Created item 1215: Healthcare Metrics and Data Usage Guidance Report Phase II, Response: {'data': {'create_item': {'id': '9058392238'}}}
Upload complete for Healthcare Metrics and Data Usage Guidance Report Phase II: 3 files uploaded
Created item 1216: Healthcare Professional Leadership Development Program in Washington County, Response: {'data': {'create_item': {'id': '9058393012'}}}
No deliverable files to upload for project: Healthcare Professional Leadership Development Program in Washington County
Created item 1217: Healthcare Soft Skills Project (CCHS), Response: {'data': {'create_item': {'id': '9058393187'}}}
Upload complete for Healthcare Soft Skills Project (CCHS): 3 files uploaded
Created item 1218: Healthcare Soft Skills Project (CRMC), Response: {'data': {'create_item': {'id': '9058393821'}}}
Upload complete for Healthcare Soft Skills Project (CRMC): 2 files uploaded
Created item 1219: Healthy Colquitt Coalition executive summary, Response: {'data': {'create_item': {'id': '9058394346'}}}
Upload complete for Healthy Colquitt Coalition executive summary: 1 files uploaded
Created item 1220: Healthy Colquitt Coalition marketing campaign to promote healthy eating in children, Response: {'data': {'create_item': {'id': '9058394637'}}}
Upload complete for Healthy Colquitt Coalition marketing campaign to promote healthy eating in children: 1 files uploaded
Created item 1221: Healthy Colquitt Coalition youth application article, Response: {'data': {'create_item': {'id': '9058395090'}}}
No deliverable files to upload for project: Healthy Colquitt Coalition youth application article
Created item 1222: Healthy Colquitt Coalition: Foster Care 101 Flyer, Response: {'data': {'create_item': {'id': '9058395199'}}}
Upload complete for Healthy Colquitt Coalition: Foster Care 101 Flyer: 3 files uploaded
Created item 1223: Heavy Equipment Operator Pathway Funding, Response: {'data': {'create_item': {'id': '9058395754'}}}
Upload complete for Heavy Equipment Operator Pathway Funding: 1 files uploaded
Created item 1224: Heritage Church Disaster Plan for individuals and records, Response: {'data': {'create_item': {'id': '9058396049'}}}
No deliverable files to upload for project: Heritage Church Disaster Plan for individuals and records
Created item 1225: Heritage Square Landscape Design, Response: {'data': {'create_item': {'id': '9058396175'}}}
Upload complete for Heritage Square Landscape Design: 2 files uploaded
Created item 1226: HHS Soft Skills presentation, Response: {'data': {'create_item': {'id': '9058397407'}}}
No deliverable files to upload for project: HHS Soft Skills presentation
Created item 1227: High Potential Leaders, Response: {'data': {'create_item': {'id': '9058397894'}}}
No deliverable files to upload for project: High Potential Leaders
Created item 1228: High Potential Leaders 2022-2023, Response: {'data': {'create_item': {'id': '9058398240'}}}
No deliverable files to upload for project: High Potential Leaders 2022-2023
Created item 1229: High School Class Scheduling Options, Response: {'data': {'create_item': {'id': '9058398503'}}}
Upload complete for High School Class Scheduling Options: 1 files uploaded
Created item 1230: Highway 15 Coalition Rack Card, Response: {'data': {'create_item': {'id': '9058399202'}}}
Upload complete for Highway 15 Coalition Rack Card: 1 files uploaded
Created item 1231: Highway 15 Coalition Rack Card, Response: {'data': {'create_item': {'id': '9058399868'}}}
No deliverable files to upload for project: Highway 15 Coalition Rack Card
Created item 1232: Highway 15 Coalition Travel Brochure, Response: {'data': {'create_item': {'id': '9058399958'}}}
No deliverable files to upload for project: Highway 15 Coalition Travel Brochure
Created item 1233: Highway 15 COALITION: Marketing and Planning, Response: {'data': {'create_item': {'id': '9058400076'}}}
Upload complete for Highway 15 COALITION: Marketing and Planning: 1 files uploaded
Created item 1234: Highway 150 Engineering Project, Response: {'data': {'create_item': {'id': '9058400367'}}}
Upload complete for Highway 150 Engineering Project: 5 files uploaded
Created item 1235: Highway 17 Re-Design, Response: {'data': {'create_item': {'id': '9058401991'}}}
Upload complete for Highway 17 Re-Design: 9 files uploaded
Created item 1236: Highway 19 Corridor Revitalization, Response: {'data': {'create_item': {'id': '9058403605'}}}
Upload complete for Highway 19 Corridor Revitalization: 1 files uploaded
Created item 1237: Highway 19 Viaduct Signage, Response: {'data': {'create_item': {'id': '9058404542'}}}
No deliverable files to upload for project: Highway 19 Viaduct Signage
Created item 1238: Highway 280 East/City Entrance Enhancement, Response: {'data': {'create_item': {'id': '9058404619'}}}
Upload complete for Highway 280 East/City Entrance Enhancement: 4 files uploaded
Created item 1239: Highway 341 Gateway Park Design, Response: {'data': {'create_item': {'id': '9058406085'}}}
Upload complete for Highway 341 Gateway Park Design: 2 files uploaded
Created item 1240: Highway 341/247 Intersection Redesign, Response: {'data': {'create_item': {'id': '9058406601'}}}
No deliverable files to upload for project: Highway 341/247 Intersection Redesign
Created item 1241: Hillcrest Farms Social Media Plan, Response: {'data': {'create_item': {'id': '9058406776'}}}
Upload complete for Hillcrest Farms Social Media Plan: 2 files uploaded
Created item 1242: Hillcrest Farms Tourism Recommendations, Response: {'data': {'create_item': {'id': '9058408251'}}}
Upload complete for Hillcrest Farms Tourism Recommendations: 2 files uploaded
Created item 1243: Historic Building Revitalization, Response: {'data': {'create_item': {'id': '9058409319'}}}
No deliverable files to upload for project: Historic Building Revitalization
Created item 1244: Historic Courthouse Landscape Design, Response: {'data': {'create_item': {'id': '9058409555'}}}
Upload complete for Historic Courthouse Landscape Design: 3 files uploaded
Created item 1245: Historic District Islands Planting & Maintenance Plans, Response: {'data': {'create_item': {'id': '9058412393'}}}
Upload complete for Historic District Islands Planting & Maintenance Plans: 7 files uploaded
Created item 1246: Historic Downtown Hartwell Ambassador Packet, Response: {'data': {'create_item': {'id': '9058415061'}}}
Upload complete for Historic Downtown Hartwell Ambassador Packet: 29 files uploaded
Created item 1247: Historic Downtown Lovejoy Design and Landscape Design Project, Response: {'data': {'create_item': {'id': '9058430957'}}}
Upload complete for Historic Downtown Lovejoy Design and Landscape Design Project: 1 files uploaded
Created item 1248: Historic Edo Miller Plant, Response: {'data': {'create_item': {'id': '9058431939'}}}
No deliverable files to upload for project: Historic Edo Miller Plant
Created item 1249: Historic Fire House Restoration, Response: {'data': {'create_item': {'id': '9058432024'}}}
No deliverable files to upload for project: Historic Fire House Restoration
Created item 1250: Historic Gym and BOE buildings Repurposing/Renovation, Response: {'data': {'create_item': {'id': '9058432083'}}}
No deliverable files to upload for project: Historic Gym and BOE buildings Repurposing/Renovation
Created item 1251: Historic Preservation assessment, Response: {'data': {'create_item': {'id': '9058432157'}}}
Upload complete for Historic Preservation assessment: 6 files uploaded
Created item 1252: Historic Sandersville Tour Logo, Response: {'data': {'create_item': {'id': '9058433636'}}}
No deliverable files to upload for project: Historic Sandersville Tour Logo
Created item 1253: Historical Mapping, Response: {'data': {'create_item': {'id': '9058433685'}}}
No deliverable files to upload for project: Historical Mapping
Created item 1254: Historical Timeline, Response: {'data': {'create_item': {'id': '9058433777'}}}
Upload complete for Historical Timeline: 2 files uploaded
Created item 1255: Historical Tourism: Leila Ross Wilburn Event, Response: {'data': {'create_item': {'id': '9058434585'}}}
Upload complete for Historical Tourism: Leila Ross Wilburn Event: 5 files uploaded
Created item 1256: Historical Walking Tour, Response: {'data': {'create_item': {'id': '9058436228'}}}
Erorr uploading Historical Walking Tour: Files not found

Created item 1257: Holder Park Listening Session, Response: {'data': {'create_item': {'id': '9058476265'}}}
No deliverable files to upload for project: Holder Park Listening Session
Created item 1258: Hollingsworth & Vose - Electrical Engineer Training Modules, Response: {'data': {'create_item': {'id': '9058476376'}}}
No deliverable files to upload for project: Hollingsworth & Vose - Electrical Engineer Training Modules
Created item 1259: Hollingsworth & Vose - Restructuring of Electrical Engineer Training PowerPoint, Response: {'data': {'create_item': {'id': '9058476444'}}}
No deliverable files to upload for project: Hollingsworth & Vose - Restructuring of Electrical Engineer Training PowerPoint
Created item 1260: Hollingsworth & Vose Entry Landscape Design, Response: {'data': {'create_item': {'id': '9058476525'}}}
Upload complete for Hollingsworth & Vose Entry Landscape Design: 3 files uploaded
Created item 1261: Hollingsworth & Vose Nurse Assistant, Response: {'data': {'create_item': {'id': '9058477117'}}}
No deliverable files to upload for project: Hollingsworth & Vose Nurse Assistant
Created item 1262: Hollingsworth and Vose Bulking Agent Alternative Uses Research, Response: {'data': {'create_item': {'id': '9058477202'}}}
No deliverable files to upload for project: Hollingsworth and Vose Bulking Agent Alternative Uses Research
Created item 1263: Home Rescue Fair, Response: {'data': {'create_item': {'id': '9058477272'}}}
Upload complete for Home Rescue Fair: 1 files uploaded
Created item 1264: Horticulture Cost Estimation for JWSC, Response: {'data': {'create_item': {'id': '9058477531'}}}
Upload complete for Horticulture Cost Estimation for JWSC: 2 files uploaded
Created item 1265: HOSA Connection for Ellenton Clinic, Response: {'data': {'create_item': {'id': '9058477951'}}}
No deliverable files to upload for project: HOSA Connection for Ellenton Clinic
Created item 1266: Hotel Feasibility Study, Response: {'data': {'create_item': {'id': '9058478094'}}}
No deliverable files to upload for project: Hotel Feasibility Study
Created item 1267: Housing Authority of Americus - fa?ade and landscape request, Response: {'data': {'create_item': {'id': '9058478213'}}}
No deliverable files to upload for project: Housing Authority of Americus - fa?ade and landscape request
Created item 1268: Housing Authority of Americus Fa?ade and Landscape Design, Response: {'data': {'create_item': {'id': '9058478317'}}}
Upload complete for Housing Authority of Americus Fa?ade and Landscape Design: 1 files uploaded
Created item 1269: Housing Data Fact Sheet, Response: {'data': {'create_item': {'id': '9058478817'}}}
Upload complete for Housing Data Fact Sheet: 9 files uploaded
Created item 1270: Housing Data Flyer, Response: {'data': {'create_item': {'id': '9058481499'}}}
Upload complete for Housing Data Flyer: 2 files uploaded
Created item 1271: Housing Development Impact Analysis, Response: {'data': {'create_item': {'id': '9058483233'}}}
No deliverable files to upload for project: Housing Development Impact Analysis
Created item 1272: Housing Inventory Study, Response: {'data': {'create_item': {'id': '9058483320'}}}
Upload complete for Housing Inventory Study: 1 files uploaded
Created item 1273: Housing Needs Study for Sanderson Farms Relocation, Response: {'data': {'create_item': {'id': '9058483558'}}}
No deliverable files to upload for project: Housing Needs Study for Sanderson Farms Relocation
Created item 1274: Housing Study, Response: {'data': {'create_item': {'id': '9058483645'}}}
Upload complete for Housing Study: 2 files uploaded
Created item 1275: How to Do Business in Hawkinsville Brochure Text & Design, Response: {'data': {'create_item': {'id': '9058484050'}}}
No deliverable files to upload for project: How to Do Business in Hawkinsville Brochure Text & Design
Created item 1276: Howell Street Trees and Streetscape Design, Response: {'data': {'create_item': {'id': '9058484163'}}}
Upload complete for Howell Street Trees and Streetscape Design: 3 files uploaded
Created item 1277: HPL Capacity Building, Response: {'data': {'create_item': {'id': '9058484807'}}}
Upload complete for HPL Capacity Building: 2 files uploaded
Created item 1278: HPL Christmas Event Invitation, Response: {'data': {'create_item': {'id': '9058485071'}}}
Upload complete for HPL Christmas Event Invitation: 1 files uploaded
Created item 1279: HPL Kick Off Invitation 2024, Response: {'data': {'create_item': {'id': '9058485287'}}}
Upload complete for HPL Kick Off Invitation 2024: 1 files uploaded
Created item 1280: HPL Kickoff Invitation, Response: {'data': {'create_item': {'id': '9058485475'}}}
Upload complete for HPL Kickoff Invitation: 1 files uploaded
Created item 1281: HPL Kickoff Invitation, Response: {'data': {'create_item': {'id': '9058485626'}}}
Upload complete for HPL Kickoff Invitation: 1 files uploaded
Created item 1282: HPL Kickoff Invitation, Response: {'data': {'create_item': {'id': '9058485964'}}}
Upload complete for HPL Kickoff Invitation: 1 files uploaded
Created item 1283: HPL Kickoff Invitation 2023, Response: {'data': {'create_item': {'id': '9058486516'}}}
Upload complete for HPL Kickoff Invitation 2023: 1 files uploaded
Created item 1284: HPL Strategic Plan Proposal, Response: {'data': {'create_item': {'id': '9058487005'}}}
Upload complete for HPL Strategic Plan Proposal: 1 files uploaded
Created item 1285: HPL table tents, Response: {'data': {'create_item': {'id': '9058487505'}}}
Upload complete for HPL table tents: 2 files uploaded
Created item 1286: HR/Payroll Software Vendor Evaluation, Response: {'data': {'create_item': {'id': '9058488116'}}}
Upload complete for HR/Payroll Software Vendor Evaluation: 1 files uploaded
Created item 1287: Human Resource Forms, Response: {'data': {'create_item': {'id': '9058488341'}}}
No deliverable files to upload for project: Human Resource Forms
Created item 1288: Human Services Landscape Design, Response: {'data': {'create_item': {'id': '9058488484'}}}
Upload complete for Human Services Landscape Design: 1 files uploaded
Created item 1289: Hwy 19 Sports Complex Vegetation Design, Response: {'data': {'create_item': {'id': '9058488921'}}}
Upload complete for Hwy 19 Sports Complex Vegetation Design: 1 files uploaded
Created item 1290: Hwy 365 Corridor Gateway & Beatification Project, Response: {'data': {'create_item': {'id': '9058489188'}}}
Upload complete for Hwy 365 Corridor Gateway & Beatification Project: 5 files uploaded
Created item 1291: HYDRA: 2013 Summer Camp Peach Pride Tour, Response: {'data': {'create_item': {'id': '9058492416'}}}
No deliverable files to upload for project: HYDRA: 2013 Summer Camp Peach Pride Tour
Created item 1292: HYDRA: 2013 Summer Science Camp, Response: {'data': {'create_item': {'id': '9058492547'}}}
No deliverable files to upload for project: HYDRA: 2013 Summer Science Camp
Created item 1293: ILA Cultural Training to Support a Growing, Diverse Student Body, Response: {'data': {'create_item': {'id': '9058492659'}}}
Upload complete for ILA Cultural Training to Support a Growing, Diverse Student Body: 1 files uploaded
Created item 1294: ILA Hartwell Mainstreet Strategic Plan, Response: {'data': {'create_item': {'id': '9058493160'}}}
Upload complete for ILA Hartwell Mainstreet Strategic Plan: 1 files uploaded
Created item 1295: ILA Hartwell Tourism Product Development, Response: {'data': {'create_item': {'id': '9058494100'}}}
Upload complete for ILA Hartwell Tourism Product Development: 4 files uploaded
Created item 1296: ILA Needs Assessment for Kids Mental Health Services, Response: {'data': {'create_item': {'id': '9058496121'}}}
Upload complete for ILA Needs Assessment for Kids Mental Health Services: 6 files uploaded
Created item 1297: ILA PROJECT: Pam Stewart Cancer Foundation Strategic Plan, Response: {'data': {'create_item': {'id': '9058498101'}}}
Upload complete for ILA PROJECT: Pam Stewart Cancer Foundation Strategic Plan: 1 files uploaded
Created item 1298: ILA Scholars: Foster Care Support for the Healthy Colquitt Coalition, Response: {'data': {'create_item': {'id': '9058498521'}}}
Upload complete for ILA Scholars: Foster Care Support for the Healthy Colquitt Coalition: 3 files uploaded
Created item 1299: ILA Scholars: Nonprofit Funding Plan Management, Response: {'data': {'create_item': {'id': '9058499603'}}}
Upload complete for ILA Scholars: Nonprofit Funding Plan Management: 4 files uploaded
Created item 1300: ILA Scholars: Rural Transportation Needs, Response: {'data': {'create_item': {'id': '9058500851'}}}
Upload complete for ILA Scholars: Rural Transportation Needs: 7 files uploaded
Created item 1301: ILA Student Hart County Education Foundation Marketing Plan, Response: {'data': {'create_item': {'id': '9058503205'}}}
Upload complete for ILA Student Hart County Education Foundation Marketing Plan: 12 files uploaded
