Logging started at 2025-04-28 11:13:13.047143. Log file: logs\monday_upload_20250428_111313.log
Created item 1: Feasibility Study for Recreation Center at the Hart County Sports and Recreation Complex, Response: {'data': {'create_item': {'id': '9020292521'}}}
Upload complete for Feasibility Study for Recreation Center at the Hart County Sports and Recreation Complex: 28 files uploaded
Created item 2: Hart Botanical Garden Brochure, Response: {'data': {'create_item': {'id': '9020304518'}}}
Upload complete for Hart Botanical Garden Brochure: 3 files uploaded
Created item 3: Historic Downtown Hartwell Ambassador Project Presentation Invitation, Response: {'data': {'create_item': {'id': '9020305916'}}}
No deliverable files to upload for project: Historic Downtown Hartwell Ambassador Project Presentation Invitation
Created item 4: Historical Marker Project, Response: {'data': {'create_item': {'id': '9020306146'}}}
Upload complete for Historical Marker Project: 1 files uploaded
Created item 5: 'Hidden Gems of Habersham' Brochure Project, Response: {'data': {'create_item': {'id': '9020306718'}}}
Upload complete for 'Hidden Gems of Habersham' Brochure Project: 15 files uploaded
Created item 6: (2) Readers to Leaders Measurement, Response: {'data': {'create_item': {'id': '9020373158'}}}
Upload complete for (2) Readers to Leaders Measurement: 2 files uploaded
Created item 7: 0-5 Project - Connect Early with GSCS logo, Response: {'data': {'create_item': {'id': '9020373621'}}}
Upload complete for 0-5 Project - Connect Early with GSCS logo: 1 files uploaded
Created item 8: 2008 Colquitt Archway Leadership Summit, Response: {'data': {'create_item': {'id': '9020374063'}}}
No deliverable files to upload for project: 2008 Colquitt Archway Leadership Summit
Created item 9: 2009 Colquitt Archway Leadership Summit, Response: {'data': {'create_item': {'id': '9020374215'}}}
No deliverable files to upload for project: 2009 Colquitt Archway Leadership Summit
Created item 10: 2010 Colquitt Archway Leadership Summit, Response: {'data': {'create_item': {'id': '9020374388'}}}
No deliverable files to upload for project: 2010 Colquitt Archway Leadership Summit
Created item 11: 2010 Teen Summit, Response: {'data': {'create_item': {'id': '9020374652'}}}
Upload complete for 2010 Teen Summit: 7 files uploaded
Created item 12: 2010 Youth Entrepreneur Workshop, Response: {'data': {'create_item': {'id': '9020378704'}}}
Upload complete for 2010 Youth Entrepreneur Workshop: 6 files uploaded
Created item 13: 2011 Colquitt Archway Leadership Summit, Response: {'data': {'create_item': {'id': '9020380476'}}}
No deliverable files to upload for project: 2011 Colquitt Archway Leadership Summit
Created item 14: 2012 Colquitt Archway Leadership Summit, Response: {'data': {'create_item': {'id': '9020380561'}}}
No deliverable files to upload for project: 2012 Colquitt Archway Leadership Summit
Created item 15: 2013 Colquitt Archway Leadership Summit, Response: {'data': {'create_item': {'id': '9020380669'}}}
Upload complete for 2013 Colquitt Archway Leadership Summit: 1 files uploaded
Created item 16: 2014 Colquitt Archway Leadership Summit, Response: {'data': {'create_item': {'id': '9020380949'}}}
No deliverable files to upload for project: 2014 Colquitt Archway Leadership Summit
Created item 17: 2015 Colquitt Archway Leadership Summit, Response: {'data': {'create_item': {'id': '9020381046'}}}
No deliverable files to upload for project: 2015 Colquitt Archway Leadership Summit
Created item 18: 2016 Archway EC Retreat, Response: {'data': {'create_item': {'id': '9020381155'}}}
Upload complete for 2016 Archway EC Retreat: 8 files uploaded
Created item 19: 2017 Annual Report, Response: {'data': {'create_item': {'id': '9020383607'}}}
Upload complete for 2017 Annual Report: 1 files uploaded
Created item 20: 2017 Student Spotlights, Response: {'data': {'create_item': {'id': '9020384101'}}}
No deliverable files to upload for project: 2017 Student Spotlights
Created item 21: 2018 Charity Tracker Christmas Assistance Brochure, Response: {'data': {'create_item': {'id': '9020384215'}}}
Upload complete for 2018 Charity Tracker Christmas Assistance Brochure: 1 files uploaded
Created item 22: 2018 Colquitt County Leadership Summit, Response: {'data': {'create_item': {'id': '9020384681'}}}
Upload complete for 2018 Colquitt County Leadership Summit: 4 files uploaded
Created item 23: 2019 Colquitt County Leadership Summit, Response: {'data': {'create_item': {'id': '9020385611'}}}
Upload complete for 2019 Colquitt County Leadership Summit: 4 files uploaded
Created item 24: 2020 Census, Response: {'data': {'create_item': {'id': '9020386363'}}}
Upload complete for 2020 Census: 8 files uploaded
Created item 25: 2020 Census, Response: {'data': {'create_item': {'id': '9020388590'}}}
No deliverable files to upload for project: 2020 Census
Created item 26: 2020 Colquitt County Leadership Summit, Response: {'data': {'create_item': {'id': '9020388738'}}}
Upload complete for 2020 Colquitt County Leadership Summit: 2 files uploaded
Created item 27: 2021 Hart County Agriculture Expo, Response: {'data': {'create_item': {'id': '9020389284'}}}
No deliverable files to upload for project: 2021 Hart County Agriculture Expo
Created item 28: 2022 Colquitt County Leadership Summit, Response: {'data': {'create_item': {'id': '9020389475'}}}
Upload complete for 2022 Colquitt County Leadership Summit: 5 files uploaded
Created item 29: 2022 NEGA Ag Expo, Response: {'data': {'create_item': {'id': '9020390707'}}}
Upload complete for 2022 NEGA Ag Expo: 1 files uploaded
Created item 30: 2022 Project IMPACT Trip to Hart County, Response: {'data': {'create_item': {'id': '9020391122'}}}
Upload complete for 2022 Project IMPACT Trip to Hart County: 1 files uploaded
Created item 31: 2022 Spalding Co Holiday Assistance Brochure, Response: {'data': {'create_item': {'id': '9020391796'}}}
Upload complete for 2022 Spalding Co Holiday Assistance Brochure: 1 files uploaded
Created item 32: 2023 Annual Achieving Prosperity Meeting, Response: {'data': {'create_item': {'id': '9020392740'}}}
No deliverable files to upload for project: 2023 Annual Achieving Prosperity Meeting
Created item 33: 2023 Colquitt County Leadership Summit save-the dates and invitations, Response: {'data': {'create_item': {'id': '9020392975'}}}
Upload complete for 2023 Colquitt County Leadership Summit save-the dates and invitations: 2 files uploaded
Created item 34: 2023 G+SC Holiday Assistance Brochure, Response: {'data': {'create_item': {'id': '9020393859'}}}
Upload complete for 2023 G+SC Holiday Assistance Brochure: 1 files uploaded
Created item 35: 2023 NEGA Ag Expo, Response: {'data': {'create_item': {'id': '9020394374'}}}
No deliverable files to upload for project: 2023 NEGA Ag Expo
Created item 36: 2023 Project IMPACT Trip to Hart, Response: {'data': {'create_item': {'id': '9020394640'}}}
Upload complete for 2023 Project IMPACT Trip to Hart: 1 files uploaded
Created item 37: 2024 Colquitt County Leadership Summit, Response: {'data': {'create_item': {'id': '9020395016'}}}
Upload complete for 2024 Colquitt County Leadership Summit: 1 files uploaded
Created item 38: 2024 Hart County Listening Sessions, Response: {'data': {'create_item': {'id': '9020395690'}}}
No deliverable files to upload for project: 2024 Hart County Listening Sessions
Created item 39: 2024 NEGA Ag Expo, Response: {'data': {'create_item': {'id': '9020395857'}}}
No deliverable files to upload for project: 2024 NEGA Ag Expo
Created item 40: 2024 Project IMPACT Visit to Hart County, Response: {'data': {'create_item': {'id': '9020396009'}}}
No deliverable files to upload for project: 2024 Project IMPACT Visit to Hart County
Created item 41: 2024 Summer Camps and Programs in Grady County, Response: {'data': {'create_item': {'id': '9020396145'}}}
Upload complete for 2024 Summer Camps and Programs in Grady County: 1 files uploaded
Created item 42: 21 Century Library Proposal, Response: {'data': {'create_item': {'id': '9020396546'}}}
Upload complete for 21 Century Library Proposal: 3 files uploaded
Created item 43: 30 Railroad Street Mural, Response: {'data': {'create_item': {'id': '9020397352'}}}
Upload complete for 30 Railroad Street Mural: 4 files uploaded
Created item 44: 3G Meetings, Response: {'data': {'create_item': {'id': '9020398374'}}}
Upload complete for 3G Meetings: 6 files uploaded
Created item 45: 501(c)3 Assistance, Response: {'data': {'create_item': {'id': '9020402010'}}}
No deliverable files to upload for project: 501(c)3 Assistance
Created item 46: AARP Health Fair 2009, Response: {'data': {'create_item': {'id': '9020402142'}}}
Upload complete for AARP Health Fair 2009: 3 files uploaded
Created item 47: AARP Health Fair 2010, Response: {'data': {'create_item': {'id': '9020403456'}}}
No deliverable files to upload for project: AARP Health Fair 2010
Created item 48: Access Database for the Office of Community Development, Response: {'data': {'create_item': {'id': '9020403678'}}}
Upload complete for Access Database for the Office of Community Development: 1 files uploaded
Created item 49: ACCG Communications, Response: {'data': {'create_item': {'id': '9020404592'}}}
No deliverable files to upload for project: ACCG Communications
Created item 50: Achieving placement on the National Historic Register for Harmony Grove Baptist Church and Cemetery, Response: {'data': {'create_item': {'id': '9020404913'}}}
No deliverable files to upload for project: Achieving placement on the National Historic Register for Harmony Grove Baptist Church and Cemetery
Created item 51: Achieving Prosperity Annual Meeting 2022, Response: {'data': {'create_item': {'id': '9020405330'}}}
No deliverable files to upload for project: Achieving Prosperity Annual Meeting 2022
Created item 52: Achieving Prosperity Quarterly Meetings, Response: {'data': {'create_item': {'id': '9020519203'}}}
Upload complete for Achieving Prosperity Quarterly Meetings: 3 files uploaded
Created item 53: ACT Photographic Study, Response: {'data': {'create_item': {'id': '9020520058'}}}
Upload complete for ACT Photographic Study: 1 files uploaded
Created item 54: Adaptive Playground for Students with Special Needs, Response: {'data': {'create_item': {'id': '9020520380'}}}
Upload complete for Adaptive Playground for Students with Special Needs: 4 files uploaded
Created item 55: Adopt a Bus Program (GA Museum of Art), Response: {'data': {'create_item': {'id': '9020622776'}}}
No deliverable files to upload for project: Adopt a Bus Program (GA Museum of Art)
Created item 56: Adult Workforce Transportation Study, Response: {'data': {'create_item': {'id': '9020622904'}}}
Upload complete for Adult Workforce Transportation Study: 5 files uploaded
Created item 57: Advancing Sumter Leadership Program, Response: {'data': {'create_item': {'id': '9020624617'}}}
Upload complete for Advancing Sumter Leadership Program: 1 files uploaded
Created item 58: Advancing Sumter Logo Development, Response: {'data': {'create_item': {'id': '9020625170'}}}
Upload complete for Advancing Sumter Logo Development: 1 files uploaded
Created item 59: Affordable Healthcare Options for Farmers, Response: {'data': {'create_item': {'id': '9020625853'}}}
No deliverable files to upload for project: Affordable Healthcare Options for Farmers
Created item 60: Affordable housing Strategy for City of Brunswick (Best Practices), Response: {'data': {'create_item': {'id': '9020626060'}}}
No deliverable files to upload for project: Affordable housing Strategy for City of Brunswick (Best Practices)
Created item 61: African American Choral Ensemble Performance, Response: {'data': {'create_item': {'id': '9020626259'}}}
No deliverable files to upload for project: African American Choral Ensemble Performance
Created item 62: African American Men's Health Initiative - 'Fishers of Men', Response: {'data': {'create_item': {'id': '9020626507'}}}
Upload complete for African American Men's Health Initiative - 'Fishers of Men': 4 files uploaded
Created item 63: African American Men's Health Initiative - 'Fishers of Men' Advisory Board, Response: {'data': {'create_item': {'id': '9020629036'}}}
No deliverable files to upload for project: African American Men's Health Initiative - 'Fishers of Men' Advisory Board
Created item 64: AG Center Study, Response: {'data': {'create_item': {'id': '9020629453'}}}
Upload complete for AG Center Study: 1 files uploaded
Created item 65: Agricultural Tourism: Asset Inventory & Workshop Series, Response: {'data': {'create_item': {'id': '9020631018'}}}
Upload complete for Agricultural Tourism: Asset Inventory & Workshop Series: 9 files uploaded
Created item 66: Airport Passenger Transportation Services Survey, Response: {'data': {'create_item': {'id': '9020639900'}}}
Upload complete for Airport Passenger Transportation Services Survey: 2 files uploaded
Created item 67: Airport Survey, Response: {'data': {'create_item': {'id': '9020647736'}}}
Upload complete for Airport Survey: 2 files uploaded
Created item 68: Airport Terminal Design, Response: {'data': {'create_item': {'id': '9020648939'}}}
Upload complete for Airport Terminal Design: 7 files uploaded
Created item 69: Alexander Park Landscape Design (Regional Project), Response: {'data': {'create_item': {'id': '9020653495'}}}
No deliverable files to upload for project: Alexander Park Landscape Design (Regional Project)
Created item 70: Altama Community Transformation (ACT) District Redevelopment Plan, Phase I, Response: {'data': {'create_item': {'id': '9020653724'}}}
Upload complete for Altama Community Transformation (ACT) District Redevelopment Plan, Phase I: 1 files uploaded
Created item 71: Alternative Funding Streams for Public School System, Response: {'data': {'create_item': {'id': '9020657094'}}}
No deliverable files to upload for project: Alternative Funding Streams for Public School System
Created item 72: Alto 'Visioning for Growth' Plan, Response: {'data': {'create_item': {'id': '9020657213'}}}
Upload complete for Alto 'Visioning for Growth' Plan: 1 files uploaded
Created item 73: Alzheimer's Disease and Related Dementias (ADRD) Work Group, Response: {'data': {'create_item': {'id': '9020657786'}}}
No deliverable files to upload for project: Alzheimer's Disease and Related Dementias (ADRD) Work Group
Created item 74: Alzheimer's Disease and Related Dementias Grant/IWG, Response: {'data': {'create_item': {'id': '9020657930'}}}
Upload complete for Alzheimer's Disease and Related Dementias Grant/IWG: 29 files uploaded
Created item 75: Americus Historic Walking Tour Development, Response: {'data': {'create_item': {'id': '9020672916'}}}
No deliverable files to upload for project: Americus Historic Walking Tour Development
Created item 76: Americus Memorial for Fallen Public Safety Officers, Response: {'data': {'create_item': {'id': '9020673186'}}}
Upload complete for Americus Memorial for Fallen Public Safety Officers: 3 files uploaded
Created item 77: Americus Recycling Program, Marketing (continuation of project @-37), Response: {'data': {'create_item': {'id': '9020678895'}}}
No deliverable files to upload for project: Americus Recycling Program, Marketing (continuation of project @-37)
Created item 78: Americus Sumter PDA Water Flow Review, Response: {'data': {'create_item': {'id': '9020679088'}}}
Upload complete for Americus Sumter PDA Water Flow Review: 2 files uploaded
Created item 79: Americus Sumter Tourism Office Layout Design, Response: {'data': {'create_item': {'id': '9020679828'}}}
No deliverable files to upload for project: Americus Sumter Tourism Office Layout Design
Created item 80: Americus-Sumter County Chamber of Commerce Marketing Plan, Response: {'data': {'create_item': {'id': '9020679947'}}}
No deliverable files to upload for project: Americus-Sumter County Chamber of Commerce Marketing Plan
Created item 81: Americus-Sumter County Land Bank Marketing Assistance, Response: {'data': {'create_item': {'id': '9020680053'}}}
Upload complete for Americus-Sumter County Land Bank Marketing Assistance: 24 files uploaded
Created item 82: Analysis of comp plans and strategic plans of Habersham EC Funding Partners, Response: {'data': {'create_item': {'id': '9020690183'}}}
Upload complete for Analysis of comp plans and strategic plans of Habersham EC Funding Partners: 2 files uploaded
Created item 83: Anderson Elementary School Courtyard Redesign, Response: {'data': {'create_item': {'id': '9020692117'}}}
Upload complete for Anderson Elementary School Courtyard Redesign: 1 files uploaded
Created item 84: Andersonville Welcome CTR landscape design, Response: {'data': {'create_item': {'id': '9020693869'}}}
No deliverable files to upload for project: Andersonville Welcome CTR landscape design
Created item 85: Animal Shelter Marketing, Response: {'data': {'create_item': {'id': '9020694433'}}}
Upload complete for Animal Shelter Marketing: 2 files uploaded
Created item 86: Animal Shelter Research, Response: {'data': {'create_item': {'id': '9020696472'}}}
Upload complete for Animal Shelter Research: 3 files uploaded
Created item 87: Annual Progress Update, Response: {'data': {'create_item': {'id': '9020698327'}}}
Upload complete for Annual Progress Update: 1 files uploaded
Created item 88: Annual Report 2015, Response: {'data': {'create_item': {'id': '9020699577'}}}
No deliverable files to upload for project: Annual Report 2015
Created item 89: AP QPM Worksheet, Response: {'data': {'create_item': {'id': '9020699805'}}}
No deliverable files to upload for project: AP QPM Worksheet
Created item 90: Archway 10 Year Publication, Response: {'data': {'create_item': {'id': '9020700044'}}}
No deliverable files to upload for project: Archway 10 Year Publication
Created item 91: Archway After Hours Posters, Response: {'data': {'create_item': {'id': '9020700336'}}}
No deliverable files to upload for project: Archway After Hours Posters
Created item 92: Archway Cloud Database Project, Response: {'data': {'create_item': {'id': '9020700598'}}}
Upload complete for Archway Cloud Database Project: 4 files uploaded
Created item 93: Archway Comprehensive Communications Plan, Response: {'data': {'create_item': {'id': '9020702609'}}}
No deliverable files to upload for project: Archway Comprehensive Communications Plan
Created item 94: Archway Database, Response: {'data': {'create_item': {'id': '9020702786'}}}
No deliverable files to upload for project: Archway Database
Created item 95: Archway Evaluation Logic Model, Response: {'data': {'create_item': {'id': '9020702937'}}}
Upload complete for Archway Evaluation Logic Model: 2 files uploaded
Created item 96: Archway Internal Process Audit, Response: {'data': {'create_item': {'id': '9020704164'}}}
No deliverable files to upload for project: Archway Internal Process Audit
Created item 97: Archway Newsletter, Response: {'data': {'create_item': {'id': '9020704441'}}}
No deliverable files to upload for project: Archway Newsletter
Created item 98: Archway Partnership Assists with Census in Colquitt County, Response: {'data': {'create_item': {'id': '9020704762'}}}
No deliverable files to upload for project: Archway Partnership Assists with Census in Colquitt County
Created item 99: Archway Partnership Leadership Program-Grady Cohort, Response: {'data': {'create_item': {'id': '9020704993'}}}
Upload complete for Archway Partnership Leadership Program-Grady Cohort: 6 files uploaded
Created item 100: Archway Partnership SOPs, Response: {'data': {'create_item': {'id': '9020710856'}}}
No deliverable files to upload for project: Archway Partnership SOPs
Created item 101: Archway Partnership Student Video: Enhancing Learning at UGA, Response: {'data': {'create_item': {'id': '9020711134'}}}
No deliverable files to upload for project: Archway Partnership Student Video: Enhancing Learning at UGA
