Logging started at 2025-05-02 16:45:54.350071. Log file: logs\monday_upload_20250502_164554.log
Created item 1902: Scholarship Research, Response: {'data': {'create_item': {'id': '9059537840'}}}
Upload complete for Scholarship Research: 1 files uploaded
Created item 1903: School Based Health Clinic, Response: {'data': {'create_item': {'id': '9059538006'}}}
No deliverable files to upload for project: School Based Health Clinic
Created item 1904: School Based Health Clinic Marketing, Response: {'data': {'create_item': {'id': '9059538063'}}}
Upload complete for School Based Health Clinic Marketing: 9 files uploaded
Created item 1905: School Board Training, Response: {'data': {'create_item': {'id': '9059539532'}}}
No deliverable files to upload for project: School Board Training
Created item 1906: School Bookkeeper Training Course Development, Response: {'data': {'create_item': {'id': '9059539602'}}}
No deliverable files to upload for project: School Bookkeeper Training Course Development
Created item 1907: School Governance Council By-Law Development, Response: {'data': {'create_item': {'id': '9059539671'}}}
Upload complete for School Governance Council By-Law Development: 2 files uploaded
Created item 1908: School Health Clinic Marketing, Response: {'data': {'create_item': {'id': '9059539898'}}}
No deliverable files to upload for project: School Health Clinic Marketing
Created item 1909: SCORE Strategic Plan Development, Response: {'data': {'create_item': {'id': '9059539946'}}}
Upload complete for SCORE Strategic Plan Development: 3 files uploaded
Created item 1910: SCPRD Gymnastics Program Marketing Plan, Response: {'data': {'create_item': {'id': '9059540258'}}}
Upload complete for SCPRD Gymnastics Program Marketing Plan: 5 files uploaded
Created item 1911: Self-Sufficiency Calculator, Response: {'data': {'create_item': {'id': '9059542897'}}}
No deliverable files to upload for project: Self-Sufficiency Calculator
Created item 1912: Senior Care Center/CCG, Response: {'data': {'create_item': {'id': '9059542942'}}}
No deliverable files to upload for project: Senior Care Center/CCG
Created item 1913: Senior Health Awareness and Prevention Education (SHAPE), Response: {'data': {'create_item': {'id': '9059542997'}}}
No deliverable files to upload for project: Senior Health Awareness and Prevention Education (SHAPE)
Created item 1914: SES - Landscaping and lighting plan, Response: {'data': {'create_item': {'id': '9059543060'}}}
No deliverable files to upload for project: SES - Landscaping and lighting plan
Created item 1915: SGHS Law Internship, Response: {'data': {'create_item': {'id': '9059543119'}}}
No deliverable files to upload for project: SGHS Law Internship
Created item 1916: SGTC CDL Driving Course Site Design, Response: {'data': {'create_item': {'id': '9059543177'}}}
No deliverable files to upload for project: SGTC CDL Driving Course Site Design
Created item 1917: SGTC Hangar Landscape Design, Response: {'data': {'create_item': {'id': '9059543240'}}}
No deliverable files to upload for project: SGTC Hangar Landscape Design
Created item 1918: SGTC Landscape Update: Hanger, Response: {'data': {'create_item': {'id': '9059543303'}}}
Upload complete for SGTC Landscape Update: Hanger: 4 files uploaded
Created item 1919: Shade Tree Plan, Response: {'data': {'create_item': {'id': '9059544059'}}}
Upload complete for Shade Tree Plan: 2 files uploaded
Created item 1920: Shop and Dine in Tennille Phase I, Response: {'data': {'create_item': {'id': '9059544484'}}}
Upload complete for Shop and Dine in Tennille Phase I: 1 files uploaded
Created item 1921: Shop Local Logo (2014), Response: {'data': {'create_item': {'id': '9059544687'}}}
Upload complete for Shop Local Logo (2014): 1 files uploaded
Created item 1922: Sidney Point Mural, Response: {'data': {'create_item': {'id': '9059544875'}}}
No deliverable files to upload for project: Sidney Point Mural
Created item 1923: Signage Design Logo Updates, Response: {'data': {'create_item': {'id': '9059544989'}}}
Upload complete for Signage Design Logo Updates: 1 files uploaded
Created item 1924: Signage for Washington Historical Society, Response: {'data': {'create_item': {'id': '9059545245'}}}
No deliverable files to upload for project: Signage for Washington Historical Society
Created item 1925: Signage for WRMC, Response: {'data': {'create_item': {'id': '9059545313'}}}
Upload complete for Signage for WRMC: 2 files uploaded
Created item 1926: Signage Ordinance Research, Response: {'data': {'create_item': {'id': '9059545669'}}}
Upload complete for Signage Ordinance Research: 1 files uploaded
Created item 1927: Signs for City Limits and Departmental signs, Response: {'data': {'create_item': {'id': '9059545906'}}}
No deliverable files to upload for project: Signs for City Limits and Departmental signs
Created item 1928: Small Business Data collection for Website, Response: {'data': {'create_item': {'id': '9059545965'}}}
No deliverable files to upload for project: Small Business Data collection for Website
Created item 1929: Small Business Development Protocol, Response: {'data': {'create_item': {'id': '9059546032'}}}
Upload complete for Small Business Development Protocol: 6 files uploaded
Created item 1930: Small Business Guide, Response: {'data': {'create_item': {'id': '9059547699'}}}
No deliverable files to upload for project: Small Business Guide
Created item 1931: SMART rural community, Response: {'data': {'create_item': {'id': '9059547909'}}}
Upload complete for SMART rural community: 1 files uploaded
Created item 1932: Social Media Best Practices & Policies, Response: {'data': {'create_item': {'id': '9059548232'}}}
No deliverable files to upload for project: Social Media Best Practices & Policies
Created item 1933: Social Media consultation: Facebook Page, Response: {'data': {'create_item': {'id': '9059548302'}}}
No deliverable files to upload for project: Social Media consultation: Facebook Page
Created item 1934: Social Services Asset Inventory Mapping Resource, Response: {'data': {'create_item': {'id': '9059548350'}}}
No deliverable files to upload for project: Social Services Asset Inventory Mapping Resource
Created item 1935: Software Evaluation for SCBC Parks and Recreation Department, Response: {'data': {'create_item': {'id': '9059548420'}}}
No deliverable files to upload for project: Software Evaluation for SCBC Parks and Recreation Department
Created item 1936: Software Evaluation for The Southwestern Judicial Circuit of Georgia, Response: {'data': {'create_item': {'id': '9059548470'}}}
Upload complete for Software Evaluation for The Southwestern Judicial Circuit of Georgia: 1 files uploaded
Created item 1937: Solar Panel/System Assessment, Response: {'data': {'create_item': {'id': '9059548625'}}}
Upload complete for Solar Panel/System Assessment: 2 files uploaded
Created item 1938: Solid Waste Facility Site Relocation, Response: {'data': {'create_item': {'id': '9059548908'}}}
Upload complete for Solid Waste Facility Site Relocation: 2 files uploaded
Created item 1939: Solid Waste Feasibility Studies, Response: {'data': {'create_item': {'id': '9059549446'}}}
Upload complete for Solid Waste Feasibility Studies: 15 files uploaded
Created item 1940: Soque Scenic Corridor Management Plan, Response: {'data': {'create_item': {'id': '9059551538'}}}
Upload complete for Soque Scenic Corridor Management Plan: 2 files uploaded
Created item 1941: Sounds Across Georgia 2015, Response: {'data': {'create_item': {'id': '9059553912'}}}
No deliverable files to upload for project: Sounds Across Georgia 2015
Created item 1942: Sounds Across Georgia Visit, Response: {'data': {'create_item': {'id': '9059553983'}}}
No deliverable files to upload for project: Sounds Across Georgia Visit
Created item 1943: South Georgia Etiquette/Culture Training, Response: {'data': {'create_item': {'id': '9059554049'}}}
No deliverable files to upload for project: South Georgia Etiquette/Culture Training
Created item 1944: South Hart Elementary: Landscape Site Plan, Response: {'data': {'create_item': {'id': '9059554120'}}}
Upload complete for South Hart Elementary: Landscape Site Plan: 1 files uploaded
Created item 1945: Southern Crescent Technical College Entrance Design, Response: {'data': {'create_item': {'id': '9059554609'}}}
Upload complete for Southern Crescent Technical College Entrance Design: 2 files uploaded
Created item 1946: Southern Terrace Park Design, Response: {'data': {'create_item': {'id': '9059556018'}}}
Upload complete for Southern Terrace Park Design: 6 files uploaded
Created item 1947: Southwest Georgia Community Action Council Facade Redevelopment, Response: {'data': {'create_item': {'id': '9059558285'}}}
Upload complete for Southwest Georgia Community Action Council Facade Redevelopment: 2 files uploaded
Created item 1948: Spalding Co Bus Wrap Design, Response: {'data': {'create_item': {'id': '9059558873'}}}
Upload complete for Spalding Co Bus Wrap Design: 3 files uploaded
Created item 1949: Spalding Collaborative -- ILA Marketing Plan, Response: {'data': {'create_item': {'id': '9059560613'}}}
Upload complete for Spalding Collaborative -- ILA Marketing Plan: 2 files uploaded
Created item 1950: Spalding County BOC Retreat, Response: {'data': {'create_item': {'id': '9059561237'}}}
No deliverable files to upload for project: Spalding County BOC Retreat
Created item 1951: Spalding County Government Data Dashboard, Response: {'data': {'create_item': {'id': '9059561388'}}}
Upload complete for Spalding County Government Data Dashboard: 3 files uploaded
Created item 1952: Spalding County Leisure Services Marketing Plan, Response: {'data': {'create_item': {'id': '9059562511'}}}
Upload complete for Spalding County Leisure Services Marketing Plan: 4 files uploaded
Created item 1953: Spalding County Mechanic Shop Redesign, Response: {'data': {'create_item': {'id': '9059564963'}}}
Upload complete for Spalding County Mechanic Shop Redesign: 2 files uploaded
Created item 1954: Spalding County Salary Study, Response: {'data': {'create_item': {'id': '9059565557'}}}
No deliverable files to upload for project: Spalding County Salary Study
Created item 1955: Spalding County-Wide Recycling, Response: {'data': {'create_item': {'id': '9059565655'}}}
Upload complete for Spalding County-Wide Recycling: 70 files uploaded
Created item 1956: Spalding High Walkability Study, Response: {'data': {'create_item': {'id': '9059584049'}}}
Upload complete for Spalding High Walkability Study: 2 files uploaded
Created item 1957: Spalding Water Authority Retreat, Response: {'data': {'create_item': {'id': '9059585382'}}}
No deliverable files to upload for project: Spalding Water Authority Retreat
Created item 1958: Spalding: Quarry's Edge Park Marketing Plan, Response: {'data': {'create_item': {'id': '9059585447'}}}
No deliverable files to upload for project: Spalding: Quarry's Edge Park Marketing Plan
Created item 1959: Speculative Building, Landscape and Improvement Project, Response: {'data': {'create_item': {'id': '9059585513'}}}
No deliverable files to upload for project: Speculative Building, Landscape and Improvement Project
Created item 1960: Splash Pad Vegetation Design, Response: {'data': {'create_item': {'id': '9059585564'}}}
Upload complete for Splash Pad Vegetation Design: 2 files uploaded
Created item 1961: Spring 2020 Intergovernmental Economic Retreat, Response: {'data': {'create_item': {'id': '9059585870'}}}
Upload complete for Spring 2020 Intergovernmental Economic Retreat: 1 files uploaded
Created item 1962: Spring 2021 Evaluation Work, Response: {'data': {'create_item': {'id': '9059586043'}}}
No deliverable files to upload for project: Spring 2021 Evaluation Work
Created item 1963: St. Luke's Community Building, Response: {'data': {'create_item': {'id': '9059586109'}}}
Upload complete for St. Luke's Community Building: 3 files uploaded
Created item 1964: St. Luke's Feasibility Study, Response: {'data': {'create_item': {'id': '9059586511'}}}
Upload complete for St. Luke's Feasibility Study: 2 files uploaded
Created item 1965: Stash the Trash Campaign, Response: {'data': {'create_item': {'id': '9059586892'}}}
No deliverable files to upload for project: Stash the Trash Campaign
Created item 1966: State Farmer's Market Redesign Concept, Response: {'data': {'create_item': {'id': '9059586985'}}}
No deliverable files to upload for project: State Farmer's Market Redesign Concept
Created item 1967: State Map with counties and 15, Response: {'data': {'create_item': {'id': '9059587079'}}}
Upload complete for State Map with counties and 15: 2 files uploaded
Created item 1968: State of Education Conference 2017, Response: {'data': {'create_item': {'id': '9059587466'}}}
Upload complete for State of Education Conference 2017: 1 files uploaded
Created item 1969: Statewide Freight Corridor Planning, Response: {'data': {'create_item': {'id': '9059587734'}}}
No deliverable files to upload for project: Statewide Freight Corridor Planning
Created item 1970: Statistics for the Boys & Girls Club of Sandersville, Response: {'data': {'create_item': {'id': '9059587873'}}}
No deliverable files to upload for project: Statistics for the Boys & Girls Club of Sandersville
Created item 1971: Statistics on Early Childhood Education, Response: {'data': {'create_item': {'id': '9059588116'}}}
Upload complete for Statistics on Early Childhood Education: 1 files uploaded
Created item 1972: STEAM Assistance in WA CO schools, Response: {'data': {'create_item': {'id': '9059588708'}}}
No deliverable files to upload for project: STEAM Assistance in WA CO schools
Created item 1973: STEM Integration at MMS, Response: {'data': {'create_item': {'id': '9059588942'}}}
Upload complete for STEM Integration at MMS: 3 files uploaded
Created item 1974: Strategic Business Plan for the Sumter County Fairgrounds, Response: {'data': {'create_item': {'id': '9059589603'}}}
Upload complete for Strategic Business Plan for the Sumter County Fairgrounds: 9 files uploaded
Created item 1975: Strategic Plan Facilitation and Development - Moultrie First Presbyterian Church, Response: {'data': {'create_item': {'id': '9059592271'}}}
No deliverable files to upload for project: Strategic Plan Facilitation and Development - Moultrie First Presbyterian Church
Created item 1976: Strategic Plan Facilitation and Development - Moultrie YMCA, Response: {'data': {'create_item': {'id': '9059592517'}}}
No deliverable files to upload for project: Strategic Plan Facilitation and Development - Moultrie YMCA
Created item 1977: Strategic Plan Facilitation and Development - Moultrie-Colquitt Co. Development Authority, Response: {'data': {'create_item': {'id': '9059592664'}}}
No deliverable files to upload for project: Strategic Plan Facilitation and Development - Moultrie-Colquitt Co. Development Authority
Created item 1978: Strategic Plan Rollout Meeting, Response: {'data': {'create_item': {'id': '9059592813'}}}
Upload complete for Strategic Plan Rollout Meeting: 1 files uploaded
Created item 1979: Strategic Planning for EDC, Response: {'data': {'create_item': {'id': '9059593353'}}}
Upload complete for Strategic Planning for EDC: 3 files uploaded
Created item 1980: Strategic Planning Process for Glynn Executive Committee, Response: {'data': {'create_item': {'id': '9059594355'}}}
No deliverable files to upload for project: Strategic Planning Process for Glynn Executive Committee
Created item 1981: Strategic Planning Process for Washington County Executive Committee, Response: {'data': {'create_item': {'id': '9059594524'}}}
No deliverable files to upload for project: Strategic Planning Process for Washington County Executive Committee
Created item 1982: Strategic Planning/Visioning for Griffin+Spalding Archway Partnership (Intergovernmental retreat 2017), Response: {'data': {'create_item': {'id': '9059594670'}}}
No deliverable files to upload for project: Strategic Planning/Visioning for Griffin+Spalding Archway Partnership (Intergovernmental retreat 2017)
Created item 1983: Strategic Scheduling of Community Events, Response: {'data': {'create_item': {'id': '9059594822'}}}
Upload complete for Strategic Scheduling of Community Events: 1 files uploaded
Created item 1984: Streetscape and entryway signage designs for city of Funston, Response: {'data': {'create_item': {'id': '9059595238'}}}
Upload complete for Streetscape and entryway signage designs for city of Funston: 2 files uploaded
Created item 1985: Streetscape beautification for Broad St. (Downtown Corridor), Response: {'data': {'create_item': {'id': '9059596446'}}}
No deliverable files to upload for project: Streetscape beautification for Broad St. (Downtown Corridor)
Created item 1986: Streetscape Design and Entryways, Response: {'data': {'create_item': {'id': '9059596664'}}}
Upload complete for Streetscape Design and Entryways: 1 files uploaded
Created item 1987: Streetscape designs for downtown Revitalization Plans for city of Berlin, Response: {'data': {'create_item': {'id': '9059597527'}}}
Upload complete for Streetscape designs for downtown Revitalization Plans for city of Berlin: 3 files uploaded
Created item 1988: Streetscape designs for downtown Revitalization Plans for city of Doerun, Response: {'data': {'create_item': {'id': '9059598658'}}}
Upload complete for Streetscape designs for downtown Revitalization Plans for city of Doerun: 2 files uploaded
Created item 1989: Streetscape designs for downtown Revitalization Plans for city of Norman Park, Response: {'data': {'create_item': {'id': '9059599429'}}}
Upload complete for Streetscape designs for downtown Revitalization Plans for city of Norman Park: 3 files uploaded
Created item 1990: Strickland Building Acoustics, Response: {'data': {'create_item': {'id': '9059601424'}}}
No deliverable files to upload for project: Strickland Building Acoustics
Created item 1991: Strong Interest Inventory Pilot Project, Response: {'data': {'create_item': {'id': '9059601624'}}}
Upload complete for Strong Interest Inventory Pilot Project: 1 files uploaded
Created item 1992: Student of the Year Award Winners, Response: {'data': {'create_item': {'id': '9059602073'}}}
Upload complete for Student of the Year Award Winners: 3 files uploaded
Created item 1993: Student Tele-Health Research, Response: {'data': {'create_item': {'id': '9059604371'}}}
No deliverable files to upload for project: Student Tele-Health Research
Created item 1994: Study Recap, Response: {'data': {'create_item': {'id': '9059604490'}}}
Upload complete for Study Recap: 1 files uploaded
Created item 1995: Study regarding the effects of railroad on downtown Tennille, Response: {'data': {'create_item': {'id': '9059604831'}}}
No deliverable files to upload for project: Study regarding the effects of railroad on downtown Tennille
Created item 1996: Study: Assessment of African American Leadership in Colquitt County, Response: {'data': {'create_item': {'id': '9059604967'}}}
No deliverable files to upload for project: Study: Assessment of African American Leadership in Colquitt County
Created item 1997: Study: Assessment of Hispanic Leadership in Colquitt County, Response: {'data': {'create_item': {'id': '9059605111'}}}
Upload complete for Study: Assessment of Hispanic Leadership in Colquitt County: 2 files uploaded
Created item 1998: Studying and evaluating opportunities for enhancing retail trade within community, Response: {'data': {'create_item': {'id': '9059605719'}}}
No deliverable files to upload for project: Studying and evaluating opportunities for enhancing retail trade within community
Created item 1999: Suicide Awareness, Response: {'data': {'create_item': {'id': '9059605874'}}}
Upload complete for Suicide Awareness: 4 files uploaded
Created item 2000: Summer Evaluation Work, Response: {'data': {'create_item': {'id': '9059607229'}}}
No deliverable files to upload for project: Summer Evaluation Work
Created item 2001: Summer Intern to help Whitfield CO GIS Dept., Response: {'data': {'create_item': {'id': '9059607346'}}}
No deliverable files to upload for project: Summer Intern to help Whitfield CO GIS Dept.
