Logging started at 2025-04-28 13:41:09.449631. Log file: logs\monday_upload_20250428_134109.log
Created item 402: Clayton County Economic Development Department Intern - Fall2009/Spring2010, Response: {'data': {'create_item': {'id': '9022329787'}}}
No deliverable files to upload for project: Clayton County Economic Development Department Intern - Fall2009/Spring2010
Created item 403: Clayton County Film, Sports, and Entertainment Project, Response: {'data': {'create_item': {'id': '9022330231'}}}
No deliverable files to upload for project: Clayton County Film, Sports, and Entertainment Project
Created item 404: Clayton County Government Parks and Recreation Department landscape designs for International Park, Gerald Matthews Complex, Virginia Gray Rec Center, Carl Rhodenizer Rec Center and Jim Huie Rec Center, Response: {'data': {'create_item': {'id': '9022330738'}}}
Upload complete for Clayton County Government Parks and Recreation Department landscape designs for International Park, Gerald Matthews Complex, Virginia Gray Rec Center, Carl Rhodenizer Rec Center and Jim Huie Rec Center: 5 files uploaded
Created item 405: Clayton County Masters Gardners Training Program, Response: {'data': {'create_item': {'id': '9022335747'}}}
Upload complete for Clayton County Masters Gardners Training Program: 1 files uploaded
Created item 406: Clayton County Neighborhood Stabilization Program (NSP) Housing Resource Website, Response: {'data': {'create_item': {'id': '9022337064'}}}
No deliverable files to upload for project: Clayton County Neighborhood Stabilization Program (NSP) Housing Resource Website
Created item 407: Clayton County Parks & Rec Landscape Design, Response: {'data': {'create_item': {'id': '9022337572'}}}
No deliverable files to upload for project: Clayton County Parks & Rec Landscape Design
Created item 408: Clayton County Sheriff's Department Intern, Response: {'data': {'create_item': {'id': '9022338144'}}}
No deliverable files to upload for project: Clayton County Sheriff's Department Intern
Created item 409: Clayton County Web Site Anaylsis, Response: {'data': {'create_item': {'id': '9022338641'}}}
No deliverable files to upload for project: Clayton County Web Site Anaylsis
Created item 410: Clayton County: Parks & Rec Redesigns, Response: {'data': {'create_item': {'id': '9022339113'}}}
Upload complete for Clayton County: Parks & Rec Redesigns: 1 files uploaded
Created item 411: Clayton Parks and Recreation Conceptual Trail Design, Response: {'data': {'create_item': {'id': '9022341354'}}}
No deliverable files to upload for project: Clayton Parks and Recreation Conceptual Trail Design
Created item 412: Clayton Stately Oaks Project, Response: {'data': {'create_item': {'id': '9022341653'}}}
Upload complete for Clayton Stately Oaks Project: 1 files uploaded
Created item 413: Clayton Website & housing resource, Response: {'data': {'create_item': {'id': '9022345086'}}}
No deliverable files to upload for project: Clayton Website & housing resource
Created item 414: Clayton Work Ready Research Project, Response: {'data': {'create_item': {'id': '9022345409'}}}
Upload complete for Clayton Work Ready Research Project: 1 files uploaded
Created item 415: Club Tech Support Grant: The Jackie Robinson Boys and Girls Club of Cairo-Grady County, Response: {'data': {'create_item': {'id': '9022346224'}}}
No deliverable files to upload for project: Club Tech Support Grant: The Jackie Robinson Boys and Girls Club of Cairo-Grady County
Created item 416: Co-Responder Economic Analysis, Response: {'data': {'create_item': {'id': '9022346468'}}}
Upload complete for Co-Responder Economic Analysis: 1 files uploaded
Created item 417: Co-Responder Regional Grant Application, Response: {'data': {'create_item': {'id': '9022347093'}}}
No deliverable files to upload for project: Co-Responder Regional Grant Application
Created item 418: Coastal BEST, Response: {'data': {'create_item': {'id': '9022347390'}}}
Upload complete for Coastal BEST: 1 files uploaded
Created item 419: CoastScapes Demo Site Landscape Illustration, Response: {'data': {'create_item': {'id': '9022347969'}}}
No deliverable files to upload for project: CoastScapes Demo Site Landscape Illustration
Created item 420: CoastScapes Native Pollinators Illustration, Response: {'data': {'create_item': {'id': '9022348225'}}}
No deliverable files to upload for project: CoastScapes Native Pollinators Illustration
Created item 421: CoastScapes Website Enhancements, Response: {'data': {'create_item': {'id': '9022348506'}}}
No deliverable files to upload for project: CoastScapes Website Enhancements
Created item 422: COC Bylaw Revamp, Response: {'data': {'create_item': {'id': '9022348744'}}}
Upload complete for COC Bylaw Revamp: 2 files uploaded
Created item 423: Code Enforcement Agreement, Response: {'data': {'create_item': {'id': '9022349597'}}}
Upload complete for Code Enforcement Agreement: 2 files uploaded
Created item 424: Code Enforcement documentation, Response: {'data': {'create_item': {'id': '9022350416'}}}
Upload complete for Code Enforcement documentation: 2 files uploaded
Created item 425: Code Enforcement Intern for Clayton County, Response: {'data': {'create_item': {'id': '9022351289'}}}
No deliverable files to upload for project: Code Enforcement Intern for Clayton County
Created item 426: Code Enforcement Officers class, Response: {'data': {'create_item': {'id': '9022351495'}}}
No deliverable files to upload for project: Code Enforcement Officers class
Created item 427: Collaboration b/t College of Vet Med. And the Clayton CO. School System, Response: {'data': {'create_item': {'id': '9022351700'}}}
No deliverable files to upload for project: Collaboration b/t College of Vet Med. And the Clayton CO. School System
Created item 428: College and Career Academy Evaluation Database, Response: {'data': {'create_item': {'id': '9022351944'}}}
Upload complete for College and Career Academy Evaluation Database: 1 files uploaded
Created item 429: College Decision Research, Response: {'data': {'create_item': {'id': '9022352635'}}}
No deliverable files to upload for project: College Decision Research
Created item 430: College Park Alleyway Design, Response: {'data': {'create_item': {'id': '9022352898'}}}
No deliverable files to upload for project: College Park Alleyway Design
Created item 431: College Park MARTA Station landscape design, Response: {'data': {'create_item': {'id': '9022353193'}}}
Upload complete for College Park MARTA Station landscape design: 5 files uploaded
Created item 432: College Park Redesign: Intersection of Roosevelt Hwy. & Lee St., Response: {'data': {'create_item': {'id': '9022355965'}}}
Upload complete for College Park Redesign: Intersection of Roosevelt Hwy. & Lee St.: 1 files uploaded
Created item 433: College Park Urban Farm Landscape & Outdoor Classroom Envionment, Response: {'data': {'create_item': {'id': '9022356694'}}}
Upload complete for College Park Urban Farm Landscape & Outdoor Classroom Envionment: 2 files uploaded
Created item 434: College Recruiter List, Response: {'data': {'create_item': {'id': '9022357660'}}}
No deliverable files to upload for project: College Recruiter List
Created item 435: Colquitt County 2020 Census Best Practices Report, Response: {'data': {'create_item': {'id': '9022357910'}}}
Upload complete for Colquitt County 2020 Census Best Practices Report: 3 files uploaded
Created item 436: Colquitt County Archway Partnership Graduation Publication, Response: {'data': {'create_item': {'id': '9022359205'}}}
Upload complete for Colquitt County Archway Partnership Graduation Publication: 2 files uploaded
Created item 437: Colquitt County Arts Center internships to develop curriculum and programming, Response: {'data': {'create_item': {'id': '9022359747'}}}
No deliverable files to upload for project: Colquitt County Arts Center internships to develop curriculum and programming
Created item 438: Colquitt County Baby ABC book photo contest article, Response: {'data': {'create_item': {'id': '9022359863'}}}
Upload complete for Colquitt County Baby ABC book photo contest article: 1 files uploaded
Created item 439: Colquitt County Baby page formatting, Response: {'data': {'create_item': {'id': '9022360158'}}}
No deliverable files to upload for project: Colquitt County Baby page formatting
Created item 440: Colquitt County Baby winner certificate design, Response: {'data': {'create_item': {'id': '9022360349'}}}
Upload complete for Colquitt County Baby winner certificate design: 1 files uploaded
Created item 441: Colquitt County Cultural Focus Group facilitation, Response: {'data': {'create_item': {'id': '9022360680'}}}
No deliverable files to upload for project: Colquitt County Cultural Focus Group facilitation
Created item 442: Colquitt County Leadership Facilitation Training, Response: {'data': {'create_item': {'id': '9022360809'}}}
No deliverable files to upload for project: Colquitt County Leadership Facilitation Training
Created item 443: Colquitt County Recreational Facilities Assest Inventory, Response: {'data': {'create_item': {'id': '9022360917'}}}
Upload complete for Colquitt County Recreational Facilities Assest Inventory: 1 files uploaded
Created item 444: Colquitt County School District focus group facilitation, Response: {'data': {'create_item': {'id': '9022361187'}}}
Upload complete for Colquitt County School District focus group facilitation: 3 files uploaded
Created item 445: Colquitt County Teen Pregnancy Fact Sheet, Response: {'data': {'create_item': {'id': '9022361997'}}}
Upload complete for Colquitt County Teen Pregnancy Fact Sheet: 1 files uploaded
Created item 446: Colquitt Farm Worker Family Health Program 2016, Response: {'data': {'create_item': {'id': '9022362400'}}}
Upload complete for Colquitt Farm Worker Family Health Program 2016: 1 files uploaded
Created item 447: Colquitt Farm Worker Family Health Summer Program 2011, Response: {'data': {'create_item': {'id': '9022363072'}}}
Upload complete for Colquitt Farm Worker Family Health Summer Program 2011: 3 files uploaded
Created item 448: Colquitt Farm Worker Family Health Summer Program 2012, Response: {'data': {'create_item': {'id': '9022365266'}}}
Upload complete for Colquitt Farm Worker Family Health Summer Program 2012: 1 files uploaded
Created item 449: Colquitt Farm Worker Family Health Summer Program 2013, Response: {'data': {'create_item': {'id': '9022366140'}}}
Upload complete for Colquitt Farm Worker Family Health Summer Program 2013: 1 files uploaded
Created item 450: Colquitt Farm Worker Family Health Summer Program 2014, Response: {'data': {'create_item': {'id': '9022367134'}}}
Upload complete for Colquitt Farm Worker Family Health Summer Program 2014: 1 files uploaded
Created item 451: Colquitt Farm Worker Family Health Summer Program 2015, Response: {'data': {'create_item': {'id': '9022368137'}}}
Upload complete for Colquitt Farm Worker Family Health Summer Program 2015: 1 files uploaded
Created item 452: Colquitt MPH Internship - Colquitt Regional Medical Center, Response: {'data': {'create_item': {'id': '9022369268'}}}
No deliverable files to upload for project: Colquitt MPH Internship - Colquitt Regional Medical Center
Created item 453: Colquitt MPH Internship - Ellenton Health Clinic, Response: {'data': {'create_item': {'id': '9022369610'}}}
No deliverable files to upload for project: Colquitt MPH Internship - Ellenton Health Clinic
Created item 454: Colquitt MPH Internship - Park Regency, Response: {'data': {'create_item': {'id': '9022369961'}}}
No deliverable files to upload for project: Colquitt MPH Internship - Park Regency
Created item 455: Colson Park Landscape and Tree Design, Response: {'data': {'create_item': {'id': '9022370254'}}}
Upload complete for Colson Park Landscape and Tree Design: 7 files uploaded
Created item 456: Colson Park Pavilion Cost Analysis, Response: {'data': {'create_item': {'id': '9022381276'}}}
Upload complete for Colson Park Pavilion Cost Analysis: 1 files uploaded
Created item 457: Commerce Street Landscape, Response: {'data': {'create_item': {'id': '9022382586'}}}
Upload complete for Commerce Street Landscape: 1 files uploaded
Created item 458: Commerce Street Phase II Design Grant, Response: {'data': {'create_item': {'id': '9022383719'}}}
No deliverable files to upload for project: Commerce Street Phase II Design Grant
Created item 459: Commerce Street redesign, Response: {'data': {'create_item': {'id': '9022384018'}}}
No deliverable files to upload for project: Commerce Street redesign
Created item 460: Commercial Recycling FAQs, Response: {'data': {'create_item': {'id': '9022384436'}}}
No deliverable files to upload for project: Commercial Recycling FAQs
Created item 461: Commercial Recycling Survey - Data Analysis, Response: {'data': {'create_item': {'id': '9022384794'}}}
Upload complete for Commercial Recycling Survey - Data Analysis: 3 files uploaded
Created item 462: Communities of Opportunity Designation, Response: {'data': {'create_item': {'id': '9022386017'}}}
No deliverable files to upload for project: Communities of Opportunity Designation
Created item 463: Community Agriculture Guide Brochure Project, Response: {'data': {'create_item': {'id': '9022386260'}}}
Upload complete for Community Agriculture Guide Brochure Project: 7 files uploaded
Created item 464: Community Asset Mapping, Response: {'data': {'create_item': {'id': '9022400539'}}}
No deliverable files to upload for project: Community Asset Mapping
Created item 465: Community Branding, Response: {'data': {'create_item': {'id': '9022401028'}}}
Upload complete for Community Branding: 3 files uploaded
Created item 466: Community Branding Case Studies, Response: {'data': {'create_item': {'id': '9022406120'}}}
Upload complete for Community Branding Case Studies: 1 files uploaded
Created item 467: Community Branding Initiative, Response: {'data': {'create_item': {'id': '9022408501'}}}
No deliverable files to upload for project: Community Branding Initiative
Created item 468: Community Branding- Phase I, Response: {'data': {'create_item': {'id': '9022409015'}}}
No deliverable files to upload for project: Community Branding- Phase I
Created item 469: Community Branding/Media Kit, Response: {'data': {'create_item': {'id': '9022409584'}}}
Erorr uploading files Community Branding/Media Kit: Files not found

Created item 470: Community Center Project, Response: {'data': {'create_item': {'id': '9023662616'}}}
No deliverable files to upload for project: Community Center Project
Created item 471: Community Comparison Report for Metter/Candler IDA, Response: {'data': {'create_item': {'id': '9023662725'}}}
Upload complete for Community Comparison Report for Metter/Candler IDA: 2 files uploaded
Created item 472: Community Conversations Flyer, Response: {'data': {'create_item': {'id': '9023663489'}}}
Upload complete for Community Conversations Flyer: 1 files uploaded
Created item 473: Community Created Zoning Ordinances for Colquitt Co. Board of Commissioners, Response: {'data': {'create_item': {'id': '9023663893'}}}
No deliverable files to upload for project: Community Created Zoning Ordinances for Colquitt Co. Board of Commissioners
Created item 474: Community Development Video Script Development, Response: {'data': {'create_item': {'id': '9023664043'}}}
No deliverable files to upload for project: Community Development Video Script Development
Created item 475: Community Diagnostics and Social Impact Study, Response: {'data': {'create_item': {'id': '9023664194'}}}
Upload complete for Community Diagnostics and Social Impact Study: 3 files uploaded
Created item 476: Community Econ Development Video, Response: {'data': {'create_item': {'id': '9023665936'}}}
No deliverable files to upload for project: Community Econ Development Video
Created item 477: Community Engagement Surrounding Civil Rights Issues, Response: {'data': {'create_item': {'id': '9023666202'}}}
Upload complete for Community Engagement Surrounding Civil Rights Issues: 1 files uploaded
Created item 478: Community Entranceways Enhancement Projects, Response: {'data': {'create_item': {'id': '9023666655'}}}
No deliverable files to upload for project: Community Entranceways Enhancement Projects
Created item 479: Community Garden Design in Morrow, Response: {'data': {'create_item': {'id': '9023666791'}}}
No deliverable files to upload for project: Community Garden Design in Morrow
Created item 480: Community Garden Improvements (Matt combined this project with CL-117), Response: {'data': {'create_item': {'id': '9023666917'}}}
No deliverable files to upload for project: Community Garden Improvements (Matt combined this project with CL-117)
Created item 481: Community Health & Wellness Directory - Graphic Design, Response: {'data': {'create_item': {'id': '9023667121'}}}
Upload complete for Community Health & Wellness Directory - Graphic Design: 2 files uploaded
Created item 482: Community Health Focus Group, Response: {'data': {'create_item': {'id': '9023667699'}}}
Upload complete for Community Health Focus Group: 1 files uploaded
Created item 483: Community Health Needs Assessment, Response: {'data': {'create_item': {'id': '9023667986'}}}
Upload complete for Community Health Needs Assessment: 1 files uploaded
Created item 484: Community Health Needs Assessment, Response: {'data': {'create_item': {'id': '9023668302'}}}
Upload complete for Community Health Needs Assessment: 1 files uploaded
Created item 485: Community Health Needs Assessment, Response: {'data': {'create_item': {'id': '9023668678'}}}
Upload complete for Community Health Needs Assessment: 3 files uploaded
Created item 486: Community Health Needs Assessment, Response: {'data': {'create_item': {'id': '9023669535'}}}
Upload complete for Community Health Needs Assessment: 3 files uploaded
Created item 487: Community Health Needs Assessment Flyer, Response: {'data': {'create_item': {'id': '9023670060'}}}
Upload complete for Community Health Needs Assessment Flyer: 2 files uploaded
Created item 488: Community Healthy Living Index for Colquitt county, Response: {'data': {'create_item': {'id': '9023670639'}}}
No deliverable files to upload for project: Community Healthy Living Index for Colquitt county
Created item 489: Community issues impacting desire to become a 'College Town', Response: {'data': {'create_item': {'id': '9023670788'}}}
No deliverable files to upload for project: Community issues impacting desire to become a 'College Town'
Created item 490: Community issues impacting desire to become a 'College Town', Response: {'data': {'create_item': {'id': '9023670929'}}}
No deliverable files to upload for project: Community issues impacting desire to become a 'College Town'
Created item 491: Community issues impacting desire to become a 'College Town' - Housing issues, Response: {'data': {'create_item': {'id': '9023671051'}}}
No deliverable files to upload for project: Community issues impacting desire to become a 'College Town' - Housing issues
Created item 492: Community Leadership Program Inventory, Response: {'data': {'create_item': {'id': '9023671168'}}}
Upload complete for Community Leadership Program Inventory: 1 files uploaded
Created item 493: Community List of Literacy Initiatives, Response: {'data': {'create_item': {'id': '9023671425'}}}
No deliverable files to upload for project: Community List of Literacy Initiatives
Created item 494: Community Logo, Response: {'data': {'create_item': {'id': '9023671499'}}}
No deliverable files to upload for project: Community Logo
Created item 495: Community Master Calendar, Response: {'data': {'create_item': {'id': '9023671555'}}}
No deliverable files to upload for project: Community Master Calendar
Created item 496: Community Needs Assessment, Response: {'data': {'create_item': {'id': '9023671625'}}}
Upload complete for Community Needs Assessment: 1 files uploaded
Created item 497: Community Newsletter Template, Response: {'data': {'create_item': {'id': '9023671859'}}}
Upload complete for Community Newsletter Template: 1 files uploaded
Created item 498: Community Paramedic Program Education Materials, Response: {'data': {'create_item': {'id': '9023672094'}}}
No deliverable files to upload for project: Community Paramedic Program Education Materials
Created item 499: Community Partner Literacy Initiative List, Response: {'data': {'create_item': {'id': '9023672202'}}}
No deliverable files to upload for project: Community Partner Literacy Initiative List
Created item 500: Community Promotion Booklet Photography, Response: {'data': {'create_item': {'id': '9023672335'}}}
No deliverable files to upload for project: Community Promotion Booklet Photography
Created item 501: Community Public Health Assessment, Response: {'data': {'create_item': {'id': '9023672492'}}}
Upload complete for Community Public Health Assessment: 2 files uploaded
