Logging started at 2025-04-28 12:25:59.036590. Log file: logs\monday_upload_20250428_122559.log
Created item 302: City of Cairo Capital Assets Inventory, Response: {'data': {'create_item': {'id': '9021283910'}}}
Upload complete for City of Cairo Capital Assets Inventory: 5 files uploaded
Created item 303: City of Cairo Personnel Policy/Procedures Manual-Review and Revise, Response: {'data': {'create_item': {'id': '9021286138'}}}
Upload complete for City of Cairo Personnel Policy/Procedures Manual-Review and Revise: 2 files uploaded
Created item 304: City of Cairo Tourism Bed Tax Study, Response: {'data': {'create_item': {'id': '9021286879'}}}
Upload complete for City of Cairo Tourism Bed Tax Study: 4 files uploaded
Created item 305: City of Cairo Train Depot Charrette, Response: {'data': {'create_item': {'id': '9021287924'}}}
Upload complete for City of Cairo Train Depot Charrette: 4 files uploaded
Created item 306: City of Cairo: Azalea Park Recreational Trail Grant Application, Response: {'data': {'create_item': {'id': '9021288768'}}}
No deliverable files to upload for project: City of Cairo: Azalea Park Recreational Trail Grant Application
Created item 307: City of College Park - Municipal Planning Intern, Response: {'data': {'create_item': {'id': '9021288899'}}}
No deliverable files to upload for project: City of College Park - Municipal Planning Intern
Created item 308: City of College Park - Request for Proposal Research, Response: {'data': {'create_item': {'id': '9021289020'}}}
No deliverable files to upload for project: City of College Park - Request for Proposal Research
Created item 309: City of College Park Information Technology Intern, Response: {'data': {'create_item': {'id': '9021289143'}}}
No deliverable files to upload for project: City of College Park Information Technology Intern
Created item 310: City of College Park Performance Measures Project, Response: {'data': {'create_item': {'id': '9021289260'}}}
No deliverable files to upload for project: City of College Park Performance Measures Project
Created item 311: City of Dalton/Public Amenities - Landscape projects, Response: {'data': {'create_item': {'id': '9021289384'}}}
Upload complete for City of Dalton/Public Amenities - Landscape projects: 3 files uploaded
Created item 312: City of Davisboro Gateway Placement, Response: {'data': {'create_item': {'id': '9021290908'}}}
Upload complete for City of Davisboro Gateway Placement: 1 files uploaded
Created item 313: City of Forest Park - Parks and Recreation Landscape Design Plan, Response: {'data': {'create_item': {'id': '9021291627'}}}
Upload complete for City of Forest Park - Parks and Recreation Landscape Design Plan: 2 files uploaded
Created item 314: City of Forest Park - Parks and Recreation Master Plan/Landscape Design Plan, Response: {'data': {'create_item': {'id': '9021292733'}}}
Upload complete for City of Forest Park - Parks and Recreation Master Plan/Landscape Design Plan: 4 files uploaded
Created item 315: City of Griffin Golf Course Redesign, Response: {'data': {'create_item': {'id': '9021296117'}}}
Upload complete for City of Griffin Golf Course Redesign: 9 files uploaded
Created item 316: City of Griffin Trail Phases, Response: {'data': {'create_item': {'id': '9021301697'}}}
Upload complete for City of Griffin Trail Phases: 2 files uploaded
Created item 317: City of Griffin Trail Project, Response: {'data': {'create_item': {'id': '9021302584'}}}
Upload complete for City of Griffin Trail Project: 3 files uploaded
Created item 318: City of Griffin Water and Wastewater Sludge Management Program, Response: {'data': {'create_item': {'id': '9021304585'}}}
Upload complete for City of Griffin Water and Wastewater Sludge Management Program: 2 files uploaded
Created item 319: City of Harrison Branding Project, Response: {'data': {'create_item': {'id': '9021305377'}}}
Upload complete for City of Harrison Branding Project: 5 files uploaded
Created item 320: City of Hartwell Housing Portfolio, Response: {'data': {'create_item': {'id': '9021307773'}}}
Upload complete for City of Hartwell Housing Portfolio: 3 files uploaded
Created item 321: City of Hartwell Logo, Response: {'data': {'create_item': {'id': '9021308487'}}}
No deliverable files to upload for project: City of Hartwell Logo
Created item 322: City of Hartwell Logo Implementation Guide, Response: {'data': {'create_item': {'id': '9021308681'}}}
Upload complete for City of Hartwell Logo Implementation Guide: 2 files uploaded
Created item 323: City of Hartwell Wastewater Discharge Feasibility Study, Response: {'data': {'create_item': {'id': '9021309299'}}}
Upload complete for City of Hartwell Wastewater Discharge Feasibility Study: 3 files uploaded
Created item 324: City of Hartwell: City Logo Development, Response: {'data': {'create_item': {'id': '9021310663'}}}
Upload complete for City of Hartwell: City Logo Development: 54 files uploaded
Created item 325: City of Hartwell: MLK Parking Lot Landscape Designs, Response: {'data': {'create_item': {'id': '9021337848'}}}
Upload complete for City of Hartwell: MLK Parking Lot Landscape Designs: 1 files uploaded
Created item 326: City of Hartwell: Review & Update of Personnel Policies, Response: {'data': {'create_item': {'id': '9021338119'}}}
No deliverable files to upload for project: City of Hartwell: Review & Update of Personnel Policies
Created item 327: City of Hartwell: RFQ Best Practices Research, Response: {'data': {'create_item': {'id': '9021338230'}}}
No deliverable files to upload for project: City of Hartwell: RFQ Best Practices Research
Created item 328: City of Hawkinsville & Development Authority SnapChat Filter Design, Response: {'data': {'create_item': {'id': '9021338327'}}}
Upload complete for City of Hawkinsville & Development Authority SnapChat Filter Design: 1 files uploaded
Created item 329: City of Hawkinsville - Batts Drugs Mural Restoration, Response: {'data': {'create_item': {'id': '9021339290'}}}
Upload complete for City of Hawkinsville - Batts Drugs Mural Restoration: 3 files uploaded
Created item 330: City of Hawkinsville - City Hall Landscape Design, Response: {'data': {'create_item': {'id': '9021340848'}}}
Upload complete for City of Hawkinsville - City Hall Landscape Design: 3 files uploaded
Created item 331: City of Hawkinsville - Historic Photos from UGA Archives, Response: {'data': {'create_item': {'id': '9021341589'}}}
No deliverable files to upload for project: City of Hawkinsville - Historic Photos from UGA Archives
Created item 332: City of Hawkinsville - Mechanical Layout Design for the Kinard's Dry Cleaners Building, Response: {'data': {'create_item': {'id': '9021341722'}}}
Upload complete for City of Hawkinsville - Mechanical Layout Design for the Kinard's Dry Cleaners Building: 1 files uploaded
Created item 333: City of Hawkinsville - Streamlining City Hall Operating Procedures, Response: {'data': {'create_item': {'id': '9021342037'}}}
Upload complete for City of Hawkinsville - Streamlining City Hall Operating Procedures: 1 files uploaded
Created item 334: City of Hawkinsville Business Plan for Recruiting River-Related Businesses, Response: {'data': {'create_item': {'id': '9021342403'}}}
Upload complete for City of Hawkinsville Business Plan for Recruiting River-Related Businesses: 3 files uploaded
Created item 335: City of Hawkinsville City Boat Landing Redesign & Riverwalk Extension, Response: {'data': {'create_item': {'id': '9021343790'}}}
Upload complete for City of Hawkinsville City Boat Landing Redesign & Riverwalk Extension: 3 files uploaded
Created item 336: City of Hawkinsville Cotton Mill Loft Interior Design, Response: {'data': {'create_item': {'id': '9021344763'}}}
No deliverable files to upload for project: City of Hawkinsville Cotton Mill Loft Interior Design
Created item 337: City of Hawkinsville Digital Photographs of the historic Rock Warehouse, Response: {'data': {'create_item': {'id': '9021344878'}}}
Upload complete for City of Hawkinsville Digital Photographs of the historic Rock Warehouse: 11 files uploaded
Created item 338: City of Hawkinsville Downtown Map, Response: {'data': {'create_item': {'id': '9021352109'}}}
No deliverable files to upload for project: City of Hawkinsville Downtown Map
Created item 339: City of Hawkinsville Downtown Revitalization Engineering Project, Response: {'data': {'create_item': {'id': '9021352264'}}}
Upload complete for City of Hawkinsville Downtown Revitalization Engineering Project: 3 files uploaded
Created item 340: City of Hawkinsville Feral Hog Management Research, Response: {'data': {'create_item': {'id': '9021353485'}}}
Upload complete for City of Hawkinsville Feral Hog Management Research: 1 files uploaded
Created item 341: City of Hawkinsville Food and Beverage Business Plan, Response: {'data': {'create_item': {'id': '9021353849'}}}
Upload complete for City of Hawkinsville Food and Beverage Business Plan: 2 files uploaded
Created item 342: City of Hawkinsville Food and Beverage Location Charrette, Response: {'data': {'create_item': {'id': '9021354707'}}}
Upload complete for City of Hawkinsville Food and Beverage Location Charrette: 3 files uploaded
Created item 343: City of Hawkinsville Genealogy Cemetery Database, Response: {'data': {'create_item': {'id': '9021355667'}}}
Upload complete for City of Hawkinsville Genealogy Cemetery Database: 4 files uploaded
Created item 344: City of Hawkinsville Historic Assets Narrative - Canoes & Steam Pumper Fire Engine, Response: {'data': {'create_item': {'id': '9021356395'}}}
Upload complete for City of Hawkinsville Historic Assets Narrative - Canoes & Steam Pumper Fire Engine: 4 files uploaded
Created item 345: City of Hawkinsville Local Cotton Trade Narrative, Response: {'data': {'create_item': {'id': '9021357948'}}}
No deliverable files to upload for project: City of Hawkinsville Local Cotton Trade Narrative
Created item 346: City of Hawkinsville Opera House Business Plan and Revenue Project, Response: {'data': {'create_item': {'id': '9021358159'}}}
Upload complete for City of Hawkinsville Opera House Business Plan and Revenue Project: 3 files uploaded
Created item 347: City of Hawkinsville Opera House Marketing Plan, Response: {'data': {'create_item': {'id': '9021360417'}}}
Upload complete for City of Hawkinsville Opera House Marketing Plan: 3 files uploaded
Created item 348: City of Hawkinsville Personnel and Organizational Study, Response: {'data': {'create_item': {'id': '9021362420'}}}
No deliverable files to upload for project: City of Hawkinsville Personnel and Organizational Study
Created item 349: City of Hawkinsville Police Feasibility Study, Response: {'data': {'create_item': {'id': '9021362661'}}}
Upload complete for City of Hawkinsville Police Feasibility Study: 3 files uploaded
Created item 350: City of Hawkinsville Renaissance and Strategic Visioning Program - RSVP, Response: {'data': {'create_item': {'id': '9021364203'}}}
Upload complete for City of Hawkinsville Renaissance and Strategic Visioning Program - RSVP: 5 files uploaded
Created item 351: City of Hawkinsville Revenue Study, Response: {'data': {'create_item': {'id': '9021366166'}}}
No deliverable files to upload for project: City of Hawkinsville Revenue Study
Created item 352: City of Hawkinsville Riverfront Park Design Concept, Response: {'data': {'create_item': {'id': '9021366280'}}}
No deliverable files to upload for project: City of Hawkinsville Riverfront Park Design Concept
Created item 353: City of Hawkinsville United Pulaski Economic Impact Study, Response: {'data': {'create_item': {'id': '9021366410'}}}
No deliverable files to upload for project: City of Hawkinsville United Pulaski Economic Impact Study
Created item 354: City of Jonesboro Streetscape Project, Response: {'data': {'create_item': {'id': '9021366521'}}}
Upload complete for City of Jonesboro Streetscape Project: 2 files uploaded
Created item 355: City of Jonesboro Traffic Flow Study, Response: {'data': {'create_item': {'id': '9021367111'}}}
No deliverable files to upload for project: City of Jonesboro Traffic Flow Study
Created item 356: City of Lake City Commercial Retail Space intern, Response: {'data': {'create_item': {'id': '9021367191'}}}
Upload complete for City of Lake City Commercial Retail Space intern: 1 files uploaded
Created item 357: City of Metter Comprehensive Plan - Assistance, Response: {'data': {'create_item': {'id': '9022139639'}}}
No deliverable files to upload for project: City of Metter Comprehensive Plan - Assistance
Created item 358: City of Morrow Finance Department Intern, Response: {'data': {'create_item': {'id': '9022140029'}}}
No deliverable files to upload for project: City of Morrow Finance Department Intern
Created item 359: City of Morrow, Parks, Response: {'data': {'create_item': {'id': '9022140496'}}}
No deliverable files to upload for project: City of Morrow, Parks
Created item 360: City of Moultrie Utility Department Landscape Design, Response: {'data': {'create_item': {'id': '9022244303'}}}
Upload complete for City of Moultrie Utility Department Landscape Design: 1 files uploaded
Created item 361: City of Norman Park Logo Design, Response: {'data': {'create_item': {'id': '9022245281'}}}
Upload complete for City of Norman Park Logo Design: 1 files uploaded
Created item 362: City of Riverdale - Municipal Planning Intern, Response: {'data': {'create_item': {'id': '9022246156'}}}
No deliverable files to upload for project: City of Riverdale - Municipal Planning Intern
Created item 363: City of Riverdale Customer Service Program intern, Response: {'data': {'create_item': {'id': '9022246467'}}}
No deliverable files to upload for project: City of Riverdale Customer Service Program intern
Created item 364: City of Riverdale: Gateway signage, Response: {'data': {'create_item': {'id': '9022247198'}}}
Upload complete for City of Riverdale: Gateway signage: 1 files uploaded
Created item 365: City of Sandersville Branding Guide, Response: {'data': {'create_item': {'id': '9022249763'}}}
Upload complete for City of Sandersville Branding Guide: 1 files uploaded
Created item 366: City of Sandersville Brochure, Response: {'data': {'create_item': {'id': '9022250899'}}}
No deliverable files to upload for project: City of Sandersville Brochure
Created item 367: City of Sandersville Downtown Development Packet, Response: {'data': {'create_item': {'id': '9022251363'}}}
Upload complete for City of Sandersville Downtown Development Packet: 1 files uploaded
Created item 368: City of Sandersville EDGE / Strategic Plan, Response: {'data': {'create_item': {'id': '9022253576'}}}
No deliverable files to upload for project: City of Sandersville EDGE / Strategic Plan
Created item 369: City of Sandersville Housing Initiative Research I, Response: {'data': {'create_item': {'id': '9022254044'}}}
No deliverable files to upload for project: City of Sandersville Housing Initiative Research I
Created item 370: City of Sandersville Marketing Plan (revisited), Response: {'data': {'create_item': {'id': '9022254615'}}}
No deliverable files to upload for project: City of Sandersville Marketing Plan (revisited)
Created item 371: City of Sandersville Parking Expansion and Joint Training Facility, Response: {'data': {'create_item': {'id': '9022254970'}}}
No deliverable files to upload for project: City of Sandersville Parking Expansion and Joint Training Facility
Created item 372: City of Tennille Pedestrian Bridge, Response: {'data': {'create_item': {'id': '9022255272'}}}
Upload complete for City of Tennille Pedestrian Bridge: 4 files uploaded
Created item 373: City of Tennille Zoning and Ordinance Update Phase I, Response: {'data': {'create_item': {'id': '9022258779'}}}
No deliverable files to upload for project: City of Tennille Zoning and Ordinance Update Phase I
Created item 374: City of Thomson Inflow and Infiltration Investigation, Response: {'data': {'create_item': {'id': '9022259165'}}}
Upload complete for City of Thomson Inflow and Infiltration Investigation: 6 files uploaded
Created item 375: City of Thomson Mega Park, Response: {'data': {'create_item': {'id': '9022265400'}}}
Upload complete for City of Thomson Mega Park: 4 files uploaded
Created item 376: City of Varnell Vision/Downtown Park, Response: {'data': {'create_item': {'id': '9022268144'}}}
Upload complete for City of Varnell Vision/Downtown Park: 1 files uploaded
Created item 377: City of Waynesboro and Burke Co. Homebuyer Education Research, Response: {'data': {'create_item': {'id': '9022268998'}}}
Upload complete for City of Waynesboro and Burke Co. Homebuyer Education Research: 1 files uploaded
Created item 378: City of Whigham Downtown Streetscape, Response: {'data': {'create_item': {'id': '9022269757'}}}
Upload complete for City of Whigham Downtown Streetscape: 2 files uploaded
Created item 379: City of Whigham Family Park, Response: {'data': {'create_item': {'id': '9022270944'}}}
No deliverable files to upload for project: City of Whigham Family Park
Created item 380: City of Whigham Walking Trail, Response: {'data': {'create_item': {'id': '9022271230'}}}
No deliverable files to upload for project: City of Whigham Walking Trail
Created item 381: City of Whigham- Large Capacity or Multi-User Septic Project, Response: {'data': {'create_item': {'id': '9022271571'}}}
No deliverable files to upload for project: City of Whigham- Large Capacity or Multi-User Septic Project
Created item 382: City Traffic Signal Box Research, Response: {'data': {'create_item': {'id': '9022271885'}}}
Upload complete for City Traffic Signal Box Research: 2 files uploaded
Created item 383: City-wide Advertising Plan, Response: {'data': {'create_item': {'id': '9022272900'}}}
No deliverable files to upload for project: City-wide Advertising Plan
Created item 384: City/County Business License, Response: {'data': {'create_item': {'id': '9022273117'}}}
Upload complete for City/County Business License: 5 files uploaded
Created item 385: Clark's Hill Lake Tourism Case Studies, Response: {'data': {'create_item': {'id': '9022276041'}}}
Upload complete for Clark's Hill Lake Tourism Case Studies: 3 files uploaded
Created item 386: Clarkesville Hotel Market Analysis, Response: {'data': {'create_item': {'id': '9022278080'}}}
Upload complete for Clarkesville Hotel Market Analysis: 10 files uploaded
Created item 387: Clarkesville Parking Study, Response: {'data': {'create_item': {'id': '9022283370'}}}
Upload complete for Clarkesville Parking Study: 1 files uploaded
Created item 388: Clarkesville Sewer Pipe Protective Structure, Response: {'data': {'create_item': {'id': '9022284142'}}}
Upload complete for Clarkesville Sewer Pipe Protective Structure: 1 files uploaded
Created item 389: Classification and Compensation Study, Response: {'data': {'create_item': {'id': '9022285188'}}}
Upload complete for Classification and Compensation Study: 3 files uploaded
Created item 390: Clayton Action Nexus Website Development, Response: {'data': {'create_item': {'id': '9022287121'}}}
No deliverable files to upload for project: Clayton Action Nexus Website Development
Created item 391: Clayton Cares Translation, Response: {'data': {'create_item': {'id': '9022287504'}}}
No deliverable files to upload for project: Clayton Cares Translation
Created item 392: Clayton CO Purchasing Policy Review: Central Duplicating Services (CVIOG), Response: {'data': {'create_item': {'id': '9022287971'}}}
No deliverable files to upload for project: Clayton CO Purchasing Policy Review: Central Duplicating Services (CVIOG)
Created item 393: Clayton CO Purchasing Project: Central Duplicating Services, Response: {'data': {'create_item': {'id': '9022288429'}}}
No deliverable files to upload for project: Clayton CO Purchasing Project: Central Duplicating Services
Created item 394: Clayton CO Senior Services: Photography Project (Georgia GAZE, 2012), Response: {'data': {'create_item': {'id': '9022288806'}}}
No deliverable files to upload for project: Clayton CO Senior Services: Photography Project (Georgia GAZE, 2012)
Created item 395: Clayton Co. Health Community Needs Assessment and Organizational Goals, Response: {'data': {'create_item': {'id': '9022289200'}}}
No deliverable files to upload for project: Clayton Co. Health Community Needs Assessment and Organizational Goals
Created item 396: Clayton County Administrative Building Redesigns, Response: {'data': {'create_item': {'id': '9022289651'}}}
No deliverable files to upload for project: Clayton County Administrative Building Redesigns
Created item 397: Clayton County Blog Project, Response: {'data': {'create_item': {'id': '9022290059'}}}
No deliverable files to upload for project: Clayton County Blog Project
Created item 398: Clayton County Brochure, Response: {'data': {'create_item': {'id': '9022290457'}}}
Upload complete for Clayton County Brochure: 1 files uploaded
Created item 399: Clayton County Chamber of Commerce Administrative Intern, Response: {'data': {'create_item': {'id': '9022292223'}}}
No deliverable files to upload for project: Clayton County Chamber of Commerce Administrative Intern
Created item 400: Clayton County Community Gardens, Response: {'data': {'create_item': {'id': '9022292577'}}}
Upload complete for Clayton County Community Gardens: 1 files uploaded
Created item 401: Clayton County Economic Development Depart - Budgeting/Finance Intern - Summer 2010, Response: {'data': {'create_item': {'id': '9022293739'}}}
No deliverable files to upload for project: Clayton County Economic Development Depart - Budgeting/Finance Intern - Summer 2010
