Created item 2102: Tourism Survey, Response: {'data': {'create_item': {'id': '9071483539'}}}
No deliverable files to upload for project: Tourism Survey
Created item 2103: Tradition Highway Logo Update, Response: {'data': {'create_item': {'id': '9071483629'}}}
No deliverable files to upload for project: Tradition Highway Logo Update
Created item 2104: Traditions Highway Historical Marker NMI Capstone Project, Response: {'data': {'create_item': {'id': '9071483717'}}}
No deliverable files to upload for project: Traditions Highway Historical Marker NMI Capstone Project
Created item 2105: Traditions Highway Travel Research Project- Step 1, Response: {'data': {'create_item': {'id': '9071483827'}}}
No deliverable files to upload for project: Traditions Highway Travel Research Project- Step 1
Created item 2106: Traditions Highway Travel Research Project- Step 2, Response: {'data': {'create_item': {'id': '9071484140'}}}
No deliverable files to upload for project: Traditions Highway Travel Research Project- Step 2
Created item 2107: Traffic Study, Response: {'data': {'create_item': {'id': '9071484293'}}}
Upload complete for Traffic Study: 2 files uploaded
Created item 2108: Trail Funding Research, Response: {'data': {'create_item': {'id': '9071484905'}}}
Upload complete for Trail Funding Research: 3 files uploaded
Created item 2109: Trail Head Kiosk, Response: {'data': {'create_item': {'id': '9071487798'}}}
Upload complete for Trail Head Kiosk: 1 files uploaded
Created item 2110: Train Depot Interior Design, Response: {'data': {'create_item': {'id': '9071492281'}}}
Upload complete for Train Depot Interior Design: 1 files uploaded
Created item 2111: Train the Trainer: leadership development, Response: {'data': {'create_item': {'id': '9071492976'}}}
No deliverable files to upload for project: Train the Trainer: leadership development
Created item 2112: Transportation Survey, Response: {'data': {'create_item': {'id': '9071493166'}}}
Upload complete for Transportation Survey: 1 files uploaded
Created item 2113: Transylvania Club Strategic Plan, Response: {'data': {'create_item': {'id': '9071493484'}}}
No deliverable files to upload for project: Transylvania Club Strategic Plan
Created item 2114: Trees for Depot Street, Response: {'data': {'create_item': {'id': '9071493606'}}}
Upload complete for Trees for Depot Street: 3 files uploaded
Created item 2115: Tripp Street Design, Response: {'data': {'create_item': {'id': '9071496378'}}}
Upload complete for Tripp Street Design: 31 files uploaded
Created item 2116: Twin City Country Club Operations Policy Manual, Response: {'data': {'create_item': {'id': '9071525474'}}}
Upload complete for Twin City Country Club Operations Policy Manual: 3 files uploaded
Created item 2117: Ty Cobb Healthcare: Administrative Internship, Response: {'data': {'create_item': {'id': '9071527781'}}}
No deliverable files to upload for project: Ty Cobb Healthcare: Administrative Internship
Created item 2118: Ty Cobb Healthcare: Website & Marketing Assistance, Response: {'data': {'create_item': {'id': '9071528001'}}}
Upload complete for Ty Cobb Healthcare: Website & Marketing Assistance: 1 files uploaded
Created item 2119: UGA Project IMPACT students assist Grady County The Help Agency, Response: {'data': {'create_item': {'id': '9071528597'}}}
Upload complete for UGA Project IMPACT students assist Grady County The Help Agency: 1 files uploaded
Created item 2120: UGA Research - Housing Options post Natural Disasters, Response: {'data': {'create_item': {'id': '9071529336'}}}
Upload complete for UGA Research - Housing Options post Natural Disasters: 1 files uploaded
Created item 2121: UGA US Travel Sentiment Survey During Covid-19 Pandemic Data Analysis, Response: {'data': {'create_item': {'id': '9071530118'}}}
Upload complete for UGA US Travel Sentiment Survey During Covid-19 Pandemic Data Analysis: 8 files uploaded
Created item 2122: UGA VetCAMP Connects with Cairo High School, Response: {'data': {'create_item': {'id': '9071534026'}}}
No deliverable files to upload for project: UGA VetCAMP Connects with Cairo High School
Created item 2123: Unified Government Study, Response: {'data': {'create_item': {'id': '9071534346'}}}
No deliverable files to upload for project: Unified Government Study
Created item 2124: Unihealth Post Acute Care Moultrie, Response: {'data': {'create_item': {'id': '9071534619'}}}
Upload complete for Unihealth Post Acute Care Moultrie: 1 files uploaded
Created item 2125: United Pulaski/Hawkinsville-Pulaski County Chamber of Commerce Business Process Management, Response: {'data': {'create_item': {'id': '9071535712'}}}
No deliverable files to upload for project: United Pulaski/Hawkinsville-Pulaski County Chamber of Commerce Business Process Management
Created item 2126: United Pulaski/Hawkinsville-Pulaski County Chamber of Commerce Web Development; Writing for United Pulaski Website and Promotional Materials (P-42), Response: {'data': {'create_item': {'id': '9071535973'}}}
Upload complete for United Pulaski/Hawkinsville-Pulaski County Chamber of Commerce Web Development; Writing for United Pulaski Website and Promotional Materials (P-42): 1 files uploaded
Created item 2127: Update H-188, Response: {'data': {'create_item': {'id': '9071536699'}}}
Upload complete for Update H-188: 1 files uploaded
Created item 2128: Update to Housing Flyer, Response: {'data': {'create_item': {'id': '9071537308'}}}
Upload complete for Update to Housing Flyer: 1 files uploaded
Created item 2129: Update to Railroad Street Park Landscape Design, Response: {'data': {'create_item': {'id': '9071538094'}}}
Upload complete for Update to Railroad Street Park Landscape Design: 4 files uploaded
Created item 2130: Update: Landscape Design assistance for Uchee Shoals Trail, Response: {'data': {'create_item': {'id': '9071540385'}}}
Upload complete for Update: Landscape Design assistance for Uchee Shoals Trail: 3 files uploaded
Created item 2131: Updated Impact Statement Template, Response: {'data': {'create_item': {'id': '9071542120'}}}
Upload complete for Updated Impact Statement Template: 1 files uploaded
Created item 2132: Updated Kaolin Festival Logos, Response: {'data': {'create_item': {'id': '9071542468'}}}
Upload complete for Updated Kaolin Festival Logos: 3 files uploaded
Created item 2133: Updated Statistics for the 2012 Hart County Recreation Department Long Term Plan, Response: {'data': {'create_item': {'id': '9071555909'}}}
Upload complete for Updated Statistics for the 2012 Hart County Recreation Department Long Term Plan: 3 files uploaded
Created item 2134: Updated Telehealth Flyers/Handouts, Response: {'data': {'create_item': {'id': '9071556995'}}}
Upload complete for Updated Telehealth Flyers/Handouts: 21 files uploaded
Created item 2135: Updates to Youth Fit Fest flyer designs, Response: {'data': {'create_item': {'id': '9071571803'}}}
Upload complete for Updates to Youth Fit Fest flyer designs: 1 files uploaded
Created item 2136: Updating conslidation plan for HUD funding for the City of Brunswick, Response: {'data': {'create_item': {'id': '9071572191'}}}
No deliverable files to upload for project: Updating conslidation plan for HUD funding for the City of Brunswick
Created item 2137: Updating Student Forms, Response: {'data': {'create_item': {'id': '9071572319'}}}
Upload complete for Updating Student Forms: 4 files uploaded
Created item 2138: Upstairs Downtown Tour, Response: {'data': {'create_item': {'id': '9071573469'}}}
No deliverable files to upload for project: Upstairs Downtown Tour
Created item 2139: Urban Redevelopment Manual for city of Norman Park, Response: {'data': {'create_item': {'id': '9071573689'}}}
No deliverable files to upload for project: Urban Redevelopment Manual for city of Norman Park
Created item 2140: Urban redevelopment plans/agencies - Americus, Response: {'data': {'create_item': {'id': '9071573917'}}}
Upload complete for Urban redevelopment plans/agencies - Americus: 1 files uploaded
Created item 2141: USDA PROPEL/Rise Grant Steering Committee, Response: {'data': {'create_item': {'id': '9071574596'}}}
No deliverable files to upload for project: USDA PROPEL/Rise Grant Steering Committee
Created item 2142: Value of Public Education, Response: {'data': {'create_item': {'id': '9071574693'}}}
Upload complete for Value of Public Education: 4 files uploaded
Created item 2143: VFW Mural, Response: {'data': {'create_item': {'id': '9071575609'}}}
No deliverable files to upload for project: VFW Mural
Created item 2144: Video - Workforce Development: Rebranding Technical Education, Response: {'data': {'create_item': {'id': '9071575690'}}}
No deliverable files to upload for project: Video - Workforce Development: Rebranding Technical Education
Created item 2145: Video Documentary of The Basics Mural, Response: {'data': {'create_item': {'id': '9071575773'}}}
No deliverable files to upload for project: Video Documentary of The Basics Mural
Created item 2146: Video Recording - Sam Way on Archway in Pulaski County, Response: {'data': {'create_item': {'id': '9071575850'}}}
No deliverable files to upload for project: Video Recording - Sam Way on Archway in Pulaski County
Created item 2147: Virtual Economic Recovery Conversation, Response: {'data': {'create_item': {'id': '9071575940'}}}
No deliverable files to upload for project: Virtual Economic Recovery Conversation
Created item 2148: Virtual Health Challenge, Response: {'data': {'create_item': {'id': '9071576040'}}}
No deliverable files to upload for project: Virtual Health Challenge
Created item 2149: Visit Washington County Brochure, Response: {'data': {'create_item': {'id': '9071576136'}}}
No deliverable files to upload for project: Visit Washington County Brochure
Created item 2150: Vonteego Cummings Park Concept Plan, Response: {'data': {'create_item': {'id': '9071576266'}}}
Upload complete for Vonteego Cummings Park Concept Plan: 1 files uploaded
Created item 2151: WA CO High School Construction Planning Assistance, Response: {'data': {'create_item': {'id': '9071576961'}}}
No deliverable files to upload for project: WA CO High School Construction Planning Assistance
Created item 2152: WA CO Social Issues Initiative (continuation from WA-63), Response: {'data': {'create_item': {'id': '9071577290'}}}
Upload complete for WA CO Social Issues Initiative (continuation from WA-63): 5 files uploaded
Created item 2153: WACO Reads Literacy Poster, Response: {'data': {'create_item': {'id': '9071579645'}}}
No deliverable files to upload for project: WACO Reads Literacy Poster
Created item 2154: WACO WORKS LOGO, Response: {'data': {'create_item': {'id': '9071579820'}}}
Upload complete for WACO WORKS LOGO: 6 files uploaded
Created item 2155: Wage Study, Response: {'data': {'create_item': {'id': '9071583018'}}}
No deliverable files to upload for project: Wage Study
Created item 2156: Walk! Moultrie (develop map/listing of brickpavers in downtown), Response: {'data': {'create_item': {'id': '9071583162'}}}
No deliverable files to upload for project: Walk! Moultrie (develop map/listing of brickpavers in downtown)
Created item 2157: Walking Trail, Response: {'data': {'create_item': {'id': '9071583280'}}}
Upload complete for Walking Trail: 3 files uploaded
Created item 2158: Walking Trail design for Health Colquitt Coalition, Response: {'data': {'create_item': {'id': '9071584740'}}}
No deliverable files to upload for project: Walking Trail design for Health Colquitt Coalition
Created item 2159: Walking/Fitness Trails for Packer Park and Moultrie Technical College, Response: {'data': {'create_item': {'id': '9071584912'}}}
Upload complete for Walking/Fitness Trails for Packer Park and Moultrie Technical College: 2 files uploaded
Created item 2160: Walking/Fitness Trails for the Veteran's Parkway Campus of Moultrie Technical College, Response: {'data': {'create_item': {'id': '9071585914'}}}
No deliverable files to upload for project: Walking/Fitness Trails for the Veteran's Parkway Campus of Moultrie Technical College
Created item 2161: Wall of Honor Funding, Response: {'data': {'create_item': {'id': '9071586132'}}}
Upload complete for Wall of Honor Funding: 1 files uploaded
Created item 2162: Warehouse District Re-Development Project, Response: {'data': {'create_item': {'id': '9071586644'}}}
No deliverable files to upload for project: Warehouse District Re-Development Project
Created item 2163: Warthen Historical Society Landscape Design, Response: {'data': {'create_item': {'id': '9071586893'}}}
Upload complete for Warthen Historical Society Landscape Design: 1 files uploaded
Created item 2164: Washington County 2011 Brochure, Response: {'data': {'create_item': {'id': '9071587200'}}}
Upload complete for Washington County 2011 Brochure: 1 files uploaded
Created item 2165: Washington County Airport & Sandersville Technical Driving School Facilities Landscaping Project (adjacent properties), Response: {'data': {'create_item': {'id': '9071587566'}}}
Upload complete for Washington County Airport & Sandersville Technical Driving School Facilities Landscaping Project (adjacent properties): 2 files uploaded
Created item 2166: Washington County Area Health Resource Directory, Response: {'data': {'create_item': {'id': '9071588171'}}}
Upload complete for Washington County Area Health Resource Directory: 3 files uploaded
Created item 2167: Washington County Area Health Resource Directory Assessment, Response: {'data': {'create_item': {'id': '9071589020'}}}
No deliverable files to upload for project: Washington County Area Health Resource Directory Assessment
Created item 2168: Washington County Community Art Display, Response: {'data': {'create_item': {'id': '9071589129'}}}
No deliverable files to upload for project: Washington County Community Art Display
Created item 2169: Washington County Health Fair, Response: {'data': {'create_item': {'id': '9071589307'}}}
No deliverable files to upload for project: Washington County Health Fair
Created item 2170: Washington County Literacy Task Force Phase I, Response: {'data': {'create_item': {'id': '9071589429'}}}
No deliverable files to upload for project: Washington County Literacy Task Force Phase I
Created item 2171: Washington County Recreation Department Logo, Response: {'data': {'create_item': {'id': '9071589606'}}}
Upload complete for Washington County Recreation Department Logo: 2 files uploaded
Created item 2172: Washington County Tourism Packet, Response: {'data': {'create_item': {'id': '9071590168'}}}
No deliverable files to upload for project: Washington County Tourism Packet
Created item 2173: Washington County Web Site Development, Response: {'data': {'create_item': {'id': '9071590310'}}}
No deliverable files to upload for project: Washington County Web Site Development
Created item 2174: Washington County Workforce Summary, Response: {'data': {'create_item': {'id': '9071590467'}}}
Upload complete for Washington County Workforce Summary: 1 files uploaded
Created item 2175: Wastewater Treatment - Whigham, Response: {'data': {'create_item': {'id': '9071590987'}}}
Upload complete for Wastewater Treatment - Whigham: 4 files uploaded
Created item 2176: Water Line Mapping, Response: {'data': {'create_item': {'id': '9071592667'}}}
No deliverable files to upload for project: Water Line Mapping
Created item 2177: Waterline GIS Mapping Project, Response: {'data': {'create_item': {'id': '9071592810'}}}
No deliverable files to upload for project: Waterline GIS Mapping Project
Created item 2178: Wayfinding Education, Response: {'data': {'create_item': {'id': '9071592947'}}}
No deliverable files to upload for project: Wayfinding Education
Created item 2179: Wayfinding Plan, Response: {'data': {'create_item': {'id': '9071593080'}}}
Upload complete for Wayfinding Plan: 4 files uploaded
Created item 2180: Wayfinding Signage for Downtown Hartwell, Response: {'data': {'create_item': {'id': '9071595139'}}}
Upload complete for Wayfinding Signage for Downtown Hartwell: 3 files uploaded
Created item 2181: WC CARES - ALZHEIMER'S/DEMENTIA CARE COMMUNITY FORUM, Response: {'data': {'create_item': {'id': '9071596260'}}}
No deliverable files to upload for project: WC CARES - ALZHEIMER'S/DEMENTIA CARE COMMUNITY FORUM
Created item 2182: WC Cares Logo, Response: {'data': {'create_item': {'id': '9071596497'}}}
No deliverable files to upload for project: WC Cares Logo
Created item 2183: WC Community Literacy Team Logo, Response: {'data': {'create_item': {'id': '9071596729'}}}
Upload complete for WC Community Literacy Team Logo: 2 files uploaded
Created item 2184: WC Gateway Signage Production, Response: {'data': {'create_item': {'id': '9071599067'}}}
No deliverable files to upload for project: WC Gateway Signage Production
Created item 2185: WC Historical Society Social Media Analytics Review, Response: {'data': {'create_item': {'id': '9071599224'}}}
No deliverable files to upload for project: WC Historical Society Social Media Analytics Review
Created item 2186: WC Literacy Initiative Early Childcare List, Response: {'data': {'create_item': {'id': '9071599402'}}}
No deliverable files to upload for project: WC Literacy Initiative Early Childcare List
Created item 2187: WC Mental Health Information, Response: {'data': {'create_item': {'id': '9071599721'}}}
No deliverable files to upload for project: WC Mental Health Information
Created item 2188: WC Mental Health Resource Rack Card Update, Response: {'data': {'create_item': {'id': '9071599912'}}}
No deliverable files to upload for project: WC Mental Health Resource Rack Card Update
Created item 2189: WC Roundabout Landscape Design, Response: {'data': {'create_item': {'id': '9071600062'}}}
Upload complete for WC Roundabout Landscape Design: 1 files uploaded
Created item 2190: WC Roundabout Landscape Design, Response: {'data': {'create_item': {'id': '9071600323'}}}
No deliverable files to upload for project: WC Roundabout Landscape Design
Created item 2191: WC Teen Maze 2020, Response: {'data': {'create_item': {'id': '9071600475'}}}
No deliverable files to upload for project: WC Teen Maze 2020
Created item 2192: WCBOE Disaster Recovery Plan, Response: {'data': {'create_item': {'id': '9071600630'}}}
Upload complete for WCBOE Disaster Recovery Plan: 2 files uploaded
Created item 2193: WCC Mental Health Resource Card Update, Response: {'data': {'create_item': {'id': '9071601246'}}}
Upload complete for WCC Mental Health Resource Card Update: 1 files uploaded
Created item 2194: WCCares Presentation: Normal Memory Loss or Not?, Response: {'data': {'create_item': {'id': '9071601566'}}}
No deliverable files to upload for project: WCCares Presentation: Normal Memory Loss or Not?
Created item 2195: WCRD Logo w new Branding, Response: {'data': {'create_item': {'id': '9071601698'}}}
No deliverable files to upload for project: WCRD Logo w new Branding
Created item 2196: WCRMC Arboretum/Walking Trail Project, Response: {'data': {'create_item': {'id': '9071601817'}}}
Upload complete for WCRMC Arboretum/Walking Trail Project: 16 files uploaded
Created item 2197: WCRMC CHNA ACTION PLAN- Phase I, Response: {'data': {'create_item': {'id': '9071606877'}}}
No deliverable files to upload for project: WCRMC CHNA ACTION PLAN- Phase I
Created item 2198: WCRMC Community Education, Response: {'data': {'create_item': {'id': '9071606991'}}}
No deliverable files to upload for project: WCRMC Community Education
Created item 2199: WCRMC Community Health Needs Assessment Survey- Phase I, Response: {'data': {'create_item': {'id': '9071607120'}}}
Upload complete for WCRMC Community Health Needs Assessment Survey- Phase I: 1 files uploaded
Created item 2200: WCRMC Community Impact Study, Response: {'data': {'create_item': {'id': '9071607464'}}}
Upload complete for WCRMC Community Impact Study: 1 files uploaded
Created item 2201: WCRMC Data Dashboard, Response: {'data': {'create_item': {'id': '9071608388'}}}
No deliverable files to upload for project: WCRMC Data Dashboard
