Logging started at 2025-05-02 15:27:27.608680. Log file: logs\monday_upload_20250502_152727.log
Created item 1502: Marketing Information Technology Internship - City of Forest Park, Response: {'data': {'create_item': {'id': '9058842156'}}}
Upload complete for Marketing Information Technology Internship - City of Forest Park: 4 files uploaded
Created item 1503: Marketing Materials for Health and Wellness Programs, Response: {'data': {'create_item': {'id': '9058845197'}}}
Upload complete for Marketing Materials for Health and Wellness Programs: 1 files uploaded
Created item 1504: Marketing Materials for Sherman's Trail Yard Sale, Response: {'data': {'create_item': {'id': '9058845764'}}}
No deliverable files to upload for project: Marketing Materials for Sherman's Trail Yard Sale
Created item 1505: Marketing Plan for Grady County Biocenter Sector Industries, Response: {'data': {'create_item': {'id': '9058845959'}}}
Upload complete for Marketing Plan for Grady County Biocenter Sector Industries: 2 files uploaded
Created item 1506: Marketing plan for Hand Trading Co. Building in Mitchell County to identify potential purchasers or tenants, Response: {'data': {'create_item': {'id': '9058846811'}}}
No deliverable files to upload for project: Marketing plan for Hand Trading Co. Building in Mitchell County to identify potential purchasers or tenants
Created item 1507: Marketing Plan for the City of Cornelia, Response: {'data': {'create_item': {'id': '9058847014'}}}
No deliverable files to upload for project: Marketing Plan for the City of Cornelia
Created item 1508: Marketing Plan Research & Compilation for Forest Park, Response: {'data': {'create_item': {'id': '9058847223'}}}
Upload complete for Marketing Plan Research & Compilation for Forest Park: 2 files uploaded
Created item 1509: Marketing research for marshland community federal credit union, Response: {'data': {'create_item': {'id': '9058847566'}}}
No deliverable files to upload for project: Marketing research for marshland community federal credit union
Created item 1510: Marketing Video Ads, Response: {'data': {'create_item': {'id': '9058847615'}}}
No deliverable files to upload for project: Marketing Video Ads
Created item 1511: Marketing/Public Image Project for Cooperative Extension and Archway, Response: {'data': {'create_item': {'id': '9058847672'}}}
No deliverable files to upload for project: Marketing/Public Image Project for Cooperative Extension and Archway
Created item 1512: Mary Street Community House / Clarkesville, Response: {'data': {'create_item': {'id': '9058847732'}}}
Upload complete for Mary Street Community House / Clarkesville: 2 files uploaded
Created item 1513: Mary Street Park Project / Clarkesville, Response: {'data': {'create_item': {'id': '9058848033'}}}
Upload complete for Mary Street Park Project / Clarkesville: 8 files uploaded
Created item 1514: Master plan for Industrial Parks, Response: {'data': {'create_item': {'id': '9058852453'}}}
Upload complete for Master plan for Industrial Parks: 10 files uploaded
Created item 1515: Master Plan for North GA Technical College - Clarkesville Campus, Response: {'data': {'create_item': {'id': '9058856282'}}}
Upload complete for Master Plan for North GA Technical College - Clarkesville Campus: 1 files uploaded
Created item 1516: Master Plan Landscape Project for City of Forest Park, Response: {'data': {'create_item': {'id': '9058856891'}}}
Upload complete for Master Plan Landscape Project for City of Forest Park: 1 files uploaded
Created item 1517: Matcutter.com Waste Reduction, Response: {'data': {'create_item': {'id': '9058857394'}}}
Upload complete for Matcutter.com Waste Reduction: 4 files uploaded
Created item 1518: Maternity Health during COVID-19, Response: {'data': {'create_item': {'id': '9058858042'}}}
Upload complete for Maternity Health during COVID-19: 5 files uploaded
Created item 1519: Math Innovation, Response: {'data': {'create_item': {'id': '9058859808'}}}
No deliverable files to upload for project: Math Innovation
Created item 1520: Mayor's Park, Response: {'data': {'create_item': {'id': '9058859921'}}}
Upload complete for Mayor's Park: 1 files uploaded
Created item 1521: MCCHS Building Drainage Project, Response: {'data': {'create_item': {'id': '9058860954'}}}
Upload complete for MCCHS Building Drainage Project: 8 files uploaded
Created item 1522: MCCHS Interior Design, Response: {'data': {'create_item': {'id': '9058863095'}}}
Upload complete for MCCHS Interior Design: 2 files uploaded
Created item 1523: MCCHS Marketing Best Practices Report, Response: {'data': {'create_item': {'id': '9058863449'}}}
Upload complete for MCCHS Marketing Best Practices Report: 1 files uploaded
Created item 1524: MCCLS Strategic Plan, Response: {'data': {'create_item': {'id': '9058863689'}}}
Upload complete for MCCLS Strategic Plan: 1 files uploaded
Created item 1525: McDuffie County 150th Anniversary, Response: {'data': {'create_item': {'id': '9058863971'}}}
No deliverable files to upload for project: McDuffie County 150th Anniversary
Created item 1526: McDuffie County 150th Anniversary Book, Response: {'data': {'create_item': {'id': '9058864218'}}}
Upload complete for McDuffie County 150th Anniversary Book: 1 files uploaded
Created item 1527: McDuffie County 150th Anniversary Logo, Response: {'data': {'create_item': {'id': '9058864650'}}}
Upload complete for McDuffie County 150th Anniversary Logo: 4 files uploaded
Created item 1528: McDuffie County 150th Anniversary- Oral Histories, Response: {'data': {'create_item': {'id': '9058865305'}}}
No deliverable files to upload for project: McDuffie County 150th Anniversary- Oral Histories
Created item 1529: McDuffie County Animal Shelter Design, Response: {'data': {'create_item': {'id': '9058865570'}}}
Upload complete for McDuffie County Animal Shelter Design: 4 files uploaded
Created item 1530: McDuffie County CyberArch, Response: {'data': {'create_item': {'id': '9058866672'}}}
No deliverable files to upload for project: McDuffie County CyberArch
Created item 1531: McDuffie County Historic Courthouse Plan, Response: {'data': {'create_item': {'id': '9058866733'}}}
No deliverable files to upload for project: McDuffie County Historic Courthouse Plan
Created item 1532: McDuffie Demographic profile, Response: {'data': {'create_item': {'id': '9058866787'}}}
Upload complete for McDuffie Demographic profile: 1 files uploaded
Created item 1533: McDuffie Entrepreneurial Leadership Academy, Response: {'data': {'create_item': {'id': '9058867063'}}}
No deliverable files to upload for project: McDuffie Entrepreneurial Leadership Academy
Created item 1534: McDuffie Listening Session and Start-Up Media Materials, Response: {'data': {'create_item': {'id': '9058867277'}}}
Upload complete for McDuffie Listening Session and Start-Up Media Materials: 4 files uploaded
Created item 1535: McDuffie MANNA job posting flyer, Response: {'data': {'create_item': {'id': '9058868150'}}}
Upload complete for McDuffie MANNA job posting flyer: 1 files uploaded
Created item 1536: McDuffie Moves! Logo, Response: {'data': {'create_item': {'id': '9058868780'}}}
Upload complete for McDuffie Moves! Logo: 1 files uploaded
Created item 1537: McDuffie Museum Sustainability Plan, Response: {'data': {'create_item': {'id': '9058871423'}}}
Upload complete for McDuffie Museum Sustainability Plan: 2 files uploaded
Created item 1538: McDuffie Population Data Analysis, Response: {'data': {'create_item': {'id': '9058872321'}}}
Upload complete for McDuffie Population Data Analysis: 1 files uploaded
Created item 1539: McDuffie Tourism App, Response: {'data': {'create_item': {'id': '9058873025'}}}
No deliverable files to upload for project: McDuffie Tourism App
Created item 1540: McDuffie Transit Marketing Materials, Response: {'data': {'create_item': {'id': '9058873314'}}}
Upload complete for McDuffie Transit Marketing Materials: 2 files uploaded
Created item 1541: McDuffie Workforce Trends presentation, Response: {'data': {'create_item': {'id': '9058874648'}}}
Upload complete for McDuffie Workforce Trends presentation: 1 files uploaded
Created item 1542: Media and Social Marketing Intern, Response: {'data': {'create_item': {'id': '9058874857'}}}
No deliverable files to upload for project: Media and Social Marketing Intern
Created item 1543: Media Coverage of CARE Partnership in McDuffie County, Response: {'data': {'create_item': {'id': '9058874933'}}}
Upload complete for Media Coverage of CARE Partnership in McDuffie County: 1 files uploaded
Created item 1544: Media Materials Request: press release, brochures, article, video, Response: {'data': {'create_item': {'id': '9058875491'}}}
No deliverable files to upload for project: Media Materials Request: press release, brochures, article, video
Created item 1545: Media Outlets Identification, Response: {'data': {'create_item': {'id': '9058875711'}}}
No deliverable files to upload for project: Media Outlets Identification
Created item 1546: Medical Student Recruitment Program Non-Profit Plan, Response: {'data': {'create_item': {'id': '9058875794'}}}
No deliverable files to upload for project: Medical Student Recruitment Program Non-Profit Plan
Created item 1547: Medicare Made Easy Event, Response: {'data': {'create_item': {'id': '9058875882'}}}
No deliverable files to upload for project: Medicare Made Easy Event
Created item 1548: Medicare Marketing Fraud, Response: {'data': {'create_item': {'id': '9058875952'}}}
No deliverable files to upload for project: Medicare Marketing Fraud
Created item 1549: Medicare Outreach & Education Policy Analysis, Response: {'data': {'create_item': {'id': '9058876050'}}}
No deliverable files to upload for project: Medicare Outreach & Education Policy Analysis
Created item 1550: Medicare Outreach and Education Policy Analysis and Evaluation, Response: {'data': {'create_item': {'id': '9058876181'}}}
No deliverable files to upload for project: Medicare Outreach and Education Policy Analysis and Evaluation
Created item 1551: Medicare/Health Literacy Assesssment, Response: {'data': {'create_item': {'id': '9058876282'}}}
No deliverable files to upload for project: Medicare/Health Literacy Assesssment
Created item 1552: Membership Analysis, Response: {'data': {'create_item': {'id': '9058876358'}}}
No deliverable files to upload for project: Membership Analysis
Created item 1553: Mental Health Bill Summaries, Response: {'data': {'create_item': {'id': '9058876445'}}}
No deliverable files to upload for project: Mental Health Bill Summaries
Created item 1554: Mental Health Co-Responder Model Best Practices, Response: {'data': {'create_item': {'id': '9058876518'}}}
Upload complete for Mental Health Co-Responder Model Best Practices: 2 files uploaded
Created item 1555: Mental Health Resource Guide, Response: {'data': {'create_item': {'id': '9058877470'}}}
Upload complete for Mental Health Resource Guide: 1 files uploaded
Created item 1556: Mental Health Summit, Response: {'data': {'create_item': {'id': '9058877640'}}}
Upload complete for Mental Health Summit: 3 files uploaded
Created item 1557: Mental Health Summit Flyer, Response: {'data': {'create_item': {'id': '9058878174'}}}
Upload complete for Mental Health Summit Flyer: 1 files uploaded
Created item 1558: Mentoring Postcard/Bookmark, Response: {'data': {'create_item': {'id': '9058878390'}}}
No deliverable files to upload for project: Mentoring Postcard/Bookmark
Created item 1559: Methane Gas Anaylsis, Response: {'data': {'create_item': {'id': '9058878479'}}}
Upload complete for Methane Gas Anaylsis: 1 files uploaded
Created item 1560: Metter High School Student Interest Inventory, Response: {'data': {'create_item': {'id': '9058879070'}}}
No deliverable files to upload for project: Metter High School Student Interest Inventory
Created item 1561: Metter Moves Phase II, Response: {'data': {'create_item': {'id': '9058879343'}}}
Upload complete for Metter Moves Phase II: 6 files uploaded
Created item 1562: Metter Police Department Parking Lot Design, Response: {'data': {'create_item': {'id': '9058882198'}}}
No deliverable files to upload for project: Metter Police Department Parking Lot Design
Created item 1563: Metter Sidewalk & Bike Lane Inventory, Response: {'data': {'create_item': {'id': '9058882267'}}}
Upload complete for Metter Sidewalk & Bike Lane Inventory: 4 files uploaded
Created item 1564: Milestone Industrial Park Building Design & Site Development, Response: {'data': {'create_item': {'id': '9058884462'}}}
Upload complete for Milestone Industrial Park Building Design & Site Development: 1 files uploaded
Created item 1565: Milestone Industrial Park Spec Bldg Perspectives, Response: {'data': {'create_item': {'id': '9058885052'}}}
Upload complete for Milestone Industrial Park Spec Bldg Perspectives: 1 files uploaded
Created item 1566: Mining Impact Study, Response: {'data': {'create_item': {'id': '9058885702'}}}
No deliverable files to upload for project: Mining Impact Study
Created item 1567: MIS Searchable Grady County Community Resource Guide, Response: {'data': {'create_item': {'id': '9058885830'}}}
Upload complete for MIS Searchable Grady County Community Resource Guide: 1 files uploaded
Created item 1568: MIS Searchable Pulaski County Resource Guide, Response: {'data': {'create_item': {'id': '9058886168'}}}
No deliverable files to upload for project: MIS Searchable Pulaski County Resource Guide
Created item 1569: MIS Searchable Sumter County Database of Leadership Program Graduates, Response: {'data': {'create_item': {'id': '9058886250'}}}
No deliverable files to upload for project: MIS Searchable Sumter County Database of Leadership Program Graduates
Created item 1570: Missing Middle Housing Research, Response: {'data': {'create_item': {'id': '9058886324'}}}
Upload complete for Missing Middle Housing Research: 1 files uploaded
Created item 1571: MLK Mural, Response: {'data': {'create_item': {'id': '9058886584'}}}
No deliverable files to upload for project: MLK Mural
Created item 1572: MLK Parking lot Mural, Response: {'data': {'create_item': {'id': '9058886683'}}}
No deliverable files to upload for project: MLK Parking lot Mural
Created item 1573: Mobile Farmers Market, Response: {'data': {'create_item': {'id': '9058886767'}}}
No deliverable files to upload for project: Mobile Farmers Market
Created item 1574: Modernization of County Bridge on S. Walker's Mill Rd, Response: {'data': {'create_item': {'id': '9058886946'}}}
Upload complete for Modernization of County Bridge on S. Walker's Mill Rd: 4 files uploaded
Created item 1575: Modernization of Journal Street Corridor, Response: {'data': {'create_item': {'id': '9058888519'}}}
Upload complete for Modernization of Journal Street Corridor: 2 files uploaded
Created item 1576: Montego Circle Park - Design recommendations, Response: {'data': {'create_item': {'id': '9058889637'}}}
No deliverable files to upload for project: Montego Circle Park - Design recommendations
Created item 1577: Monument Landscape Plan, Response: {'data': {'create_item': {'id': '9058889723'}}}
No deliverable files to upload for project: Monument Landscape Plan
Created item 1578: Moral Community Designation Research, Response: {'data': {'create_item': {'id': '9058889788'}}}
No deliverable files to upload for project: Moral Community Designation Research
Created item 1579: Morrow Downtown Development Authority Internet Access System, Response: {'data': {'create_item': {'id': '9058889861'}}}
No deliverable files to upload for project: Morrow Downtown Development Authority Internet Access System
Created item 1580: Morrow: Design for bicycle and pedestrian path ways, Response: {'data': {'create_item': {'id': '9058889984'}}}
Upload complete for Morrow: Design for bicycle and pedestrian path ways: 1 files uploaded
Created item 1581: Moultrie Colquitt County Humane Society Interior Design, Response: {'data': {'create_item': {'id': '9058890251'}}}
Upload complete for Moultrie Colquitt County Humane Society Interior Design: 2 files uploaded
Created item 1582: Moultrie Regional Industrial Park Sign Beautification, Response: {'data': {'create_item': {'id': '9058894235'}}}
Upload complete for Moultrie Regional Industrial Park Sign Beautification: 2 files uploaded
Created item 1583: Moultrie Technical College Campus Master Plan Design, Response: {'data': {'create_item': {'id': '9058895542'}}}
No deliverable files to upload for project: Moultrie Technical College Campus Master Plan Design
Created item 1584: Moultrie Wastewater Facility Improvement Plan, Response: {'data': {'create_item': {'id': '9058895701'}}}
No deliverable files to upload for project: Moultrie Wastewater Facility Improvement Plan
Created item 1585: Moultrie YMCA Walking Trail, Outdoor Classroom, Educational Kiosks, Response: {'data': {'create_item': {'id': '9058895846'}}}
Upload complete for Moultrie YMCA Walking Trail, Outdoor Classroom, Educational Kiosks: 1 files uploaded
Created item 1586: Moultrie-Colquitt Co. Alumni Scholarship Marketing Plan, Response: {'data': {'create_item': {'id': '9058896593'}}}
Upload complete for Moultrie-Colquitt Co. Alumni Scholarship Marketing Plan: 3 files uploaded
Created item 1587: Moultrie/Colquitt Parks, Recreation and Leisure Services Delivery Strategy, Response: {'data': {'create_item': {'id': '9058897686'}}}
Upload complete for Moultrie/Colquitt Parks, Recreation and Leisure Services Delivery Strategy: 2 files uploaded
Created item 1588: Mount Airy Schoolhouse Restoration Project, Response: {'data': {'create_item': {'id': '9058898554'}}}
Upload complete for Mount Airy Schoolhouse Restoration Project: 4 files uploaded
Created item 1589: Mountain Trail Project (Dalton State trails), Response: {'data': {'create_item': {'id': '9058899975'}}}
Upload complete for Mountain Trail Project (Dalton State trails): 1 files uploaded
Created item 1590: MPA Internship: Hart County Consolidation, Response: {'data': {'create_item': {'id': '9058900311'}}}
No deliverable files to upload for project: MPA Internship: Hart County Consolidation
Created item 1591: MST Database Management Internship, Response: {'data': {'create_item': {'id': '9058900397'}}}
No deliverable files to upload for project: MST Database Management Internship
Created item 1592: Mt. Airy Schoolhouse Restoration Plan -- Phase 3, Response: {'data': {'create_item': {'id': '9058900548'}}}
Upload complete for Mt. Airy Schoolhouse Restoration Plan -- Phase 3: 1 files uploaded
Created item 1593: Mulcoa TA Dust Project, Response: {'data': {'create_item': {'id': '9058901737'}}}
Upload complete for Mulcoa TA Dust Project: 1 files uploaded
Created item 1594: Mural Funding Resources, Response: {'data': {'create_item': {'id': '9058902125'}}}
Upload complete for Mural Funding Resources: 1 files uploaded
Created item 1595: NAACP Banquet Ad, Response: {'data': {'create_item': {'id': '9058902533'}}}
Upload complete for NAACP Banquet Ad: 1 files uploaded
Created item 1596: Natatorium Facility Design, Response: {'data': {'create_item': {'id': '9058903037'}}}
Upload complete for Natatorium Facility Design: 4 files uploaded
Created item 1597: National/International industry breakfast meeting invite, Response: {'data': {'create_item': {'id': '9058903988'}}}
No deliverable files to upload for project: National/International industry breakfast meeting invite
Created item 1598: Native Plant Recommendations and Planting Plan for Hart County Botanical Garden Retention Pond, Response: {'data': {'create_item': {'id': '9058904128'}}}
Upload complete for Native Plant Recommendations and Planting Plan for Hart County Botanical Garden Retention Pond: 7 files uploaded
Created item 1599: NE GA Council on Domestic Violence: Grant Writing Assistance, Response: {'data': {'create_item': {'id': '9058908734'}}}
No deliverable files to upload for project: NE GA Council on Domestic Violence: Grant Writing Assistance
Created item 1600: NE GA Council on Domestic Violence: Website Updates, Response: {'data': {'create_item': {'id': '9058908845'}}}
No deliverable files to upload for project: NE GA Council on Domestic Violence: Website Updates
Created item 1601: NE GA Manufacturing Perceptions Survey, Response: {'data': {'create_item': {'id': '9058908934'}}}
Upload complete for NE GA Manufacturing Perceptions Survey: 2 files uploaded
