Logging started at 2025-05-02 15:35:57.983863. Log file: logs\monday_upload_20250502_153557.log
Created item 1602: NEA Grant- Blind Willie, Response: {'data': {'create_item': {'id': '9058919639'}}}
Upload complete for NEA Grant- Blind Willie: 1 files uploaded
Created item 1603: Needs Assessment- Interdisciplinary team, Response: {'data': {'create_item': {'id': '9058920117'}}}
No deliverable files to upload for project: Needs Assessment- Interdisciplinary team
Created item 1604: NEH Grant- Music Mile, Response: {'data': {'create_item': {'id': '9058920307'}}}
Upload complete for NEH Grant- Music Mile: 1 files uploaded
Created item 1605: Nesmith Gas Station, Response: {'data': {'create_item': {'id': '9058921255'}}}
Upload complete for Nesmith Gas Station: 2 files uploaded
Created item 1606: New GA Encyclopedia Updates, Response: {'data': {'create_item': {'id': '9058921807'}}}
Upload complete for New GA Encyclopedia Updates: 1 files uploaded
Created item 1607: New Ideas for Property Maintenance Downtown, Response: {'data': {'create_item': {'id': '9058922023'}}}
Upload complete for New Ideas for Property Maintenance Downtown: 2 files uploaded
Created item 1608: New Technology in Schools, Response: {'data': {'create_item': {'id': '9058923315'}}}
No deliverable files to upload for project: New Technology in Schools
Created item 1609: Newspaper Study, Response: {'data': {'create_item': {'id': '9058923394'}}}
Upload complete for Newspaper Study: 3 files uploaded
Created item 1610: Newton County Workforce/Career Mapping, Response: {'data': {'create_item': {'id': '9058923905'}}}
No deliverable files to upload for project: Newton County Workforce/Career Mapping
Created item 1611: NIH/Georgia Clinical & Translational Science Alliance (GaCTSA) Grant, Response: {'data': {'create_item': {'id': '9058924034'}}}
No deliverable files to upload for project: NIH/Georgia Clinical & Translational Science Alliance (GaCTSA) Grant
Created item 1612: Non-Profit Leadership Academy, Response: {'data': {'create_item': {'id': '9058924126'}}}
No deliverable files to upload for project: Non-Profit Leadership Academy
Created item 1613: Non-Profit Leadership Development, Response: {'data': {'create_item': {'id': '9058924296'}}}
Upload complete for Non-Profit Leadership Development: 2 files uploaded
Created item 1614: Non-Profit Training, Response: {'data': {'create_item': {'id': '9058925263'}}}
Upload complete for Non-Profit Training: 2 files uploaded
Created item 1615: Nonprofit Board Training, Response: {'data': {'create_item': {'id': '9058925883'}}}
Upload complete for Nonprofit Board Training: 2 files uploaded
Created item 1616: Nonprofit Board Training invitations, Response: {'data': {'create_item': {'id': '9058927447'}}}
Upload complete for Nonprofit Board Training invitations: 1 files uploaded
Created item 1617: Nonprofit Design Thinking Day, Response: {'data': {'create_item': {'id': '9058928213'}}}
Upload complete for Nonprofit Design Thinking Day: 5 files uploaded
Created item 1618: North Hart Elementary School Expansion Feasibility Study, Response: {'data': {'create_item': {'id': '9058929010'}}}
Upload complete for North Hart Elementary School Expansion Feasibility Study: 3 files uploaded
Created item 1619: North Hart Elementary: Drainage/Erosion Issues, Response: {'data': {'create_item': {'id': '9058930017'}}}
Upload complete for North Hart Elementary: Drainage/Erosion Issues: 2 files uploaded
Created item 1620: North Recreation Complex Design, Response: {'data': {'create_item': {'id': '9058930753'}}}
Upload complete for North Recreation Complex Design: 1 files uploaded
Created item 1621: Northside Elementary School Multipurpose Building Engineering, Response: {'data': {'create_item': {'id': '9058931296'}}}
Upload complete for Northside Elementary School Multipurpose Building Engineering: 5 files uploaded
Created item 1622: Northview Cemetery Design/Memorial Garden, Response: {'data': {'create_item': {'id': '9058933420'}}}
Erorr uploading Northview Cemetery Design/Memorial Garden: Files not found

Created item 1623: Northview Cemetery Marketing Brochure, Response: {'data': {'create_item': {'id': '9058968445'}}}
Upload complete for Northview Cemetery Marketing Brochure: 6 files uploaded
Created item 1624: NSF: E-Mobility Manufacturing in the Urban/Rural Interface, Response: {'data': {'create_item': {'id': '9058970901'}}}
No deliverable files to upload for project: NSF: E-Mobility Manufacturing in the Urban/Rural Interface
Created item 1625: Nutrition classes during We Can health camp, Response: {'data': {'create_item': {'id': '9058970979'}}}
Upload complete for Nutrition classes during We Can health camp: 3 files uploaded
Created item 1626: Obesity Prevention Research Project (2010-2012), Response: {'data': {'create_item': {'id': '9058971540'}}}
No deliverable files to upload for project: Obesity Prevention Research Project (2010-2012)
Created item 1627: Occupational Health Intern (Hart County Hospital/Ty Cobb Healthcare), Response: {'data': {'create_item': {'id': '9058971646'}}}
No deliverable files to upload for project: Occupational Health Intern (Hart County Hospital/Ty Cobb Healthcare)
Created item 1628: Ochlockonee River Boat Landings, Response: {'data': {'create_item': {'id': '9058971736'}}}
Erorr uploading Ochlockonee River Boat Landings: Files not found

Created item 1629: Ocmulgee CED assistance, Response: {'data': {'create_item': {'id': '9058980571'}}}
Upload complete for Ocmulgee CED assistance: 1 files uploaded
Created item 1630: Ocmulgee Landing Access Assessment, Response: {'data': {'create_item': {'id': '9058980873'}}}
Upload complete for Ocmulgee Landing Access Assessment: 2 files uploaded
Created item 1631: Ocmulgee River Map, Response: {'data': {'create_item': {'id': '9058981308'}}}
No deliverable files to upload for project: Ocmulgee River Map
Created item 1632: Ocmulgee River Map 2, Response: {'data': {'create_item': {'id': '9058981394'}}}
No deliverable files to upload for project: Ocmulgee River Map 2
Created item 1633: Ocmulgee Riverwalk Vegetation Control, Response: {'data': {'create_item': {'id': '9058981499'}}}
No deliverable files to upload for project: Ocmulgee Riverwalk Vegetation Control
Created item 1634: October Regional Tourism Roundtable, Response: {'data': {'create_item': {'id': '9058981727'}}}
No deliverable files to upload for project: October Regional Tourism Roundtable
Created item 1635: October Regional Tourism Roundtable Meeting, Response: {'data': {'create_item': {'id': '9058981913'}}}
No deliverable files to upload for project: October Regional Tourism Roundtable Meeting
Created item 1636: OFTC MAINTENANCE AND OPERATIONS CTR, Response: {'data': {'create_item': {'id': '9058981965'}}}
Upload complete for OFTC MAINTENANCE AND OPERATIONS CTR: 1 files uploaded
Created item 1637: Old Cornelia Bank Best Use Project, Response: {'data': {'create_item': {'id': '9058982118'}}}
Upload complete for Old Cornelia Bank Best Use Project: 5 files uploaded
Created item 1638: Old Demorest Bank Building Redesign Project, Response: {'data': {'create_item': {'id': '9058983623'}}}
No deliverable files to upload for project: Old Demorest Bank Building Redesign Project
Created item 1639: One-pager Template for Overview Brochure, Response: {'data': {'create_item': {'id': '9058983674'}}}
No deliverable files to upload for project: One-pager Template for Overview Brochure
Created item 1640: Online Phone Directory, Response: {'data': {'create_item': {'id': '9058983734'}}}
No deliverable files to upload for project: Online Phone Directory
Created item 1641: Opera House Window Assessment, Response: {'data': {'create_item': {'id': '9058983785'}}}
No deliverable files to upload for project: Opera House Window Assessment
Created item 1642: Oral history interviews - Photojournalism/Video Production, Response: {'data': {'create_item': {'id': '9058983837'}}}
No deliverable files to upload for project: Oral history interviews - Photojournalism/Video Production
Created item 1643: Oral History of Ocmulgee River, Response: {'data': {'create_item': {'id': '9058983913'}}}
Upload complete for Oral History of Ocmulgee River: 2 files uploaded
Created item 1644: Oral History Project, Response: {'data': {'create_item': {'id': '9058984177'}}}
No deliverable files to upload for project: Oral History Project
Created item 1645: Oral History: Downtown Hartwell, Response: {'data': {'create_item': {'id': '9058984228'}}}
No deliverable files to upload for project: Oral History: Downtown Hartwell
Created item 1646: Organizational Assessment of Sandersville DDA and Merchant's Association, Response: {'data': {'create_item': {'id': '9058984289'}}}
No deliverable files to upload for project: Organizational Assessment of Sandersville DDA and Merchant's Association
Created item 1647: Our Children's Village- Website Advice, Response: {'data': {'create_item': {'id': '9058984347'}}}
No deliverable files to upload for project: Our Children's Village- Website Advice
Created item 1648: Outdoor Classroom, Response: {'data': {'create_item': {'id': '9058984398'}}}
Upload complete for Outdoor Classroom: 8 files uploaded
Created item 1649: Over/Under Study, Response: {'data': {'create_item': {'id': '9058985920'}}}
No deliverable files to upload for project: Over/Under Study
Created item 1650: Over/Under Study, Response: {'data': {'create_item': {'id': '9058986020'}}}
Upload complete for Over/Under Study: 2 files uploaded
Created item 1651: Over/Under Supply Study, Response: {'data': {'create_item': {'id': '9058986483'}}}
No deliverable files to upload for project: Over/Under Supply Study
Created item 1652: Over/Under Supply Study, Response: {'data': {'create_item': {'id': '9058986646'}}}
No deliverable files to upload for project: Over/Under Supply Study
Created item 1653: Over/Under Supply Study, Response: {'data': {'create_item': {'id': '9058986761'}}}
Upload complete for Over/Under Supply Study: 1 files uploaded
Created item 1654: Page Design: Arts as Economic Development, Response: {'data': {'create_item': {'id': '9058987284'}}}
Upload complete for Page Design: Arts as Economic Development: 27 files uploaded
Created item 1655: Pam Stewart Cancer Foundation Rack Card, Response: {'data': {'create_item': {'id': '9058996561'}}}
No deliverable files to upload for project: Pam Stewart Cancer Foundation Rack Card
Created item 1656: Pandemic Mental Health Assistance, Response: {'data': {'create_item': {'id': '9058996786'}}}
Upload complete for Pandemic Mental Health Assistance: 1 files uploaded
Created item 1657: Panel discussion on strengthening the family structure (to identify resources and strategies to approach related issues), Response: {'data': {'create_item': {'id': '9058997563'}}}
No deliverable files to upload for project: Panel discussion on strengthening the family structure (to identify resources and strategies to approach related issues)
Created item 1658: Parent Perceptions of Pre-K Education in Hart County, Response: {'data': {'create_item': {'id': '9058997688'}}}
No deliverable files to upload for project: Parent Perceptions of Pre-K Education in Hart County
Created item 1659: Parental Involvement Seminar for Young Women, Response: {'data': {'create_item': {'id': '9058997809'}}}
No deliverable files to upload for project: Parental Involvement Seminar for Young Women
Created item 1660: Park Design, Response: {'data': {'create_item': {'id': '9058997903'}}}
Upload complete for Park Design: 1 files uploaded
Created item 1661: Parks and Rec Dept. Survey - usage and economic impact of facilities, Response: {'data': {'create_item': {'id': '9058998110'}}}
Upload complete for Parks and Rec Dept. Survey - usage and economic impact of facilities: 1 files uploaded
Created item 1662: Parks and Rec SPLOST Renderings, Response: {'data': {'create_item': {'id': '9058998309'}}}
Upload complete for Parks and Rec SPLOST Renderings: 2 files uploaded
Created item 1663: Parks and Recreation PDF, Response: {'data': {'create_item': {'id': '9058998719'}}}
Upload complete for Parks and Recreation PDF: 1 files uploaded
Created item 1664: Pathways to the Future Calendar, Response: {'data': {'create_item': {'id': '9058998986'}}}
Upload complete for Pathways to the Future Calendar: 2 files uploaded
Created item 1665: Patient Appointment Scheduling Assessment for Southwest Georgia Public Health District, Response: {'data': {'create_item': {'id': '9058999704'}}}
No deliverable files to upload for project: Patient Appointment Scheduling Assessment for Southwest Georgia Public Health District
Created item 1666: PCOM Top Health Issues Handout, Response: {'data': {'create_item': {'id': '9058999816'}}}
No deliverable files to upload for project: PCOM Top Health Issues Handout
Created item 1667: Peaches to the Beaches Snapchat Geofilters, Response: {'data': {'create_item': {'id': '9058999941'}}}
Upload complete for Peaches to the Beaches Snapchat Geofilters: 12 files uploaded
Created item 1668: Peer Court Development, Response: {'data': {'create_item': {'id': '9059003354'}}}
No deliverable files to upload for project: Peer Court Development
Created item 1669: Pending Community Funding Crisis Planning Facilitation (Fanning), Response: {'data': {'create_item': {'id': '9059003523'}}}
No deliverable files to upload for project: Pending Community Funding Crisis Planning Facilitation (Fanning)
Created item 1670: Performing Arts Center Community Assessment & Comparative Analysis, Response: {'data': {'create_item': {'id': '9059003625'}}}
No deliverable files to upload for project: Performing Arts Center Community Assessment & Comparative Analysis
Created item 1671: Personnel Information Technology Internship, Response: {'data': {'create_item': {'id': '9059003691'}}}
No deliverable files to upload for project: Personnel Information Technology Internship
Created item 1672: Personnel Policy Update for Tennille, Response: {'data': {'create_item': {'id': '9059003765'}}}
No deliverable files to upload for project: Personnel Policy Update for Tennille
Created item 1673: PFAS Testing for City of Hartwell, Response: {'data': {'create_item': {'id': '9059003821'}}}
Upload complete for PFAS Testing for City of Hartwell: 1 files uploaded
Created item 1674: Pharmacy Research: Intervention for Preventing Hospital Re-admittance, Response: {'data': {'create_item': {'id': '9059004121'}}}
Upload complete for Pharmacy Research: Intervention for Preventing Hospital Re-admittance: 1 files uploaded
Created item 1675: Phase II: Adult Workforce Transportation Study, Response: {'data': {'create_item': {'id': '9059004369'}}}
Upload complete for Phase II: Adult Workforce Transportation Study: 3 files uploaded
Created item 1676: Phase II: Attracting and Retaining Young People and Retirees, Response: {'data': {'create_item': {'id': '9059004893'}}}
Upload complete for Phase II: Attracting and Retaining Young People and Retirees: 2 files uploaded
Created item 1677: Phase II: Bernice Brown Park Design, Response: {'data': {'create_item': {'id': '9059005460'}}}
Upload complete for Phase II: Bernice Brown Park Design: 1 files uploaded
Created item 1678: Phase II: Carver Road Park Redesign, Response: {'data': {'create_item': {'id': '9059005776'}}}
Upload complete for Phase II: Carver Road Park Redesign: 4 files uploaded
Created item 1679: Phase II: Downtown Gym Landscape Design, Response: {'data': {'create_item': {'id': '9059006654'}}}
Upload complete for Phase II: Downtown Gym Landscape Design: 1 files uploaded
Created item 1680: Phase II: Economic Impact/Project Process Planning, Response: {'data': {'create_item': {'id': '9059006850'}}}
Upload complete for Phase II: Economic Impact/Project Process Planning: 4 files uploaded
Created item 1681: Phase II: Exit 172- Sign and Landscape Design, Response: {'data': {'create_item': {'id': '9059007938'}}}
Upload complete for Phase II: Exit 172- Sign and Landscape Design: 10 files uploaded
Created item 1682: Phase II: Thomson Family Y Landscape Design, Response: {'data': {'create_item': {'id': '9059010996'}}}
Upload complete for Phase II: Thomson Family Y Landscape Design: 1 files uploaded
Created item 1683: Phase III: Downtown Gym Landscape Design, Response: {'data': {'create_item': {'id': '9059012078'}}}
Upload complete for Phase III: Downtown Gym Landscape Design: 1 files uploaded
Created item 1684: Phoebe Sumter Medical Center 2016 CHNA Assistance, Response: {'data': {'create_item': {'id': '9059012818'}}}
No deliverable files to upload for project: Phoebe Sumter Medical Center 2016 CHNA Assistance
Created item 1685: Photo Collage for Airport Kiosk, Response: {'data': {'create_item': {'id': '9059013159'}}}
Upload complete for Photo Collage for Airport Kiosk: 1 files uploaded
Created item 1686: Photo Shoot Backdrop, Response: {'data': {'create_item': {'id': '9059017519'}}}
No deliverable files to upload for project: Photo Shoot Backdrop
Created item 1687: Photographic Study of (Carpet) Industry in Dalton, Response: {'data': {'create_item': {'id': '9059017634'}}}
Upload complete for Photographic Study of (Carpet) Industry in Dalton: 15 files uploaded
Created item 1688: Photography Assets, Response: {'data': {'create_item': {'id': '9059023738'}}}
Upload complete for Photography Assets: 1 files uploaded
Created item 1689: Photography for City of Morrow, Response: {'data': {'create_item': {'id': '9059024000'}}}
Erorr uploading Photography for City of Morrow: Files not found

Created item 1690: Photography Work, Response: {'data': {'create_item': {'id': '9059030996'}}}
No deliverable files to upload for project: Photography Work
Created item 1691: Photography Work, Response: {'data': {'create_item': {'id': '9059031095'}}}
Upload complete for Photography Work: 15 files uploaded
Created item 1692: Photography Work for Forest Park, Response: {'data': {'create_item': {'id': '9059042952'}}}
No deliverable files to upload for project: Photography Work for Forest Park
Created item 1693: Photography work for Lovejoy, Response: {'data': {'create_item': {'id': '9059043035'}}}
Erorr uploading Photography work for Lovejoy: Files not found

Created item 1694: Photos for Deacons and Stewards, Response: {'data': {'create_item': {'id': '9059051189'}}}
Upload complete for Photos for Deacons and Stewards: 10 files uploaded
Created item 1695: Photos for the Public Image Committee with the Film Industry, Response: {'data': {'create_item': {'id': '9059054612'}}}
No deliverable files to upload for project: Photos for the Public Image Committee with the Film Industry
Created item 1696: Photos in community, Response: {'data': {'create_item': {'id': '9059054680'}}}
No deliverable files to upload for project: Photos in community
Created item 1697: Photos of County Employees, Phase 2, Response: {'data': {'create_item': {'id': '9059054745'}}}
Upload complete for Photos of County Employees, Phase 2: 31 files uploaded
Created item 1698: Physician Recruitment Packet, Response: {'data': {'create_item': {'id': '9059085198'}}}
Upload complete for Physician Recruitment Packet: 1 files uploaded
Created item 1699: PICC Excellence Inc. Mural, Response: {'data': {'create_item': {'id': '9059086276'}}}
Upload complete for PICC Excellence Inc. Mural: 4 files uploaded
Created item 1700: Pickle Ball Court Designs Behind City Hall, Response: {'data': {'create_item': {'id': '9059093380'}}}
Upload complete for Pickle Ball Court Designs Behind City Hall: 2 files uploaded
Created item 1701: Pickleball Court Design for Pulaski County Rec Department, Response: {'data': {'create_item': {'id': '9059094498'}}}
Upload complete for Pickleball Court Design for Pulaski County Rec Department: 2 files uploaded