Logging started at 2025-04-28 16:00:35.350213. Log file: logs\monday_upload_20250428_160035.log
Created item 602: Crowdfunding Report, Response: {'data': {'create_item': {'id': '9024167608'}}}
Upload complete for Crowdfunding Report: 1 files uploaded
Created item 603: Crown Mill Village, Response: {'data': {'create_item': {'id': '9024167942'}}}
Upload complete for Crown Mill Village: 2 files uploaded
Created item 604: Cultural and Social Assessment/Survey, Response: {'data': {'create_item': {'id': '9024168473'}}}
No deliverable files to upload for project: Cultural and Social Assessment/Survey
Created item 605: Cultural Humility Training Development, Response: {'data': {'create_item': {'id': '9024168573'}}}
No deliverable files to upload for project: Cultural Humility Training Development
Created item 606: Culvert Redesign, Response: {'data': {'create_item': {'id': '9024168692'}}}
Upload complete for Culvert Redesign: 3 files uploaded
Created item 607: Customer Service Training, Response: {'data': {'create_item': {'id': '9024170021'}}}
Upload complete for Customer Service Training: 4 files uploaded
Created item 608: Customer Service Training Survey, Response: {'data': {'create_item': {'id': '9024171868'}}}
No deliverable files to upload for project: Customer Service Training Survey
Created item 609: CyberArch, Response: {'data': {'create_item': {'id': '9024172018'}}}
No deliverable files to upload for project: CyberArch
Created item 610: CyberArch - City of Griffin, Response: {'data': {'create_item': {'id': '9024172196'}}}
No deliverable files to upload for project: CyberArch - City of Griffin
Created item 611: CyberArch Initiative, Response: {'data': {'create_item': {'id': '9024172374'}}}
Upload complete for CyberArch Initiative: 8 files uploaded
Created item 612: CYBERARCH- WC School District, Response: {'data': {'create_item': {'id': '9024174513'}}}
No deliverable files to upload for project: CYBERARCH- WC School District
Created item 613: CYBERARCH- WC School District, Response: {'data': {'create_item': {'id': '9024174618'}}}
No deliverable files to upload for project: CYBERARCH- WC School District
Created item 614: CyberArch: Cyber Security Summit II, Response: {'data': {'create_item': {'id': '9024174714'}}}
Upload complete for CyberArch: Cyber Security Summit II: 1 files uploaded
Created item 615: Dalton Parks and Recreation Department Intern, Response: {'data': {'create_item': {'id': '9024175028'}}}
Upload complete for Dalton Parks and Recreation Department Intern: 1 files uploaded
Created item 616: Dalton State - Identify what community expects from college grads, Response: {'data': {'create_item': {'id': '9024175493'}}}
No deliverable files to upload for project: Dalton State - Identify what community expects from college grads
Created item 617: Dalton State Business Outreach, Response: {'data': {'create_item': {'id': '9024175759'}}}
No deliverable files to upload for project: Dalton State Business Outreach
Created item 618: Dalton State College Proposal to Partner with Archway, Response: {'data': {'create_item': {'id': '9024175883'}}}
No deliverable files to upload for project: Dalton State College Proposal to Partner with Archway
Created item 619: Dalton Utilities (Stormwater Treatment), Response: {'data': {'create_item': {'id': '9024175990'}}}
Upload complete for Dalton Utilities (Stormwater Treatment): 8 files uploaded
Created item 620: Dalton Utilities Stream Bank Restoration, Response: {'data': {'create_item': {'id': '9024179848'}}}
No deliverable files to upload for project: Dalton Utilities Stream Bank Restoration
Created item 621: Dalton Utilities Stream Restoration project, Response: {'data': {'create_item': {'id': '9024180016'}}}
Upload complete for Dalton Utilities Stream Restoration project: 1 files uploaded
Created item 622: Dalton/Whitfield Community Visioning, Response: {'data': {'create_item': {'id': '9024180514'}}}
Upload complete for Dalton/Whitfield Community Visioning: 1 files uploaded
Created item 623: DAWC / Archway Partnership handout, Response: {'data': {'create_item': {'id': '9024181134'}}}
Upload complete for DAWC / Archway Partnership handout: 1 files uploaded
Created item 624: Dawgs Descend on Downtown Hartwell Terry Service Trip, Response: {'data': {'create_item': {'id': '9024181601'}}}
No deliverable files to upload for project: Dawgs Descend on Downtown Hartwell Terry Service Trip
Created item 625: Daycare Grants/Funding Research, Response: {'data': {'create_item': {'id': '9024181757'}}}
Upload complete for Daycare Grants/Funding Research: 1 files uploaded
Created item 626: DDA - Bluegrass Express Interior Re-Design, Response: {'data': {'create_item': {'id': '9024182085'}}}
No deliverable files to upload for project: DDA - Bluegrass Express Interior Re-Design
Created item 627: DDA Billboard Design, Response: {'data': {'create_item': {'id': '9024182207'}}}
Upload complete for DDA Billboard Design: 4 files uploaded
Created item 628: DDA Website, Response: {'data': {'create_item': {'id': '9024182990'}}}
No deliverable files to upload for project: DDA Website
Created item 629: Dearing Community Center Landscape, Response: {'data': {'create_item': {'id': '9024183099'}}}
Upload complete for Dearing Community Center Landscape: 4 files uploaded
Created item 630: Dearing Inclusive Playground, Response: {'data': {'create_item': {'id': '9024184097'}}}
Upload complete for Dearing Inclusive Playground: 1 files uploaded
Created item 631: Dearing Roundabout Beautification, Response: {'data': {'create_item': {'id': '9024184353'}}}
Upload complete for Dearing Roundabout Beautification: 1 files uploaded
Created item 632: Dearing Skate Park Landscape Design, Response: {'data': {'create_item': {'id': '9024184731'}}}
Upload complete for Dearing Skate Park Landscape Design: 2 files uploaded
Created item 633: Dearing Wastewater Engineering, Response: {'data': {'create_item': {'id': '9024185294'}}}
Upload complete for Dearing Wastewater Engineering: 5 files uploaded
Created item 634: Decal Design for #WeHireLocal, Response: {'data': {'create_item': {'id': '9024186494'}}}
Upload complete for Decal Design for #WeHireLocal: 1 files uploaded
Created item 635: DeLoache Intern House, Response: {'data': {'create_item': {'id': '9024186929'}}}
No deliverable files to upload for project: DeLoache Intern House
Created item 636: Demographic Profile of Washington County, Response: {'data': {'create_item': {'id': '9024187099'}}}
No deliverable files to upload for project: Demographic Profile of Washington County
Created item 637: Demographic Trends, Response: {'data': {'create_item': {'id': '9024187268'}}}
Upload complete for Demographic Trends: 1 files uploaded
Created item 638: Demographics for 0-5 Grant, Response: {'data': {'create_item': {'id': '9024187823'}}}
Upload complete for Demographics for 0-5 Grant: 1 files uploaded
Created item 639: Demographics: Prenatal to Pre-K, Response: {'data': {'create_item': {'id': '9024188334'}}}
Upload complete for Demographics: Prenatal to Pre-K: 5 files uploaded
Created item 640: Demolished/Rehabbed Housing Database, Response: {'data': {'create_item': {'id': '9024189393'}}}
Upload complete for Demolished/Rehabbed Housing Database: 1 files uploaded
Created item 641: Demorest Farmers Market, Response: {'data': {'create_item': {'id': '9024189725'}}}
No deliverable files to upload for project: Demorest Farmers Market
Created item 642: Demorest Grant Project, Response: {'data': {'create_item': {'id': '9024189862'}}}
No deliverable files to upload for project: Demorest Grant Project
Created item 643: Demorest Pedestrian Trails - Ivey Street Walking Trails, Response: {'data': {'create_item': {'id': '9024190160'}}}
Upload complete for Demorest Pedestrian Trails - Ivey Street Walking Trails: 7 files uploaded
Created item 644: Demorest Springs Park Project, Response: {'data': {'create_item': {'id': '9024192802'}}}
Upload complete for Demorest Springs Park Project: 29 files uploaded
Created item 645: Depot Disc Golf Marketing Plan, Response: {'data': {'create_item': {'id': '9024211592'}}}
Upload complete for Depot Disc Golf Marketing Plan: 2 files uploaded
Created item 646: Depot Street Facade Renderings, Response: {'data': {'create_item': {'id': '9024212556'}}}
Upload complete for Depot Street Facade Renderings: 1 files uploaded
Created item 647: Depot Street Mural, Response: {'data': {'create_item': {'id': '9024213400'}}}
Upload complete for Depot Street Mural: 4 files uploaded
Created item 648: Design assistance for display cases at new airport, Response: {'data': {'create_item': {'id': '9024214872'}}}
No deliverable files to upload for project: Design assistance for display cases at new airport
Created item 649: Design charette for hospital, Response: {'data': {'create_item': {'id': '9024214969'}}}
No deliverable files to upload for project: Design charette for hospital
Created item 650: Design Charrette for Moultrie Courthouse Square, Response: {'data': {'create_item': {'id': '9024215078'}}}
No deliverable files to upload for project: Design Charrette for Moultrie Courthouse Square
Created item 651: Design of Tennille City Park, Response: {'data': {'create_item': {'id': '9024215184'}}}
No deliverable files to upload for project: Design of Tennille City Park
Created item 652: Design/Landscape Glynn, Response: {'data': {'create_item': {'id': '9024215308'}}}
No deliverable files to upload for project: Design/Landscape Glynn
Created item 653: Developer's Guide/Physician Recruitment Packet, Response: {'data': {'create_item': {'id': '9024215435'}}}
No deliverable files to upload for project: Developer's Guide/Physician Recruitment Packet
Created item 654: Development Authority Parcel Assessment, Response: {'data': {'create_item': {'id': '9024215568'}}}
Upload complete for Development Authority Parcel Assessment: 2 files uploaded
Created item 655: Development Authority Training, Response: {'data': {'create_item': {'id': '9024216228'}}}
No deliverable files to upload for project: Development Authority Training
Created item 656: Development of Colquitt County Arts Center Sustainable Business Plan, Response: {'data': {'create_item': {'id': '9024216334'}}}
Upload complete for Development of Colquitt County Arts Center Sustainable Business Plan: 1 files uploaded
Created item 657: Development Standards Analysis, Response: {'data': {'create_item': {'id': '9024216683'}}}
No deliverable files to upload for project: Development Standards Analysis
Created item 658: Dietary and Physical Activity Study, Response: {'data': {'create_item': {'id': '9024216833'}}}
No deliverable files to upload for project: Dietary and Physical Activity Study
Created item 659: Digital Storytelling Course Collaboration (Hart County), Response: {'data': {'create_item': {'id': '9024216941'}}}
No deliverable files to upload for project: Digital Storytelling Course Collaboration (Hart County)
Created item 660: Directional Signage at Elberton Highway Recreation Complex, Response: {'data': {'create_item': {'id': '9024217110'}}}
No deliverable files to upload for project: Directional Signage at Elberton Highway Recreation Complex
Created item 661: Directional Signage Review, Response: {'data': {'create_item': {'id': '9024217355'}}}
Upload complete for Directional Signage Review: 1 files uploaded
Created item 662: Disaster Recovery Plan for Clayton County Board of Health, Response: {'data': {'create_item': {'id': '9024218203'}}}
No deliverable files to upload for project: Disaster Recovery Plan for Clayton County Board of Health
Created item 663: Disaster Recovery Plan for Moultrie/Colquitt County, Response: {'data': {'create_item': {'id': '9024218454'}}}
No deliverable files to upload for project: Disaster Recovery Plan for Moultrie/Colquitt County
Created item 664: Documenting an Archway Start-Up: Habersham County, Response: {'data': {'create_item': {'id': '9024218691'}}}
Upload complete for Documenting an Archway Start-Up: Habersham County: 1 files uploaded
Created item 665: Dog Park Design, Response: {'data': {'create_item': {'id': '9024219341'}}}
Upload complete for Dog Park Design: 2 files uploaded
Created item 666: Down Payment Assistance Brochure, Response: {'data': {'create_item': {'id': '9024221949'}}}
Upload complete for Down Payment Assistance Brochure: 1 files uploaded
Created item 667: Downtown Business and Building Inventory, Response: {'data': {'create_item': {'id': '9024222287'}}}
No deliverable files to upload for project: Downtown Business and Building Inventory
Created item 668: Downtown Cairo Mural Design Project at the Foundry Building, Response: {'data': {'create_item': {'id': '9024222397'}}}
Upload complete for Downtown Cairo Mural Design Project at the Foundry Building: 6 files uploaded
Created item 669: Downtown Cairo Mural Design Project on the Center Drugs Building, Response: {'data': {'create_item': {'id': '9024224386'}}}
Upload complete for Downtown Cairo Mural Design Project on the Center Drugs Building: 3 files uploaded
Created item 670: Downtown Cairo Murals Evaluation, Response: {'data': {'create_item': {'id': '9024225796'}}}
No deliverable files to upload for project: Downtown Cairo Murals Evaluation
Created item 671: Downtown Cairo Retail Analysis, Response: {'data': {'create_item': {'id': '9024226035'}}}
Upload complete for Downtown Cairo Retail Analysis: 2 files uploaded
Created item 672: Downtown Cairo Walking Route, Response: {'data': {'create_item': {'id': '9024227593'}}}
Upload complete for Downtown Cairo Walking Route: 2 files uploaded
Created item 673: Downtown Cornelia Historic Designation Project, Response: {'data': {'create_item': {'id': '9024228810'}}}
No deliverable files to upload for project: Downtown Cornelia Historic Designation Project
Created item 674: Downtown design guidelines for trashcans, Tennille, Response: {'data': {'create_item': {'id': '9024228907'}}}
No deliverable files to upload for project: Downtown design guidelines for trashcans, Tennille
Created item 675: Downtown Development Board Formation & Training, Response: {'data': {'create_item': {'id': '9024229010'}}}
No deliverable files to upload for project: Downtown Development Board Formation & Training
Created item 676: Downtown Facades redesign, Response: {'data': {'create_item': {'id': '9024229218'}}}
No deliverable files to upload for project: Downtown Facades redesign
Created item 677: Downtown Griffin Mural: Janet Harmon Welcome Wall, Response: {'data': {'create_item': {'id': '9024229416'}}}
Upload complete for Downtown Griffin Mural: Janet Harmon Welcome Wall: 3 files uploaded
Created item 678: Downtown Gym Landscape Design, Response: {'data': {'create_item': {'id': '9024232382'}}}
Upload complete for Downtown Gym Landscape Design: 1 files uploaded
Created item 679: Downtown Hartwell Streetscape Design, Response: {'data': {'create_item': {'id': '9024232861'}}}
Upload complete for Downtown Hartwell Streetscape Design: 3 files uploaded
Created item 680: Downtown Hawkinsville Merchandising initiative, Response: {'data': {'create_item': {'id': '9024235154'}}}
No deliverable files to upload for project: Downtown Hawkinsville Merchandising initiative
Created item 681: Downtown Historic Building Revitalization Options, Response: {'data': {'create_item': {'id': '9024235328'}}}
Upload complete for Downtown Historic Building Revitalization Options: 1 files uploaded
Created item 682: Downtown Historic Walking Trail (Historical Walking Tour), Response: {'data': {'create_item': {'id': '9024235709'}}}
Upload complete for Downtown Historic Walking Trail (Historical Walking Tour): 1 files uploaded
Created item 683: Downtown Island Designs, Response: {'data': {'create_item': {'id': '9024236078'}}}
Upload complete for Downtown Island Designs: 2 files uploaded
Created item 684: Downtown Master Landscape Plan, Response: {'data': {'create_item': {'id': '9024236780'}}}
No deliverable files to upload for project: Downtown Master Landscape Plan
Created item 685: Downtown Merchants logo, Response: {'data': {'create_item': {'id': '9024236912'}}}
Upload complete for Downtown Merchants logo: 22 files uploaded
Created item 686: Downtown Moultrie Greenspace Plan, Response: {'data': {'create_item': {'id': '9024252422'}}}
Upload complete for Downtown Moultrie Greenspace Plan: 1 files uploaded
Created item 687: Downtown Moultrie Landscape Enhancement Design, Response: {'data': {'create_item': {'id': '9024252939'}}}
Upload complete for Downtown Moultrie Landscape Enhancement Design: 2 files uploaded
Created item 688: Downtown Park Engineering, Response: {'data': {'create_item': {'id': '9024253836'}}}
Upload complete for Downtown Park Engineering: 2 files uploaded
Created item 689: Downtown Photography - Now and Then, Response: {'data': {'create_item': {'id': '9024254479'}}}
No deliverable files to upload for project: Downtown Photography - Now and Then
Created item 690: Downtown Rennaissance Strategic Vision Plan - Business Development Study for Downtown Development, Response: {'data': {'create_item': {'id': '9024254575'}}}
Erorr uploading files Downtown Rennaissance Strategic Vision Plan - Business Development Study for Downtown Development: Files not found