Logging started at 2025-04-28 15:19:28.843666. Log file: logs\monday_upload_20250428_151928.log
Created item 470: Community Center Project, Response: {'data': {'create_item': {'id': '9023662616'}}}
No deliverable files to upload for project: Community Center Project
Created item 471: Community Comparison Report for Metter/Candler IDA, Response: {'data': {'create_item': {'id': '9023662725'}}}
Upload complete for Community Comparison Report for Metter/Candler IDA: 2 files uploaded
Created item 472: Community Conversations Flyer, Response: {'data': {'create_item': {'id': '9023663489'}}}
Upload complete for Community Conversations Flyer: 1 files uploaded
Created item 473: Community Created Zoning Ordinances for Colquitt Co. Board of Commissioners, Response: {'data': {'create_item': {'id': '9023663893'}}}
No deliverable files to upload for project: Community Created Zoning Ordinances for Colquitt Co. Board of Commissioners
Created item 474: Community Development Video Script Development, Response: {'data': {'create_item': {'id': '9023664043'}}}
No deliverable files to upload for project: Community Development Video Script Development
Created item 475: Community Diagnostics and Social Impact Study, Response: {'data': {'create_item': {'id': '9023664194'}}}
Upload complete for Community Diagnostics and Social Impact Study: 3 files uploaded
Created item 476: Community Econ Development Video, Response: {'data': {'create_item': {'id': '9023665936'}}}
No deliverable files to upload for project: Community Econ Development Video
Created item 477: Community Engagement Surrounding Civil Rights Issues, Response: {'data': {'create_item': {'id': '9023666202'}}}
Upload complete for Community Engagement Surrounding Civil Rights Issues: 1 files uploaded
Created item 478: Community Entranceways Enhancement Projects, Response: {'data': {'create_item': {'id': '9023666655'}}}
No deliverable files to upload for project: Community Entranceways Enhancement Projects
Created item 479: Community Garden Design in Morrow, Response: {'data': {'create_item': {'id': '9023666791'}}}
No deliverable files to upload for project: Community Garden Design in Morrow
Created item 480: Community Garden Improvements (Matt combined this project with CL-117), Response: {'data': {'create_item': {'id': '9023666917'}}}
No deliverable files to upload for project: Community Garden Improvements (Matt combined this project with CL-117)
Created item 481: Community Health & Wellness Directory - Graphic Design, Response: {'data': {'create_item': {'id': '9023667121'}}}
Upload complete for Community Health & Wellness Directory - Graphic Design: 2 files uploaded
Created item 482: Community Health Focus Group, Response: {'data': {'create_item': {'id': '9023667699'}}}
Upload complete for Community Health Focus Group: 1 files uploaded
Created item 483: Community Health Needs Assessment, Response: {'data': {'create_item': {'id': '9023667986'}}}
Upload complete for Community Health Needs Assessment: 1 files uploaded
Created item 484: Community Health Needs Assessment, Response: {'data': {'create_item': {'id': '9023668302'}}}
Upload complete for Community Health Needs Assessment: 1 files uploaded
Created item 485: Community Health Needs Assessment, Response: {'data': {'create_item': {'id': '9023668678'}}}
Upload complete for Community Health Needs Assessment: 3 files uploaded
Created item 486: Community Health Needs Assessment, Response: {'data': {'create_item': {'id': '9023669535'}}}
Upload complete for Community Health Needs Assessment: 3 files uploaded
Created item 487: Community Health Needs Assessment Flyer, Response: {'data': {'create_item': {'id': '9023670060'}}}
Upload complete for Community Health Needs Assessment Flyer: 2 files uploaded
Created item 488: Community Healthy Living Index for Colquitt county, Response: {'data': {'create_item': {'id': '9023670639'}}}
No deliverable files to upload for project: Community Healthy Living Index for Colquitt county
Created item 489: Community issues impacting desire to become a 'College Town', Response: {'data': {'create_item': {'id': '9023670788'}}}
No deliverable files to upload for project: Community issues impacting desire to become a 'College Town'
Created item 490: Community issues impacting desire to become a 'College Town', Response: {'data': {'create_item': {'id': '9023670929'}}}
No deliverable files to upload for project: Community issues impacting desire to become a 'College Town'
Created item 491: Community issues impacting desire to become a 'College Town' - Housing issues, Response: {'data': {'create_item': {'id': '9023671051'}}}
No deliverable files to upload for project: Community issues impacting desire to become a 'College Town' - Housing issues
Created item 492: Community Leadership Program Inventory, Response: {'data': {'create_item': {'id': '9023671168'}}}
Upload complete for Community Leadership Program Inventory: 1 files uploaded
Created item 493: Community List of Literacy Initiatives, Response: {'data': {'create_item': {'id': '9023671425'}}}
No deliverable files to upload for project: Community List of Literacy Initiatives
Created item 494: Community Logo, Response: {'data': {'create_item': {'id': '9023671499'}}}
No deliverable files to upload for project: Community Logo
Created item 495: Community Master Calendar, Response: {'data': {'create_item': {'id': '9023671555'}}}
No deliverable files to upload for project: Community Master Calendar
Created item 496: Community Needs Assessment, Response: {'data': {'create_item': {'id': '9023671625'}}}
Upload complete for Community Needs Assessment: 1 files uploaded
Created item 497: Community Newsletter Template, Response: {'data': {'create_item': {'id': '9023671859'}}}
Upload complete for Community Newsletter Template: 1 files uploaded
Created item 498: Community Paramedic Program Education Materials, Response: {'data': {'create_item': {'id': '9023672094'}}}
No deliverable files to upload for project: Community Paramedic Program Education Materials
Created item 499: Community Partner Literacy Initiative List, Response: {'data': {'create_item': {'id': '9023672202'}}}
No deliverable files to upload for project: Community Partner Literacy Initiative List
Created item 500: Community Promotion Booklet Photography, Response: {'data': {'create_item': {'id': '9023672335'}}}
No deliverable files to upload for project: Community Promotion Booklet Photography
Created item 501: Community Public Health Assessment, Response: {'data': {'create_item': {'id': '9023672492'}}}
Upload complete for Community Public Health Assessment: 2 files uploaded
