Logging started at 2025-04-28 12:03:11.360700. Log file: logs\monday_upload_20250428_120311.log
Created item 202: Burke County Service Provision Research Project - Phase 1, Response: {'data': {'create_item': {'id': '9021003092'}}}
No deliverable files to upload for project: Burke County Service Provision Research Project - Phase 1
Created item 203: Burke County Service Provision Research Project - Phase 2, Response: {'data': {'create_item': {'id': '9021003217'}}}
Upload complete for Burke County Service Provision Research Project - Phase 2: 2 files uploaded
Created item 204: Burke Countywide Project Resource Guide, Response: {'data': {'create_item': {'id': '9021003779'}}}
Upload complete for Burke Countywide Project Resource Guide: 1 files uploaded
Created item 205: Burke CyberArch, Response: {'data': {'create_item': {'id': '9021004241'}}}
No deliverable files to upload for project: Burke CyberArch
Created item 206: Burke Farmer's Market Revitalization Study, Response: {'data': {'create_item': {'id': '9021004420'}}}
Upload complete for Burke Farmer's Market Revitalization Study: 4 files uploaded
Created item 207: Burke Housing and Workforce Data Fact Sheet, Response: {'data': {'create_item': {'id': '9021005492'}}}
Upload complete for Burke Housing and Workforce Data Fact Sheet: 1 files uploaded
Created item 208: Burke Housing and Workforce Data Fact Sheet - Update, Response: {'data': {'create_item': {'id': '9021005802'}}}
Upload complete for Burke Housing and Workforce Data Fact Sheet - Update: 2 files uploaded
Created item 209: Burke ILA Museum Relocation and Revitalization Project, Response: {'data': {'create_item': {'id': '9021006319'}}}
Upload complete for Burke ILA Museum Relocation and Revitalization Project: 2 files uploaded
Created item 210: Burke Intergovernmental Collaboration Luncheon - May 2023, Response: {'data': {'create_item': {'id': '9021006844'}}}
No deliverable files to upload for project: Burke Intergovernmental Collaboration Luncheon - May 2023
Created item 211: Burke Intergovernmental Collaboration Luncheon - Spring 2023, Response: {'data': {'create_item': {'id': '9021006952'}}}
No deliverable files to upload for project: Burke Intergovernmental Collaboration Luncheon - Spring 2023
Created item 212: Burke Intergovernmental Collaboration Workshop - Fall 2023, Response: {'data': {'create_item': {'id': '9021007066'}}}
Upload complete for Burke Intergovernmental Collaboration Workshop - Fall 2023: 1 files uploaded
Created item 213: Burke Intergovernmental Workshop, Response: {'data': {'create_item': {'id': '9021007303'}}}
Upload complete for Burke Intergovernmental Workshop: 2 files uploaded
Created item 214: Burke Internship & Career Expo, Response: {'data': {'create_item': {'id': '9021007720'}}}
Upload complete for Burke Internship & Career Expo: 2 files uploaded
Created item 215: Burke Nonprofit Board Research - Center for New Beginnings, Response: {'data': {'create_item': {'id': '9021008380'}}}
Upload complete for Burke Nonprofit Board Research - Center for New Beginnings: 3 files uploaded
Created item 216: Burke PROPEL Rural Scholars Tourism Study, Response: {'data': {'create_item': {'id': '9021009555'}}}
Upload complete for Burke PROPEL Rural Scholars Tourism Study: 3 files uploaded
Created item 217: Burke VITA Tax Research Project with Dr. Erin Towery (Phase 1), Response: {'data': {'create_item': {'id': '9021011111'}}}
Upload complete for Burke VITA Tax Research Project with Dr. Erin Towery (Phase 1): 2 files uploaded
Created item 218: Burke Youth Leadership in Action (YLiA), Response: {'data': {'create_item': {'id': '9021012631'}}}
No deliverable files to upload for project: Burke Youth Leadership in Action (YLiA)
Created item 219: Burke Youth Leadership Train-the-Trainer, Response: {'data': {'create_item': {'id': '9021012789'}}}
Upload complete for Burke Youth Leadership Train-the-Trainer: 2 files uploaded
Created item 220: Burke: City of Waynesboro Housing Assessment Survey, Response: {'data': {'create_item': {'id': '9021013330'}}}
Upload complete for Burke: City of Waynesboro Housing Assessment Survey: 1 files uploaded
Created item 221: Burke: PROPEL Program, Response: {'data': {'create_item': {'id': '9021013667'}}}
No deliverable files to upload for project: Burke: PROPEL Program
Created item 222: Burke: Waynesboro 6th Street Park Redesign, Response: {'data': {'create_item': {'id': '9021013808'}}}
Upload complete for Burke: Waynesboro 6th Street Park Redesign: 3 files uploaded
Created item 223: Burke: Waynesboro/Burke Land Bank Feasibility Study, Response: {'data': {'create_item': {'id': '9021015010'}}}
Upload complete for Burke: Waynesboro/Burke Land Bank Feasibility Study: 2 files uploaded
Created item 224: Bus Stop Shelter and Signage Funding, Response: {'data': {'create_item': {'id': '9021015604'}}}
No deliverable files to upload for project: Bus Stop Shelter and Signage Funding
Created item 225: Business Needs Analysis (Follw-up from 2001 report), Response: {'data': {'create_item': {'id': '9021015816'}}}
No deliverable files to upload for project: Business Needs Analysis (Follw-up from 2001 report)
Created item 226: Business Operating Plan for Sustainability of Sandersville Elementary School (SES), Response: {'data': {'create_item': {'id': '9021015953'}}}
No deliverable files to upload for project: Business Operating Plan for Sustainability of Sandersville Elementary School (SES)
Created item 227: Business research: Bowling Alleys, Response: {'data': {'create_item': {'id': '9021016139'}}}
Upload complete for Business research: Bowling Alleys: 1 files uploaded
Created item 228: C.A. Gray Landscape Design, Response: {'data': {'create_item': {'id': '9021017080'}}}
Upload complete for C.A. Gray Landscape Design: 2 files uploaded
Created item 229: Cairo CCA Mechatronics Pathway Promotion, Response: {'data': {'create_item': {'id': '9021017820'}}}
No deliverable files to upload for project: Cairo CCA Mechatronics Pathway Promotion
Created item 230: Cairo CCA Pathways Banner Design, Response: {'data': {'create_item': {'id': '9021018035'}}}
Upload complete for Cairo CCA Pathways Banner Design: 1 files uploaded
Created item 231: Cairo High CCA Promotional Folder, Response: {'data': {'create_item': {'id': '9021018493'}}}
No deliverable files to upload for project: Cairo High CCA Promotional Folder
Created item 232: Cairo High School Athletic Complex Deisgn, Response: {'data': {'create_item': {'id': '9021018610'}}}
Upload complete for Cairo High School Athletic Complex Deisgn: 6 files uploaded
Created item 233: Cairo High School Leadership Program, Response: {'data': {'create_item': {'id': '9021021645'}}}
Upload complete for Cairo High School Leadership Program: 1 files uploaded
Created item 234: Cairo High School Traffic Pattern Design, Response: {'data': {'create_item': {'id': '9021021927'}}}
No deliverable files to upload for project: Cairo High School Traffic Pattern Design
Created item 235: Cairo Rural Opportunity Zone Application Assistance RSVP 2022, Response: {'data': {'create_item': {'id': '9021022098'}}}
Upload complete for Cairo Rural Opportunity Zone Application Assistance RSVP 2022: 3 files uploaded
Created item 236: Cairo-Grady County Joint Development Authority Engineered Site Plan, Response: {'data': {'create_item': {'id': '9021023298'}}}
Upload complete for Cairo-Grady County Joint Development Authority Engineered Site Plan: 5 files uploaded
Created item 237: Callaway Elementary School Landscape Design, Response: {'data': {'create_item': {'id': '9021026216'}}}
Upload complete for Callaway Elementary School Landscape Design: 2 files uploaded
Created item 238: CANCELLED Flyer for Hawkinsville Food & Beverage Establishment Charrette, Response: {'data': {'create_item': {'id': '9021027068'}}}
No deliverable files to upload for project: CANCELLED Flyer for Hawkinsville Food & Beverage Establishment Charrette
Created item 239: Candler County Community Branding & Signage, Response: {'data': {'create_item': {'id': '9021027203'}}}
Upload complete for Candler County Community Branding & Signage: 8 files uploaded
Created item 240: Candler County Employee Job Description & Wage Study, Response: {'data': {'create_item': {'id': '9021029026'}}}
Upload complete for Candler County Employee Job Description & Wage Study: 5 files uploaded
Created item 241: Candler County Hospital Video, Response: {'data': {'create_item': {'id': '9021030545'}}}
Upload complete for Candler County Hospital Video: 3 files uploaded
Created item 242: Candler County Listening Session, Response: {'data': {'create_item': {'id': '9021032464'}}}
Upload complete for Candler County Listening Session: 21 files uploaded
Created item 243: Candler County Recycling Analysis, Response: {'data': {'create_item': {'id': '9021039108'}}}
Upload complete for Candler County Recycling Analysis: 2 files uploaded
Created item 244: Candler County West Side Drainage, Response: {'data': {'create_item': {'id': '9021039746'}}}
Upload complete for Candler County West Side Drainage: 2 files uploaded
Created item 245: Candler Making The Shade Grant, Response: {'data': {'create_item': {'id': '9021040753'}}}
Upload complete for Candler Making The Shade Grant: 4 files uploaded
Created item 246: Candler Recreation Advisory Council By Laws, Response: {'data': {'create_item': {'id': '9021042370'}}}
Upload complete for Candler Recreation Advisory Council By Laws: 6 files uploaded
Created item 247: Caney Branch Engineering Improvements, Response: {'data': {'create_item': {'id': '9021043684'}}}
Upload complete for Caney Branch Engineering Improvements: 2 files uploaded
Created item 248: Capstone Graduation Project, Response: {'data': {'create_item': {'id': '9021044600'}}}
Upload complete for Capstone Graduation Project: 1 files uploaded
Created item 249: Carbondale Business Park, Response: {'data': {'create_item': {'id': '9021044912'}}}
Upload complete for Carbondale Business Park: 1 files uploaded
Created item 250: CARE Initiative - Alzheimer's & Dementia Research, Response: {'data': {'create_item': {'id': '9021045440'}}}
No deliverable files to upload for project: CARE Initiative - Alzheimer's & Dementia Research
Created item 251: Carver Road Park, Response: {'data': {'create_item': {'id': '9021045567'}}}
Upload complete for Carver Road Park: 1 files uploaded
Created item 252: Case Design, Response: {'data': {'create_item': {'id': '9021046373'}}}
Upload complete for Case Design: 5 files uploaded
Created item 253: CCA Marketing Plan, Response: {'data': {'create_item': {'id': '9021047869'}}}
Erorr uploading files CCA Marketing Plan: Files not found